{"numFailedTestSuites":0,"numFailedTests":0,"numPassedTestSuites":11,"numPassedTests":86,"numPendingTestSuites":0,"numPendingTests":0,"numRuntimeErrorTestSuites":0,"numTodoTests":0,"numTotalTestSuites":11,"numTotalTests":86,"openHandles":[],"snapshot":{"added":0,"didUpdate":false,"failure":false,"filesAdded":0,"filesRemoved":0,"filesRemovedList":[],"filesUnmatched":0,"filesUpdated":0,"matched":0,"total":0,"unchecked":0,"uncheckedKeysByFile":[],"unmatched":0,"updated":0},"startTime":1773739646227,"success":true,"testResults":[{"assertionResults":[{"ancestorTitles":["listenMenue"],"duration":4,"failing":false,"failureDetails":[],"failureMessages":[],"fullName":"listenMenue renders title and options and returns null when user selects Zurueck","invocations":1,"location":null,"numPassingAsserts":8,"retryReasons":[],"startAt":1773739646599,"status":"passed","title":"renders title and options and returns null when user selects Zurueck"},{"ancestorTitles":["listenMenue"],"duration":1,"failing":false,"failureDetails":[],"failureMessages":[],"fullName":"listenMenue returns edited recipe when selected action returns non-null","invocations":1,"location":null,"numPassingAsserts":3,"retryReasons":[],"startAt":1773739646604,"status":"passed","title":"returns edited recipe when selected action returns non-null"},{"ancestorTitles":["listenMenue"],"duration":1,"failing":false,"failureDetails":[],"failureMessages":[],"fullName":"listenMenue loops, rerenders the menu, and returns a later action result after a null action","invocations":1,"location":null,"numPassingAsserts":6,"retryReasons":[],"startAt":1773739646607,"status":"passed","title":"loops, rerenders the menu, and returns a later action result after a null action"}],"endTime":1773739646609,"message":"","name":"C:\\Users\\Jannik\\Documents\\Kochrezepte\\ProjektKochrezepte\\tests\\listenMenue.test.js","startTime":1773739646314,"status":"passed","summary":""},{"assertionResults":[{"ancestorTitles":["anzeige","holeKategorien"],"duration":10,"failing":false,"failureDetails":[],"failureMessages":[],"fullName":"anzeige holeKategorien normalisiert Kategorien, entfernt ungueltige Eintraege und dedupliziert case-insensitive ueber mehrere Rezepte","invocations":1,"location":null,"numPassingAsserts":1,"retryReasons":[],"startAt":1773739646712,"status":"passed","title":"normalisiert Kategorien, entfernt ungueltige Eintraege und dedupliziert case-insensitive ueber mehrere Rezepte"},{"ancestorTitles":["anzeige","holeKategorien"],"duration":0,"failing":false,"failureDetails":[],"failureMessages":[],"fullName":"anzeige holeKategorien sortiert Kategorien mit deutscher Locale und behaelt die erste Schreibweise pro Kategorie","invocations":1,"location":null,"numPassingAsserts":1,"retryReasons":[],"startAt":1773739646724,"status":"passed","title":"sortiert Kategorien mit deutscher Locale und behaelt die erste Schreibweise pro Kategorie"},{"ancestorTitles":["anzeige","holeKategorien"],"duration":1,"failing":false,"failureDetails":[],"failureMessages":[],"fullName":"anzeige holeKategorien gibt ein leeres Array zurueck wenn keine verwertbaren Kategorien vorhanden sind","invocations":1,"location":null,"numPassingAsserts":1,"retryReasons":[],"startAt":1773739646725,"status":"passed","title":"gibt ein leeres Array zurueck wenn keine verwertbaren Kategorien vorhanden sind"},{"ancestorTitles":["anzeige","holeKategorien"],"duration":0,"failing":false,"failureDetails":[],"failureMessages":[],"fullName":"anzeige holeKategorien gibt fuer eine leere Rezeptliste ebenfalls ein leeres Array zurueck","invocations":1,"location":null,"numPassingAsserts":1,"retryReasons":[],"startAt":1773739646727,"status":"passed","title":"gibt fuer eine leere Rezeptliste ebenfalls ein leeres Array zurueck"},{"ancestorTitles":["anzeige","zeigeZutatenListe"],"duration":1,"failing":false,"failureDetails":[],"failureMessages":[],"fullName":"anzeige zeigeZutatenListe gibt Ueberschrift und nummerierte Zutaten in Reihenfolge aus","invocations":1,"location":null,"numPassingAsserts":1,"retryReasons":[],"startAt":1773739646728,"status":"passed","title":"gibt Ueberschrift und nummerierte Zutaten in Reihenfolge aus"},{"ancestorTitles":["anzeige","zeigeZutatenListe"],"duration":0,"failing":false,"failureDetails":[],"failureMessages":[],"fullName":"anzeige zeigeZutatenListe gibt bei fehlenden oder leeren Zutaten nur die Ueberschrift aus","invocations":1,"location":null,"numPassingAsserts":1,"retryReasons":[],"startAt":1773739646730,"status":"passed","title":"gibt bei fehlenden oder leeren Zutaten nur die Ueberschrift aus"},{"ancestorTitles":["anzeige","zeigeArbeitsschritteListe"],"duration":0,"failing":false,"failureDetails":[],"failureMessages":[],"fullName":"anzeige zeigeArbeitsschritteListe gibt Ueberschrift und nummerierte Arbeitsschritte aus","invocations":1,"location":null,"numPassingAsserts":1,"retryReasons":[],"startAt":1773739646731,"status":"passed","title":"gibt Ueberschrift und nummerierte Arbeitsschritte aus"},{"ancestorTitles":["anzeige","zeigeArbeitsschritteListe"],"duration":0,"failing":false,"failureDetails":[],"failureMessages":[],"fullName":"anzeige zeigeArbeitsschritteListe gibt bei fehlenden oder leeren Arbeitsschritten nur die Ueberschrift aus","invocations":1,"location":null,"numPassingAsserts":1,"retryReasons":[],"startAt":1773739646732,"status":"passed","title":"gibt bei fehlenden oder leeren Arbeitsschritten nur die Ueberschrift aus"},{"ancestorTitles":["anzeige","zeigeRezeptDetails"],"duration":1,"failing":false,"failureDetails":[],"failureMessages":[],"fullName":"anzeige zeigeRezeptDetails leert die Konsole und gibt eine vollstaendige Detailansicht aus","invocations":1,"location":null,"numPassingAsserts":2,"retryReasons":[],"startAt":1773739646733,"status":"passed","title":"leert die Konsole und gibt eine vollstaendige Detailansicht aus"},{"ancestorTitles":["anzeige","zeigeRezeptDetails"],"duration":1,"failing":false,"failureDetails":[],"failureMessages":[],"fullName":"anzeige zeigeRezeptDetails verwendet Platzhalter fuer fehlende optionale Felder und zeigt leere Bereiche stabil an","invocations":1,"location":null,"numPassingAsserts":2,"retryReasons":[],"startAt":1773739646734,"status":"passed","title":"verwendet Platzhalter fuer fehlende optionale Felder und zeigt leere Bereiche stabil an"}],"endTime":1773739646736,"message":"","name":"C:\\Users\\Jannik\\Documents\\Kochrezepte\\ProjektKochrezepte\\tests\\anzeige.test.js","startTime":1773739646619,"status":"passed","summary":""},{"assertionResults":[{"ancestorTitles":["eingabe.js","leereKonsole"],"duration":2,"failing":false,"failureDetails":[],"failureMessages":[],"fullName":"eingabe.js leereKonsole schreibt ANSI-Clear-Escape-Code auf stdout","invocations":1,"location":null,"numPassingAsserts":1,"retryReasons":[],"startAt":1773739646820,"status":"passed","title":"schreibt ANSI-Clear-Escape-Code auf stdout"},{"ancestorTitles":["eingabe.js","istInputGeschlossenFehler"],"duration":1,"failing":false,"failureDetails":[],"failureMessages":[],"fullName":"eingabe.js istInputGeschlossenFehler gibt true zurück für INPUT_GESCHLOSSEN-Fehler","invocations":1,"location":null,"numPassingAsserts":1,"retryReasons":[],"startAt":1773739646823,"status":"passed","title":"gibt true zurück für INPUT_GESCHLOSSEN-Fehler"},{"ancestorTitles":["eingabe.js","istInputGeschlossenFehler"],"duration":0,"failing":false,"failureDetails":[],"failureMessages":[],"fullName":"eingabe.js istInputGeschlossenFehler gibt false zurück für anderen Fehler","invocations":1,"location":null,"numPassingAsserts":1,"retryReasons":[],"startAt":1773739646825,"status":"passed","title":"gibt false zurück für anderen Fehler"},{"ancestorTitles":["eingabe.js","istInputGeschlossenFehler"],"duration":0,"failing":false,"failureDetails":[],"failureMessages":[],"fullName":"eingabe.js istInputGeschlossenFehler gibt false zurück für Nicht-Error-Werte","invocations":1,"location":null,"numPassingAsserts":4,"retryReasons":[],"startAt":1773739646826,"status":"passed","title":"gibt false zurück für Nicht-Error-Werte"},{"ancestorTitles":["eingabe.js","question"],"duration":1,"failing":false,"failureDetails":[],"failureMessages":[],"fullName":"eingabe.js question gibt die Benutzereingabe zurück","invocations":1,"location":null,"numPassingAsserts":2,"retryReasons":[],"startAt":1773739646827,"status":"passed","title":"gibt die Benutzereingabe zurück"},{"ancestorTitles":["eingabe.js","question"],"duration":1,"failing":false,"failureDetails":[],"failureMessages":[],"fullName":"eingabe.js question kann mehrfach hintereinander aufgerufen werden","invocations":1,"location":null,"numPassingAsserts":2,"retryReasons":[],"startAt":1773739646828,"status":"passed","title":"kann mehrfach hintereinander aufgerufen werden"},{"ancestorTitles":["eingabe.js","question"],"duration":11,"failing":false,"failureDetails":[],"failureMessages":[],"fullName":"eingabe.js question wirft Fehler wenn Interface bereits geschlossen","invocations":1,"location":null,"numPassingAsserts":1,"retryReasons":[],"startAt":1773739646829,"status":"passed","title":"wirft Fehler wenn Interface bereits geschlossen"},{"ancestorTitles":["eingabe.js","warteAufEnter"],"duration":1,"failing":false,"failureDetails":[],"failureMessages":[],"fullName":"eingabe.js warteAufEnter ruft question mit Standard-Prompt auf","invocations":1,"location":null,"numPassingAsserts":1,"retryReasons":[],"startAt":1773739646840,"status":"passed","title":"ruft question mit Standard-Prompt auf"},{"ancestorTitles":["eingabe.js","warteAufEnter"],"duration":0,"failing":false,"failureDetails":[],"failureMessages":[],"fullName":"eingabe.js warteAufEnter ruft question mit benutzerdefiniertem Prompt auf","invocations":1,"location":null,"numPassingAsserts":1,"retryReasons":[],"startAt":1773739646842,"status":"passed","title":"ruft question mit benutzerdefiniertem Prompt auf"},{"ancestorTitles":["eingabe.js","wurdeAbgebrochen"],"duration":0,"failing":false,"failureDetails":[],"failureMessages":[],"fullName":"eingabe.js wurdeAbgebrochen gibt true zurück und wartet auf Enter bei \"abbrechen\"","invocations":1,"location":null,"numPassingAsserts":2,"retryReasons":[],"startAt":1773739646843,"status":"passed","title":"gibt true zurück und wartet auf Enter bei \"abbrechen\""},{"ancestorTitles":["eingabe.js","wurdeAbgebrochen"],"duration":1,"failing":false,"failureDetails":[],"failureMessages":[],"fullName":"eingabe.js wurdeAbgebrochen erkennt \"ABBRECHEN\" case-insensitive","invocations":1,"location":null,"numPassingAsserts":1,"retryReasons":[],"startAt":1773739646843,"status":"passed","title":"erkennt \"ABBRECHEN\" case-insensitive"},{"ancestorTitles":["eingabe.js","wurdeAbgebrochen"],"duration":1,"failing":false,"failureDetails":[],"failureMessages":[],"fullName":"eingabe.js wurdeAbgebrochen erkennt \"  abbrechen  \" mit Whitespace","invocations":1,"location":null,"numPassingAsserts":1,"retryReasons":[],"startAt":1773739646844,"status":"passed","title":"erkennt \"  abbrechen  \" mit Whitespace"},{"ancestorTitles":["eingabe.js","wurdeAbgebrochen"],"duration":1,"failing":false,"failureDetails":[],"failureMessages":[],"fullName":"eingabe.js wurdeAbgebrochen gibt false zurück bei normaler Eingabe","invocations":1,"location":null,"numPassingAsserts":2,"retryReasons":[],"startAt":1773739646845,"status":"passed","title":"gibt false zurück bei normaler Eingabe"},{"ancestorTitles":["eingabe.js","wurdeAbgebrochen"],"duration":1,"failing":false,"failureDetails":[],"failureMessages":[],"fullName":"eingabe.js wurdeAbgebrochen gibt false zurück bei leerer Eingabe","invocations":1,"location":null,"numPassingAsserts":1,"retryReasons":[],"startAt":1773739646846,"status":"passed","title":"gibt false zurück bei leerer Eingabe"},{"ancestorTitles":["eingabe.js","wurdeAbgebrochen"],"duration":0,"failing":false,"failureDetails":[],"failureMessages":[],"fullName":"eingabe.js wurdeAbgebrochen gibt false zurück bei Nicht-String","invocations":1,"location":null,"numPassingAsserts":1,"retryReasons":[],"startAt":1773739646847,"status":"passed","title":"gibt false zurück bei Nicht-String"},{"ancestorTitles":["eingabe.js","fragePflichtfeld"],"duration":0,"failing":false,"failureDetails":[],"failureMessages":[],"fullName":"eingabe.js fragePflichtfeld gibt eingegebenen Wert zurück","invocations":1,"location":null,"numPassingAsserts":1,"retryReasons":[],"startAt":1773739646848,"status":"passed","title":"gibt eingegebenen Wert zurück"},{"ancestorTitles":["eingabe.js","fragePflichtfeld"],"duration":1,"failing":false,"failureDetails":[],"failureMessages":[],"fullName":"eingabe.js fragePflichtfeld trimmt Whitespace vom Rückgabewert","invocations":1,"location":null,"numPassingAsserts":1,"retryReasons":[],"startAt":1773739646848,"status":"passed","title":"trimmt Whitespace vom Rückgabewert"},{"ancestorTitles":["eingabe.js","fragePflichtfeld"],"duration":1,"failing":false,"failureDetails":[],"failureMessages":[],"fullName":"eingabe.js fragePflichtfeld wiederholt die Frage bei leerer Eingabe","invocations":1,"location":null,"numPassingAsserts":3,"retryReasons":[],"startAt":1773739646849,"status":"passed","title":"wiederholt die Frage bei leerer Eingabe"},{"ancestorTitles":["eingabe.js","fragePflichtfeld"],"duration":0,"failing":false,"failureDetails":[],"failureMessages":[],"fullName":"eingabe.js fragePflichtfeld gibt null zurück bei \"abbrechen\"","invocations":1,"location":null,"numPassingAsserts":1,"retryReasons":[],"startAt":1773739646850,"status":"passed","title":"gibt null zurück bei \"abbrechen\""},{"ancestorTitles":["eingabe.js","frageGanzzahl"],"duration":0,"failing":false,"failureDetails":[],"failureMessages":[],"fullName":"eingabe.js frageGanzzahl gibt gültige Zahl zurück","invocations":1,"location":null,"numPassingAsserts":1,"retryReasons":[],"startAt":1773739646851,"status":"passed","title":"gibt gültige Zahl zurück"},{"ancestorTitles":["eingabe.js","frageGanzzahl"],"duration":0,"failing":false,"failureDetails":[],"failureMessages":[],"fullName":"eingabe.js frageGanzzahl akzeptiert den Grenzwert min","invocations":1,"location":null,"numPassingAsserts":1,"retryReasons":[],"startAt":1773739646852,"status":"passed","title":"akzeptiert den Grenzwert min"},{"ancestorTitles":["eingabe.js","frageGanzzahl"],"duration":0,"failing":false,"failureDetails":[],"failureMessages":[],"fullName":"eingabe.js frageGanzzahl akzeptiert den Grenzwert max","invocations":1,"location":null,"numPassingAsserts":1,"retryReasons":[],"startAt":1773739646852,"status":"passed","title":"akzeptiert den Grenzwert max"},{"ancestorTitles":["eingabe.js","frageGanzzahl"],"duration":0,"failing":false,"failureDetails":[],"failureMessages":[],"fullName":"eingabe.js frageGanzzahl wiederholt bei nicht-numerischer Eingabe","invocations":1,"location":null,"numPassingAsserts":3,"retryReasons":[],"startAt":1773739646853,"status":"passed","title":"wiederholt bei nicht-numerischer Eingabe"},{"ancestorTitles":["eingabe.js","frageGanzzahl"],"duration":0,"failing":false,"failureDetails":[],"failureMessages":[],"fullName":"eingabe.js frageGanzzahl wiederholt bei Zahl unterhalb des Minimums","invocations":1,"location":null,"numPassingAsserts":2,"retryReasons":[],"startAt":1773739646854,"status":"passed","title":"wiederholt bei Zahl unterhalb des Minimums"},{"ancestorTitles":["eingabe.js","frageGanzzahl"],"duration":0,"failing":false,"failureDetails":[],"failureMessages":[],"fullName":"eingabe.js frageGanzzahl wiederholt bei Zahl oberhalb des Maximums","invocations":1,"location":null,"numPassingAsserts":2,"retryReasons":[],"startAt":1773739646855,"status":"passed","title":"wiederholt bei Zahl oberhalb des Maximums"},{"ancestorTitles":["eingabe.js","schliesseEingabe"],"duration":0,"failing":false,"failureDetails":[],"failureMessages":[],"fullName":"eingabe.js schliesseEingabe schließt die readline-Schnittstelle","invocations":1,"location":null,"numPassingAsserts":1,"retryReasons":[],"startAt":1773739646856,"status":"passed","title":"schließt die readline-Schnittstelle"},{"ancestorTitles":["eingabe.js","schliesseEingabe"],"duration":0,"failing":false,"failureDetails":[],"failureMessages":[],"fullName":"eingabe.js schliesseEingabe macht nichts wenn Interface bereits geschlossen ist","invocations":1,"location":null,"numPassingAsserts":1,"retryReasons":[],"startAt":1773739646857,"status":"passed","title":"macht nichts wenn Interface bereits geschlossen ist"}],"endTime":1773739646858,"message":"","name":"C:\\Users\\Jannik\\Documents\\Kochrezepte\\ProjektKochrezepte\\tests\\eingabe.async.test.js","startTime":1773739646743,"status":"passed","summary":""},{"assertionResults":[{"ancestorTitles":["editors/kategorienBearbeitung"],"duration":2,"failing":false,"failureDetails":[],"failureMessages":[],"fullName":"editors/kategorienBearbeitung adds a category","invocations":1,"location":null,"numPassingAsserts":1,"retryReasons":[],"startAt":1773739646947,"status":"passed","title":"adds a category"},{"ancestorTitles":["editors/kategorienBearbeitung"],"duration":1,"failing":false,"failureDetails":[],"failureMessages":[],"fullName":"editors/kategorienBearbeitung rejects duplicate category and retries until unique input","invocations":1,"location":null,"numPassingAsserts":2,"retryReasons":[],"startAt":1773739646950,"status":"passed","title":"rejects duplicate category and retries until unique input"},{"ancestorTitles":["editors/kategorienBearbeitung"],"duration":0,"failing":false,"failureDetails":[],"failureMessages":[],"fullName":"editors/kategorienBearbeitung returns null on back","invocations":1,"location":null,"numPassingAsserts":1,"retryReasons":[],"startAt":1773739646952,"status":"passed","title":"returns null on back"},{"ancestorTitles":["editors/kategorienBearbeitung"],"duration":1,"failing":false,"failureDetails":[],"failureMessages":[],"fullName":"editors/kategorienBearbeitung renames a category","invocations":1,"location":null,"numPassingAsserts":1,"retryReasons":[],"startAt":1773739646953,"status":"passed","title":"renames a category"},{"ancestorTitles":["editors/kategorienBearbeitung"],"duration":1,"failing":false,"failureDetails":[],"failureMessages":[],"fullName":"editors/kategorienBearbeitung prevents removing the last remaining category","invocations":1,"location":null,"numPassingAsserts":3,"retryReasons":[],"startAt":1773739646954,"status":"passed","title":"prevents removing the last remaining category"},{"ancestorTitles":["editors/kategorienBearbeitung"],"duration":0,"failing":false,"failureDetails":[],"failureMessages":[],"fullName":"editors/kategorienBearbeitung replaces all categories from comma-separated input","invocations":1,"location":null,"numPassingAsserts":1,"retryReasons":[],"startAt":1773739646956,"status":"passed","title":"replaces all categories from comma-separated input"}],"endTime":1773739646957,"message":"","name":"C:\\Users\\Jannik\\Documents\\Kochrezepte\\ProjektKochrezepte\\tests\\kategorienBearbeitung.editor.test.js","startTime":1773739646866,"status":"passed","summary":""},{"assertionResults":[{"ancestorTitles":["auswahlMenues"],"duration":3,"failing":false,"failureDetails":[],"failureMessages":[],"fullName":"auswahlMenues returns early when no recipes exist","invocations":1,"location":null,"numPassingAsserts":2,"retryReasons":[],"startAt":1773739647045,"status":"passed","title":"returns early when no recipes exist"},{"ancestorTitles":["auswahlMenues"],"duration":1,"failing":false,"failureDetails":[],"failureMessages":[],"fullName":"auswahlMenues filters recipes by selected category case-insensitively and shows only matching recipe details","invocations":1,"location":null,"numPassingAsserts":3,"retryReasons":[],"startAt":1773739647049,"status":"passed","title":"filters recipes by selected category case-insensitively and shows only matching recipe details"},{"ancestorTitles":["auswahlMenues"],"duration":0,"failing":false,"failureDetails":[],"failureMessages":[],"fullName":"auswahlMenues shows recipe details in Alle Rezepte flow","invocations":1,"location":null,"numPassingAsserts":2,"retryReasons":[],"startAt":1773739647051,"status":"passed","title":"shows recipe details in Alle Rezepte flow"},{"ancestorTitles":["auswahlMenues"],"duration":1,"failing":false,"failureDetails":[],"failureMessages":[],"fullName":"auswahlMenues search returns when user cancels input","invocations":1,"location":null,"numPassingAsserts":2,"retryReasons":[],"startAt":1773739647052,"status":"passed","title":"search returns when user cancels input"},{"ancestorTitles":["auswahlMenues"],"duration":1,"failing":false,"failureDetails":[],"failureMessages":[],"fullName":"auswahlMenues search finds recipe names case-insensitive and shows details","invocations":1,"location":null,"numPassingAsserts":2,"retryReasons":[],"startAt":1773739647054,"status":"passed","title":"search finds recipe names case-insensitive and shows details"},{"ancestorTitles":["auswahlMenues"],"duration":1,"failing":false,"failureDetails":[],"failureMessages":[],"fullName":"auswahlMenues search shows message when no recipe matches","invocations":1,"location":null,"numPassingAsserts":2,"retryReasons":[],"startAt":1773739647055,"status":"passed","title":"search shows message when no recipe matches"}],"endTime":1773739647057,"message":"","name":"C:\\Users\\Jannik\\Documents\\Kochrezepte\\ProjektKochrezepte\\tests\\auswahlMenues.test.js","startTime":1773739646962,"status":"passed","summary":""},{"assertionResults":[{"ancestorTitles":["rezeptSpeicher","ladeRezepte"],"duration":3,"failing":false,"failureDetails":[],"failureMessages":[],"fullName":"rezeptSpeicher ladeRezepte should return recipes when JSON file is valid","invocations":1,"location":null,"numPassingAsserts":2,"retryReasons":[],"startAt":1773739647154,"status":"passed","title":"should return recipes when JSON file is valid"},{"ancestorTitles":["rezeptSpeicher","ladeRezepte"],"duration":0,"failing":false,"failureDetails":[],"failureMessages":[],"fullName":"rezeptSpeicher ladeRezepte should return empty array when file contains no array","invocations":1,"location":null,"numPassingAsserts":2,"retryReasons":[],"startAt":1773739647158,"status":"passed","title":"should return empty array when file contains no array"},{"ancestorTitles":["rezeptSpeicher","ladeRezepte"],"duration":1,"failing":false,"failureDetails":[],"failureMessages":[],"fullName":"rezeptSpeicher ladeRezepte should return empty array and log once when JSON is invalid","invocations":1,"location":null,"numPassingAsserts":3,"retryReasons":[],"startAt":1773739647159,"status":"passed","title":"should return empty array and log once when JSON is invalid"},{"ancestorTitles":["rezeptSpeicher","ladeRezepte"],"duration":1,"failing":false,"failureDetails":[],"failureMessages":[],"fullName":"rezeptSpeicher ladeRezepte should return empty array and log once when file read fails","invocations":1,"location":null,"numPassingAsserts":3,"retryReasons":[],"startAt":1773739647161,"status":"passed","title":"should return empty array and log once when file read fails"},{"ancestorTitles":["rezeptSpeicher","speichereRezepte"],"duration":0,"failing":false,"failureDetails":[],"failureMessages":[],"fullName":"rezeptSpeicher speichereRezepte should write recipes as formatted JSON","invocations":1,"location":null,"numPassingAsserts":1,"retryReasons":[],"startAt":1773739647163,"status":"passed","title":"should write recipes as formatted JSON"},{"ancestorTitles":["rezeptSpeicher","speichereRezepte"],"duration":8,"failing":false,"failureDetails":[],"failureMessages":[],"fullName":"rezeptSpeicher speichereRezepte should propagate write errors","invocations":1,"location":null,"numPassingAsserts":1,"retryReasons":[],"startAt":1773739647163,"status":"passed","title":"should propagate write errors"}],"endTime":1773739647172,"message":"","name":"C:\\Users\\Jannik\\Documents\\Kochrezepte\\ProjektKochrezepte\\tests\\rezeptSpeicher.test.js","startTime":1773739647066,"status":"passed","summary":""},{"assertionResults":[{"ancestorTitles":["editors/arbeitsschritteBearbeitung"],"duration":2,"failing":false,"failureDetails":[],"failureMessages":[],"fullName":"editors/arbeitsschritteBearbeitung adds a step via first menu action","invocations":1,"location":null,"numPassingAsserts":1,"retryReasons":[],"startAt":1773739647255,"status":"passed","title":"adds a step via first menu action"},{"ancestorTitles":["editors/arbeitsschritteBearbeitung"],"duration":1,"failing":false,"failureDetails":[],"failureMessages":[],"fullName":"editors/arbeitsschritteBearbeitung appends a step when end position is selected","invocations":1,"location":null,"numPassingAsserts":1,"retryReasons":[],"startAt":1773739647258,"status":"passed","title":"appends a step when end position is selected"},{"ancestorTitles":["editors/arbeitsschritteBearbeitung"],"duration":1,"failing":false,"failureDetails":[],"failureMessages":[],"fullName":"editors/arbeitsschritteBearbeitung changes a step via third menu action","invocations":1,"location":null,"numPassingAsserts":1,"retryReasons":[],"startAt":1773739647260,"status":"passed","title":"changes a step via third menu action"},{"ancestorTitles":["editors/arbeitsschritteBearbeitung"],"duration":1,"failing":false,"failureDetails":[],"failureMessages":[],"fullName":"editors/arbeitsschritteBearbeitung prevents deleting the last remaining step","invocations":1,"location":null,"numPassingAsserts":3,"retryReasons":[],"startAt":1773739647261,"status":"passed","title":"prevents deleting the last remaining step"},{"ancestorTitles":["editors/arbeitsschritteBearbeitung"],"duration":1,"failing":false,"failureDetails":[],"failureMessages":[],"fullName":"editors/arbeitsschritteBearbeitung replaces all steps via fourth menu action","invocations":1,"location":null,"numPassingAsserts":1,"retryReasons":[],"startAt":1773739647263,"status":"passed","title":"replaces all steps via fourth menu action"}],"endTime":1773739647265,"message":"","name":"C:\\Users\\Jannik\\Documents\\Kochrezepte\\ProjektKochrezepte\\tests\\arbeitsschritteBearbeitung.editor.test.js","startTime":1773739647179,"status":"passed","summary":""},{"assertionResults":[{"ancestorTitles":["hauptMenues"],"duration":3,"failing":false,"failureDetails":[],"failureMessages":[],"fullName":"hauptMenues exits when selecting Beenden","invocations":1,"location":null,"numPassingAsserts":6,"retryReasons":[],"startAt":1773739647350,"status":"passed","title":"exits when selecting Beenden"},{"ancestorTitles":["hauptMenues"],"duration":1,"failing":false,"failureDetails":[],"failureMessages":[],"fullName":"hauptMenues returns to the main menu after search and then exits","invocations":1,"location":null,"numPassingAsserts":3,"retryReasons":[],"startAt":1773739647354,"status":"passed","title":"returns to the main menu after search and then exits"},{"ancestorTitles":["hauptMenues"],"duration":1,"failing":false,"failureDetails":[],"failureMessages":[],"fullName":"hauptMenues dispatches within recipe management menu and returns to main menu afterwards","invocations":1,"location":null,"numPassingAsserts":7,"retryReasons":[],"startAt":1773739647356,"status":"passed","title":"dispatches within recipe management menu and returns to main menu afterwards"},{"ancestorTitles":["hauptMenues"],"duration":0,"failing":false,"failureDetails":[],"failureMessages":[],"fullName":"hauptMenues opens recipe selection and then returns to the main menu before exit","invocations":1,"location":null,"numPassingAsserts":2,"retryReasons":[],"startAt":1773739647358,"status":"passed","title":"opens recipe selection and then returns to the main menu before exit"},{"ancestorTitles":["hauptMenues"],"duration":1,"failing":false,"failureDetails":[],"failureMessages":[],"fullName":"hauptMenues shows KI menu, waits for enter, and then returns to the main menu","invocations":1,"location":null,"numPassingAsserts":4,"retryReasons":[],"startAt":1773739647359,"status":"passed","title":"shows KI menu, waits for enter, and then returns to the main menu"}],"endTime":1773739647362,"message":"","name":"C:\\Users\\Jannik\\Documents\\Kochrezepte\\ProjektKochrezepte\\tests\\hauptMenues.test.js","startTime":1773739647270,"status":"passed","summary":""},{"assertionResults":[{"ancestorTitles":["rezeptVerwaltung"],"duration":2,"failing":false,"failureDetails":[],"failureMessages":[],"fullName":"rezeptVerwaltung rezeptLoeschenMenue returns when no recipes exist","invocations":1,"location":null,"numPassingAsserts":1,"retryReasons":[],"startAt":1773739647452,"status":"passed","title":"rezeptLoeschenMenue returns when no recipes exist"},{"ancestorTitles":["rezeptVerwaltung"],"duration":1,"failing":false,"failureDetails":[],"failureMessages":[],"fullName":"rezeptVerwaltung rezeptVeraendernEinzelnMenue returns when no recipes exist","invocations":1,"location":null,"numPassingAsserts":1,"retryReasons":[],"startAt":1773739647455,"status":"passed","title":"rezeptVeraendernEinzelnMenue returns when no recipes exist"},{"ancestorTitles":["rezeptVerwaltung"],"duration":1,"failing":false,"failureDetails":[],"failureMessages":[],"fullName":"rezeptVerwaltung rezeptHinzufuegenMenue cancels when first mandatory field is canceled","invocations":1,"location":null,"numPassingAsserts":2,"retryReasons":[],"startAt":1773739647456,"status":"passed","title":"rezeptHinzufuegenMenue cancels when first mandatory field is canceled"},{"ancestorTitles":["rezeptVerwaltung"],"duration":1,"failing":false,"failureDetails":[],"failureMessages":[],"fullName":"rezeptVerwaltung rezeptLoeschenMenue cancels when user answers n","invocations":1,"location":null,"numPassingAsserts":2,"retryReasons":[],"startAt":1773739647458,"status":"passed","title":"rezeptLoeschenMenue cancels when user answers n"},{"ancestorTitles":["rezeptVerwaltung"],"duration":1,"failing":false,"failureDetails":[],"failureMessages":[],"fullName":"rezeptVerwaltung rezeptLoeschenMenue deletes recipe after confirmation j","invocations":1,"location":null,"numPassingAsserts":3,"retryReasons":[],"startAt":1773739647460,"status":"passed","title":"rezeptLoeschenMenue deletes recipe after confirmation j"},{"ancestorTitles":["rezeptVerwaltung"],"duration":1,"failing":false,"failureDetails":[],"failureMessages":[],"fullName":"rezeptVerwaltung rezeptHinzufuegenMenue creates and saves a complete recipe","invocations":1,"location":null,"numPassingAsserts":7,"retryReasons":[],"startAt":1773739647462,"status":"passed","title":"rezeptHinzufuegenMenue creates and saves a complete recipe"},{"ancestorTitles":["rezeptVerwaltung"],"duration":1,"failing":false,"failureDetails":[],"failureMessages":[],"fullName":"rezeptVerwaltung rezeptVeraendernEinzelnMenue opens editor for selected recipe","invocations":1,"location":null,"numPassingAsserts":1,"retryReasons":[],"startAt":1773739647465,"status":"passed","title":"rezeptVeraendernEinzelnMenue opens editor for selected recipe"}],"endTime":1773739647467,"message":"","name":"C:\\Users\\Jannik\\Documents\\Kochrezepte\\ProjektKochrezepte\\tests\\rezeptVerwaltung.test.js","startTime":1773739647367,"status":"passed","summary":""},{"assertionResults":[{"ancestorTitles":["editors/zutatenBearbeitung"],"duration":2,"failing":false,"failureDetails":[],"failureMessages":[],"fullName":"editors/zutatenBearbeitung adds a new ingredient via first menu action","invocations":1,"location":null,"numPassingAsserts":2,"retryReasons":[],"startAt":1773739647600,"status":"passed","title":"adds a new ingredient via first menu action"},{"ancestorTitles":["editors/zutatenBearbeitung"],"duration":1,"failing":false,"failureDetails":[],"failureMessages":[],"fullName":"editors/zutatenBearbeitung rejects duplicate ingredient and retries until unique input","invocations":1,"location":null,"numPassingAsserts":2,"retryReasons":[],"startAt":1773739647603,"status":"passed","title":"rejects duplicate ingredient and retries until unique input"},{"ancestorTitles":["editors/zutatenBearbeitung"],"duration":1,"failing":false,"failureDetails":[],"failureMessages":[],"fullName":"editors/zutatenBearbeitung changes an ingredient via third menu action","invocations":1,"location":null,"numPassingAsserts":1,"retryReasons":[],"startAt":1773739647605,"status":"passed","title":"changes an ingredient via third menu action"},{"ancestorTitles":["editors/zutatenBearbeitung"],"duration":1,"failing":false,"failureDetails":[],"failureMessages":[],"fullName":"editors/zutatenBearbeitung prevents deleting the last remaining ingredient","invocations":1,"location":null,"numPassingAsserts":3,"retryReasons":[],"startAt":1773739647606,"status":"passed","title":"prevents deleting the last remaining ingredient"},{"ancestorTitles":["editors/zutatenBearbeitung"],"duration":1,"failing":false,"failureDetails":[],"failureMessages":[],"fullName":"editors/zutatenBearbeitung replaces ingredients via fourth menu action","invocations":1,"location":null,"numPassingAsserts":1,"retryReasons":[],"startAt":1773739647608,"status":"passed","title":"replaces ingredients via fourth menu action"}],"endTime":1773739647610,"message":"","name":"C:\\Users\\Jannik\\Documents\\Kochrezepte\\ProjektKochrezepte\\tests\\zutatenBearbeitung.editor.test.js","startTime":1773739647475,"status":"passed","summary":""},{"assertionResults":[{"ancestorTitles":["editors/rezeptFelderBearbeitung"],"duration":3,"failing":false,"failureDetails":[],"failureMessages":[],"fullName":"editors/rezeptFelderBearbeitung renames recipe and saves","invocations":1,"location":null,"numPassingAsserts":3,"retryReasons":[],"startAt":1773739647709,"status":"passed","title":"renames recipe and saves"},{"ancestorTitles":["editors/rezeptFelderBearbeitung"],"duration":2,"failing":false,"failureDetails":[],"failureMessages":[],"fullName":"editors/rezeptFelderBearbeitung rejects duplicate recipe names and retries until a unique name is entered","invocations":1,"location":null,"numPassingAsserts":3,"retryReasons":[],"startAt":1773739647713,"status":"passed","title":"rejects duplicate recipe names and retries until a unique name is entered"},{"ancestorTitles":["editors/rezeptFelderBearbeitung"],"duration":1,"failing":false,"failureDetails":[],"failureMessages":[],"fullName":"editors/rezeptFelderBearbeitung allows keeping the current recipe name because it is the same recipe","invocations":1,"location":null,"numPassingAsserts":2,"retryReasons":[],"startAt":1773739647716,"status":"passed","title":"allows keeping the current recipe name because it is the same recipe"},{"ancestorTitles":["editors/rezeptFelderBearbeitung"],"duration":1,"failing":false,"failureDetails":[],"failureMessages":[],"fullName":"editors/rezeptFelderBearbeitung changes difficulty and saves","invocations":1,"location":null,"numPassingAsserts":2,"retryReasons":[],"startAt":1773739647718,"status":"passed","title":"changes difficulty and saves"},{"ancestorTitles":["editors/rezeptFelderBearbeitung"],"duration":1,"failing":false,"failureDetails":[],"failureMessages":[],"fullName":"editors/rezeptFelderBearbeitung does not save when difficulty change is canceled","invocations":1,"location":null,"numPassingAsserts":3,"retryReasons":[],"startAt":1773739647720,"status":"passed","title":"does not save when difficulty change is canceled"},{"ancestorTitles":["editors/rezeptFelderBearbeitung"],"duration":2,"failing":false,"failureDetails":[],"failureMessages":[],"fullName":"editors/rezeptFelderBearbeitung delegates to categories editor and saves returned recipe","invocations":1,"location":null,"numPassingAsserts":2,"retryReasons":[],"startAt":1773739647722,"status":"passed","title":"delegates to categories editor and saves returned recipe"}],"endTime":1773739647726,"message":"","name":"C:\\Users\\Jannik\\Documents\\Kochrezepte\\ProjektKochrezepte\\tests\\rezeptFelderBearbeitung.editor.test.js","startTime":1773739647617,"status":"passed","summary":""}],"wasInterrupted":false}
