{"numFailedTestSuites":0,"numFailedTests":0,"numPassedTestSuites":9,"numPassedTests":68,"numPendingTestSuites":0,"numPendingTests":0,"numRuntimeErrorTestSuites":0,"numTodoTests":0,"numTotalTestSuites":9,"numTotalTests":68,"openHandles":[],"snapshot":{"added":0,"didUpdate":false,"failure":false,"filesAdded":0,"filesRemoved":0,"filesRemovedList":[],"filesUnmatched":0,"filesUpdated":0,"matched":0,"total":0,"unchecked":0,"uncheckedKeysByFile":[],"unmatched":0,"updated":0},"startTime":1773260077787,"success":true,"testResults":[{"assertionResults":[{"ancestorTitles":["listenMenue"],"duration":11,"failing":false,"failureDetails":[],"failureMessages":[],"fullName":"listenMenue returns null when user selects Zurueck","invocations":1,"location":null,"numPassingAsserts":2,"retryReasons":[],"startAt":1773260078253,"status":"passed","title":"returns null when user selects Zurueck"},{"ancestorTitles":["listenMenue"],"duration":1,"failing":false,"failureDetails":[],"failureMessages":[],"fullName":"listenMenue returns edited recipe when selected action returns non-null","invocations":1,"location":null,"numPassingAsserts":2,"retryReasons":[],"startAt":1773260078266,"status":"passed","title":"returns edited recipe when selected action returns non-null"},{"ancestorTitles":["listenMenue"],"duration":2,"failing":false,"failureDetails":[],"failureMessages":[],"fullName":"listenMenue loops until an action returns non-null","invocations":1,"location":null,"numPassingAsserts":3,"retryReasons":[],"startAt":1773260078268,"status":"passed","title":"loops until an action returns non-null"}],"endTime":1773260078272,"message":"","name":"C:\\Users\\Jannik\\Documents\\Kochrezepte\\ProjektKochrezepte\\tests\\listenMenue.test.js","startTime":1773260077901,"status":"passed","summary":""},{"assertionResults":[{"ancestorTitles":["rezeptVerwaltung"],"duration":8,"failing":false,"failureDetails":[],"failureMessages":[],"fullName":"rezeptVerwaltung rezeptLoeschenMenue returns when no recipes exist","invocations":1,"location":null,"numPassingAsserts":1,"retryReasons":[],"startAt":1773260078492,"status":"passed","title":"rezeptLoeschenMenue returns when no recipes exist"},{"ancestorTitles":["rezeptVerwaltung"],"duration":4,"failing":false,"failureDetails":[],"failureMessages":[],"fullName":"rezeptVerwaltung rezeptVeraendernEinzelnMenue returns when no recipes exist","invocations":1,"location":null,"numPassingAsserts":1,"retryReasons":[],"startAt":1773260078501,"status":"passed","title":"rezeptVeraendernEinzelnMenue returns when no recipes exist"},{"ancestorTitles":["rezeptVerwaltung"],"duration":1,"failing":false,"failureDetails":[],"failureMessages":[],"fullName":"rezeptVerwaltung rezeptHinzufuegenMenue cancels when first mandatory field is canceled","invocations":1,"location":null,"numPassingAsserts":2,"retryReasons":[],"startAt":1773260078507,"status":"passed","title":"rezeptHinzufuegenMenue cancels when first mandatory field is canceled"}],"endTime":1773260078510,"message":"","name":"C:\\Users\\Jannik\\Documents\\Kochrezepte\\ProjektKochrezepte\\tests\\rezeptVerwaltung.test.js","startTime":1773260078295,"status":"passed","summary":""},{"assertionResults":[{"ancestorTitles":["hauptMenues"],"duration":3,"failing":false,"failureDetails":[],"failureMessages":[],"fullName":"hauptMenues exits when selecting Beenden","invocations":1,"location":null,"numPassingAsserts":1,"retryReasons":[],"startAt":1773260078599,"status":"passed","title":"exits when selecting Beenden"},{"ancestorTitles":["hauptMenues"],"duration":1,"failing":false,"failureDetails":[],"failureMessages":[],"fullName":"hauptMenues calls rezeptAuswahlMenue and then exits","invocations":1,"location":null,"numPassingAsserts":1,"retryReasons":[],"startAt":1773260078603,"status":"passed","title":"calls rezeptAuswahlMenue and then exits"},{"ancestorTitles":["hauptMenues"],"duration":1,"failing":false,"failureDetails":[],"failureMessages":[],"fullName":"hauptMenues calls KI menu path and then exits","invocations":1,"location":null,"numPassingAsserts":1,"retryReasons":[],"startAt":1773260078605,"status":"passed","title":"calls KI menu path and then exits"}],"endTime":1773260078607,"message":"","name":"C:\\Users\\Jannik\\Documents\\Kochrezepte\\ProjektKochrezepte\\tests\\hauptMenues.test.js","startTime":1773260078518,"status":"passed","summary":""},{"assertionResults":[{"ancestorTitles":["auswahlMenues"],"duration":5,"failing":false,"failureDetails":[],"failureMessages":[],"fullName":"auswahlMenues returns early when no recipes exist","invocations":1,"location":null,"numPassingAsserts":1,"retryReasons":[],"startAt":1773260078709,"status":"passed","title":"returns early when no recipes exist"},{"ancestorTitles":["auswahlMenues"],"duration":1,"failing":false,"failureDetails":[],"failureMessages":[],"fullName":"auswahlMenues returns when selecting Zurueck in category menu","invocations":1,"location":null,"numPassingAsserts":1,"retryReasons":[],"startAt":1773260078715,"status":"passed","title":"returns when selecting Zurueck in category menu"},{"ancestorTitles":["auswahlMenues"],"duration":3,"failing":false,"failureDetails":[],"failureMessages":[],"fullName":"auswahlMenues shows recipe details in Alle Rezepte flow","invocations":1,"location":null,"numPassingAsserts":2,"retryReasons":[],"startAt":1773260078717,"status":"passed","title":"shows recipe details in Alle Rezepte flow"}],"endTime":1773260078722,"message":"","name":"C:\\Users\\Jannik\\Documents\\Kochrezepte\\ProjektKochrezepte\\tests\\auswahlMenues.test.js","startTime":1773260078620,"status":"passed","summary":""},{"assertionResults":[{"ancestorTitles":["anzeige","holeKategorien"],"duration":10,"failing":false,"failureDetails":[],"failureMessages":[],"fullName":"anzeige holeKategorien should extract unique categories from recipes","invocations":1,"location":null,"numPassingAsserts":5,"retryReasons":[],"startAt":1773260078837,"status":"passed","title":"should extract unique categories from recipes"},{"ancestorTitles":["anzeige","holeKategorien"],"duration":1,"failing":false,"failureDetails":[],"failureMessages":[],"fullName":"anzeige holeKategorien should return sorted categories in German locale","invocations":1,"location":null,"numPassingAsserts":1,"retryReasons":[],"startAt":1773260078848,"status":"passed","title":"should return sorted categories in German locale"},{"ancestorTitles":["anzeige","holeKategorien"],"duration":0,"failing":false,"failureDetails":[],"failureMessages":[],"fullName":"anzeige holeKategorien should handle empty category array","invocations":1,"location":null,"numPassingAsserts":1,"retryReasons":[],"startAt":1773260078850,"status":"passed","title":"should handle empty category array"},{"ancestorTitles":["anzeige","holeKategorien"],"duration":0,"failing":false,"failureDetails":[],"failureMessages":[],"fullName":"anzeige holeKategorien should handle recipes without kategorien property","invocations":1,"location":null,"numPassingAsserts":1,"retryReasons":[],"startAt":1773260078851,"status":"passed","title":"should handle recipes without kategorien property"},{"ancestorTitles":["anzeige","holeKategorien"],"duration":0,"failing":false,"failureDetails":[],"failureMessages":[],"fullName":"anzeige holeKategorien should filter out empty or whitespace-only categories","invocations":1,"location":null,"numPassingAsserts":1,"retryReasons":[],"startAt":1773260078852,"status":"passed","title":"should filter out empty or whitespace-only categories"},{"ancestorTitles":["anzeige","holeKategorien"],"duration":1,"failing":false,"failureDetails":[],"failureMessages":[],"fullName":"anzeige holeKategorien should handle recipes with non-string categories","invocations":1,"location":null,"numPassingAsserts":1,"retryReasons":[],"startAt":1773260078852,"status":"passed","title":"should handle recipes with non-string categories"},{"ancestorTitles":["anzeige","holeKategorien"],"duration":1,"failing":false,"failureDetails":[],"failureMessages":[],"fullName":"anzeige holeKategorien should return empty array for empty recipe list","invocations":1,"location":null,"numPassingAsserts":1,"retryReasons":[],"startAt":1773260078853,"status":"passed","title":"should return empty array for empty recipe list"},{"ancestorTitles":["anzeige","holeKategorien"],"duration":1,"failing":false,"failureDetails":[],"failureMessages":[],"fullName":"anzeige holeKategorien should trim whitespace from categories","invocations":1,"location":null,"numPassingAsserts":1,"retryReasons":[],"startAt":1773260078854,"status":"passed","title":"should trim whitespace from categories"},{"ancestorTitles":["anzeige","holeKategorien"],"duration":0,"failing":false,"failureDetails":[],"failureMessages":[],"fullName":"anzeige holeKategorien should handle duplicate categories (case insensitive)","invocations":1,"location":null,"numPassingAsserts":1,"retryReasons":[],"startAt":1773260078855,"status":"passed","title":"should handle duplicate categories (case insensitive)"},{"ancestorTitles":["anzeige","zeigeZutatenListe"],"duration":1,"failing":false,"failureDetails":[],"failureMessages":[],"fullName":"anzeige zeigeZutatenListe should display ingredients list","invocations":1,"location":null,"numPassingAsserts":3,"retryReasons":[],"startAt":1773260078856,"status":"passed","title":"should display ingredients list"},{"ancestorTitles":["anzeige","zeigeZutatenListe"],"duration":0,"failing":false,"failureDetails":[],"failureMessages":[],"fullName":"anzeige zeigeZutatenListe should handle empty ingredients list","invocations":1,"location":null,"numPassingAsserts":1,"retryReasons":[],"startAt":1773260078858,"status":"passed","title":"should handle empty ingredients list"},{"ancestorTitles":["anzeige","zeigeZutatenListe"],"duration":1,"failing":false,"failureDetails":[],"failureMessages":[],"fullName":"anzeige zeigeZutatenListe should handle missing zutaten property","invocations":1,"location":null,"numPassingAsserts":1,"retryReasons":[],"startAt":1773260078858,"status":"passed","title":"should handle missing zutaten property"},{"ancestorTitles":["anzeige","zeigeArbeitsschritteListe"],"duration":1,"failing":false,"failureDetails":[],"failureMessages":[],"fullName":"anzeige zeigeArbeitsschritteListe should display work steps list","invocations":1,"location":null,"numPassingAsserts":4,"retryReasons":[],"startAt":1773260078859,"status":"passed","title":"should display work steps list"},{"ancestorTitles":["anzeige","zeigeArbeitsschritteListe"],"duration":0,"failing":false,"failureDetails":[],"failureMessages":[],"fullName":"anzeige zeigeArbeitsschritteListe should handle empty work steps list","invocations":1,"location":null,"numPassingAsserts":1,"retryReasons":[],"startAt":1773260078861,"status":"passed","title":"should handle empty work steps list"},{"ancestorTitles":["anzeige","zeigeRezeptDetails"],"duration":1,"failing":false,"failureDetails":[],"failureMessages":[],"fullName":"anzeige zeigeRezeptDetails should display complete recipe details","invocations":1,"location":null,"numPassingAsserts":4,"retryReasons":[],"startAt":1773260078861,"status":"passed","title":"should display complete recipe details"},{"ancestorTitles":["anzeige","zeigeRezeptDetails"],"duration":1,"failing":false,"failureDetails":[],"failureMessages":[],"fullName":"anzeige zeigeRezeptDetails should handle missing optional fields","invocations":1,"location":null,"numPassingAsserts":3,"retryReasons":[],"startAt":1773260078862,"status":"passed","title":"should handle missing optional fields"}],"endTime":1773260078866,"message":"","name":"C:\\Users\\Jannik\\Documents\\Kochrezepte\\ProjektKochrezepte\\tests\\anzeige.test.js","startTime":1773260078735,"status":"passed","summary":""},{"assertionResults":[{"ancestorTitles":["rezeptFelderBearbeitung - Validierungen","Rezept Name Validierung"],"duration":2,"failing":false,"failureDetails":[],"failureMessages":[],"fullName":"rezeptFelderBearbeitung - Validierungen Rezept Name Validierung should detect duplicate recipe names (case-insensitive)","invocations":1,"location":null,"numPassingAsserts":1,"retryReasons":[],"startAt":1773260078963,"status":"passed","title":"should detect duplicate recipe names (case-insensitive)"},{"ancestorTitles":["rezeptFelderBearbeitung - Validierungen","Rezept Name Validierung"],"duration":0,"failing":false,"failureDetails":[],"failureMessages":[],"fullName":"rezeptFelderBearbeitung - Validierungen Rezept Name Validierung should not detect duplicate when renaming to own name","invocations":1,"location":null,"numPassingAsserts":1,"retryReasons":[],"startAt":1773260078967,"status":"passed","title":"should not detect duplicate when renaming to own name"},{"ancestorTitles":["rezeptFelderBearbeitung - Validierungen","Rezept Name Validierung"],"duration":0,"failing":false,"failureDetails":[],"failureMessages":[],"fullName":"rezeptFelderBearbeitung - Validierungen Rezept Name Validierung should allow new unique name","invocations":1,"location":null,"numPassingAsserts":1,"retryReasons":[],"startAt":1773260078968,"status":"passed","title":"should allow new unique name"}],"endTime":1773260078970,"message":"","name":"C:\\Users\\Jannik\\Documents\\Kochrezepte\\ProjektKochrezepte\\tests\\validierung.test.js","startTime":1773260078873,"status":"passed","summary":""},{"assertionResults":[{"ancestorTitles":["rezeptSpeicher","ladeRezepte"],"duration":5,"failing":false,"failureDetails":[],"failureMessages":[],"fullName":"rezeptSpeicher ladeRezepte should return recipes when JSON file is valid","invocations":1,"location":null,"numPassingAsserts":1,"retryReasons":[],"startAt":1773260079086,"status":"passed","title":"should return recipes when JSON file is valid"},{"ancestorTitles":["rezeptSpeicher","ladeRezepte"],"duration":1,"failing":false,"failureDetails":[],"failureMessages":[],"fullName":"rezeptSpeicher ladeRezepte should return empty array when file contains no array","invocations":1,"location":null,"numPassingAsserts":1,"retryReasons":[],"startAt":1773260079093,"status":"passed","title":"should return empty array when file contains no array"},{"ancestorTitles":["rezeptSpeicher","ladeRezepte"],"duration":3,"failing":false,"failureDetails":[],"failureMessages":[],"fullName":"rezeptSpeicher ladeRezepte should return empty array when JSON is invalid","invocations":1,"location":null,"numPassingAsserts":1,"retryReasons":[],"startAt":1773260079096,"status":"passed","title":"should return empty array when JSON is invalid"},{"ancestorTitles":["rezeptSpeicher","ladeRezepte"],"duration":2,"failing":false,"failureDetails":[],"failureMessages":[],"fullName":"rezeptSpeicher ladeRezepte should return empty array when file read fails","invocations":1,"location":null,"numPassingAsserts":1,"retryReasons":[],"startAt":1773260079101,"status":"passed","title":"should return empty array when file read fails"},{"ancestorTitles":["rezeptSpeicher","speichereRezepte"],"duration":1,"failing":false,"failureDetails":[],"failureMessages":[],"fullName":"rezeptSpeicher speichereRezepte should write recipes as formatted JSON","invocations":1,"location":null,"numPassingAsserts":1,"retryReasons":[],"startAt":1773260079104,"status":"passed","title":"should write recipes as formatted JSON"}],"endTime":1773260079108,"message":"","name":"C:\\Users\\Jannik\\Documents\\Kochrezepte\\ProjektKochrezepte\\tests\\rezeptSpeicher.test.js","startTime":1773260078977,"status":"passed","summary":""},{"assertionResults":[{"ancestorTitles":["zutatenBearbeitung - Validierungen","Zutat Duplikat Erkennung"],"duration":2,"failing":false,"failureDetails":[],"failureMessages":[],"fullName":"zutatenBearbeitung - Validierungen Zutat Duplikat Erkennung should detect duplicate ingredients (case-insensitive)","invocations":1,"location":null,"numPassingAsserts":1,"retryReasons":[],"startAt":1773260079215,"status":"passed","title":"should detect duplicate ingredients (case-insensitive)"},{"ancestorTitles":["zutatenBearbeitung - Validierungen","Zutat Duplikat Erkennung"],"duration":0,"failing":false,"failureDetails":[],"failureMessages":[],"fullName":"zutatenBearbeitung - Validierungen Zutat Duplikat Erkennung should allow new unique ingredient","invocations":1,"location":null,"numPassingAsserts":1,"retryReasons":[],"startAt":1773260079218,"status":"passed","title":"should allow new unique ingredient"},{"ancestorTitles":["zutatenBearbeitung - Validierungen","Zutat Duplikat Erkennung"],"duration":0,"failing":false,"failureDetails":[],"failureMessages":[],"fullName":"zutatenBearbeitung - Validierungen Zutat Duplikat Erkennung should handle empty ingredients list","invocations":1,"location":null,"numPassingAsserts":1,"retryReasons":[],"startAt":1773260079219,"status":"passed","title":"should handle empty ingredients list"},{"ancestorTitles":["zutatenBearbeitung - Validierungen","Zutat Array Initialisierung"],"duration":0,"failing":false,"failureDetails":[],"failureMessages":[],"fullName":"zutatenBearbeitung - Validierungen Zutat Array Initialisierung should initialize empty zutaten array if missing","invocations":1,"location":null,"numPassingAsserts":2,"retryReasons":[],"startAt":1773260079220,"status":"passed","title":"should initialize empty zutaten array if missing"},{"ancestorTitles":["zutatenBearbeitung - Validierungen","Zutat Array Initialisierung"],"duration":0,"failing":false,"failureDetails":[],"failureMessages":[],"fullName":"zutatenBearbeitung - Validierungen Zutat Array Initialisierung should preserve existing zutaten array","invocations":1,"location":null,"numPassingAsserts":1,"retryReasons":[],"startAt":1773260079221,"status":"passed","title":"should preserve existing zutaten array"},{"ancestorTitles":["zutatenBearbeitung - Validierungen","Zutat Hinzufügen"],"duration":1,"failing":false,"failureDetails":[],"failureMessages":[],"fullName":"zutatenBearbeitung - Validierungen Zutat Hinzufügen should add new ingredient with name and amount","invocations":1,"location":null,"numPassingAsserts":2,"retryReasons":[],"startAt":1773260079222,"status":"passed","title":"should add new ingredient with name and amount"},{"ancestorTitles":["zutatenBearbeitung - Validierungen","Zutat Hinzufügen"],"duration":0,"failing":false,"failureDetails":[],"failureMessages":[],"fullName":"zutatenBearbeitung - Validierungen Zutat Hinzufügen should handle adding to empty zutaten array","invocations":1,"location":null,"numPassingAsserts":2,"retryReasons":[],"startAt":1773260079224,"status":"passed","title":"should handle adding to empty zutaten array"},{"ancestorTitles":["zutatenBearbeitung - Validierungen","Mindestanzahl Zutaten Validierung"],"duration":0,"failing":false,"failureDetails":[],"failureMessages":[],"fullName":"zutatenBearbeitung - Validierungen Mindestanzahl Zutaten Validierung should prevent deletion when only one ingredient remains","invocations":1,"location":null,"numPassingAsserts":1,"retryReasons":[],"startAt":1773260079225,"status":"passed","title":"should prevent deletion when only one ingredient remains"},{"ancestorTitles":["zutatenBearbeitung - Validierungen","Mindestanzahl Zutaten Validierung"],"duration":0,"failing":false,"failureDetails":[],"failureMessages":[],"fullName":"zutatenBearbeitung - Validierungen Mindestanzahl Zutaten Validierung should allow deletion when multiple ingredients exist","invocations":1,"location":null,"numPassingAsserts":1,"retryReasons":[],"startAt":1773260079226,"status":"passed","title":"should allow deletion when multiple ingredients exist"},{"ancestorTitles":["kategorienBearbeitung - Validierungen","Kategorie Duplikat Erkennung"],"duration":1,"failing":false,"failureDetails":[],"failureMessages":[],"fullName":"kategorienBearbeitung - Validierungen Kategorie Duplikat Erkennung should detect duplicate categories (case-insensitive)","invocations":1,"location":null,"numPassingAsserts":1,"retryReasons":[],"startAt":1773260079226,"status":"passed","title":"should detect duplicate categories (case-insensitive)"},{"ancestorTitles":["kategorienBearbeitung - Validierungen","Kategorie Duplikat Erkennung"],"duration":0,"failing":false,"failureDetails":[],"failureMessages":[],"fullName":"kategorienBearbeitung - Validierungen Kategorie Duplikat Erkennung should allow new unique category","invocations":1,"location":null,"numPassingAsserts":1,"retryReasons":[],"startAt":1773260079227,"status":"passed","title":"should allow new unique category"},{"ancestorTitles":["kategorienBearbeitung - Validierungen","Kategorie Array Initialisierung"],"duration":0,"failing":false,"failureDetails":[],"failureMessages":[],"fullName":"kategorienBearbeitung - Validierungen Kategorie Array Initialisierung should initialize empty kategorien array if missing","invocations":1,"location":null,"numPassingAsserts":2,"retryReasons":[],"startAt":1773260079228,"status":"passed","title":"should initialize empty kategorien array if missing"},{"ancestorTitles":["kategorienBearbeitung - Validierungen","Mindestanzahl Kategorien Validierung"],"duration":0,"failing":false,"failureDetails":[],"failureMessages":[],"fullName":"kategorienBearbeitung - Validierungen Mindestanzahl Kategorien Validierung should prevent deletion when only one category remains","invocations":1,"location":null,"numPassingAsserts":1,"retryReasons":[],"startAt":1773260079229,"status":"passed","title":"should prevent deletion when only one category remains"},{"ancestorTitles":["kategorienBearbeitung - Validierungen","Mindestanzahl Kategorien Validierung"],"duration":0,"failing":false,"failureDetails":[],"failureMessages":[],"fullName":"kategorienBearbeitung - Validierungen Mindestanzahl Kategorien Validierung should allow deletion when multiple categories exist","invocations":1,"location":null,"numPassingAsserts":1,"retryReasons":[],"startAt":1773260079230,"status":"passed","title":"should allow deletion when multiple categories exist"},{"ancestorTitles":["arbeitsschritteBearbeitung - Validierungen","Arbeitsschritt Mindestanzahl"],"duration":1,"failing":false,"failureDetails":[],"failureMessages":[],"fullName":"arbeitsschritteBearbeitung - Validierungen Arbeitsschritt Mindestanzahl should prevent deletion when only one step remains","invocations":1,"location":null,"numPassingAsserts":1,"retryReasons":[],"startAt":1773260079230,"status":"passed","title":"should prevent deletion when only one step remains"},{"ancestorTitles":["arbeitsschritteBearbeitung - Validierungen","Arbeitsschritt Mindestanzahl"],"duration":0,"failing":false,"failureDetails":[],"failureMessages":[],"fullName":"arbeitsschritteBearbeitung - Validierungen Arbeitsschritt Mindestanzahl should allow deletion when multiple steps exist","invocations":1,"location":null,"numPassingAsserts":1,"retryReasons":[],"startAt":1773260079231,"status":"passed","title":"should allow deletion when multiple steps exist"},{"ancestorTitles":["arbeitsschritteBearbeitung - Validierungen","Arbeitsschritt Einfügen an Position"],"duration":0,"failing":false,"failureDetails":[],"failureMessages":[],"fullName":"arbeitsschritteBearbeitung - Validierungen Arbeitsschritt Einfügen an Position should insert step at the beginning","invocations":1,"location":null,"numPassingAsserts":1,"retryReasons":[],"startAt":1773260079232,"status":"passed","title":"should insert step at the beginning"},{"ancestorTitles":["arbeitsschritteBearbeitung - Validierungen","Arbeitsschritt Einfügen an Position"],"duration":0,"failing":false,"failureDetails":[],"failureMessages":[],"fullName":"arbeitsschritteBearbeitung - Validierungen Arbeitsschritt Einfügen an Position should insert step in the middle","invocations":1,"location":null,"numPassingAsserts":1,"retryReasons":[],"startAt":1773260079233,"status":"passed","title":"should insert step in the middle"},{"ancestorTitles":["arbeitsschritteBearbeitung - Validierungen","Arbeitsschritt Einfügen an Position"],"duration":1,"failing":false,"failureDetails":[],"failureMessages":[],"fullName":"arbeitsschritteBearbeitung - Validierungen Arbeitsschritt Einfügen an Position should append step at the end","invocations":1,"location":null,"numPassingAsserts":1,"retryReasons":[],"startAt":1773260079233,"status":"passed","title":"should append step at the end"}],"endTime":1773260079235,"message":"","name":"C:\\Users\\Jannik\\Documents\\Kochrezepte\\ProjektKochrezepte\\tests\\bearbeitungen.test.js","startTime":1773260079128,"status":"passed","summary":""},{"assertionResults":[{"ancestorTitles":["eingabe - Validierungslogik","Abbrechen-Text Erkennung (pure logic)"],"duration":3,"failing":false,"failureDetails":[],"failureMessages":[],"fullName":"eingabe - Validierungslogik Abbrechen-Text Erkennung (pure logic) sollte \"abbrechen\" erkennen","invocations":1,"location":null,"numPassingAsserts":1,"retryReasons":[],"startAt":1773260079329,"status":"passed","title":"sollte \"abbrechen\" erkennen"},{"ancestorTitles":["eingabe - Validierungslogik","Abbrechen-Text Erkennung (pure logic)"],"duration":0,"failing":false,"failureDetails":[],"failureMessages":[],"fullName":"eingabe - Validierungslogik Abbrechen-Text Erkennung (pure logic) sollte \"ABBRECHEN\" erkennen (case-insensitive)","invocations":1,"location":null,"numPassingAsserts":1,"retryReasons":[],"startAt":1773260079333,"status":"passed","title":"sollte \"ABBRECHEN\" erkennen (case-insensitive)"},{"ancestorTitles":["eingabe - Validierungslogik","Abbrechen-Text Erkennung (pure logic)"],"duration":0,"failing":false,"failureDetails":[],"failureMessages":[],"fullName":"eingabe - Validierungslogik Abbrechen-Text Erkennung (pure logic) sollte \"  abbrechen  \" mit Whitespace erkennen","invocations":1,"location":null,"numPassingAsserts":1,"retryReasons":[],"startAt":1773260079334,"status":"passed","title":"sollte \"  abbrechen  \" mit Whitespace erkennen"},{"ancestorTitles":["eingabe - Validierungslogik","Abbrechen-Text Erkennung (pure logic)"],"duration":0,"failing":false,"failureDetails":[],"failureMessages":[],"fullName":"eingabe - Validierungslogik Abbrechen-Text Erkennung (pure logic) sollte andere Eingabe nicht als Abbruch erkennen","invocations":1,"location":null,"numPassingAsserts":1,"retryReasons":[],"startAt":1773260079335,"status":"passed","title":"sollte andere Eingabe nicht als Abbruch erkennen"},{"ancestorTitles":["eingabe - Validierungslogik","Abbrechen-Text Erkennung (pure logic)"],"duration":0,"failing":false,"failureDetails":[],"failureMessages":[],"fullName":"eingabe - Validierungslogik Abbrechen-Text Erkennung (pure logic) sollte leeren String nicht als Abbruch erkennen","invocations":1,"location":null,"numPassingAsserts":1,"retryReasons":[],"startAt":1773260079336,"status":"passed","title":"sollte leeren String nicht als Abbruch erkennen"},{"ancestorTitles":["eingabe - Validierungslogik","Abbrechen-Text Erkennung (pure logic)"],"duration":0,"failing":false,"failureDetails":[],"failureMessages":[],"fullName":"eingabe - Validierungslogik Abbrechen-Text Erkennung (pure logic) sollte nicht-String nicht als Abbruch erkennen","invocations":1,"location":null,"numPassingAsserts":1,"retryReasons":[],"startAt":1773260079337,"status":"passed","title":"sollte nicht-String nicht als Abbruch erkennen"},{"ancestorTitles":["eingabe - Validierungslogik","Ganzzahl Validierung (pure logic)"],"duration":0,"failing":false,"failureDetails":[],"failureMessages":[],"fullName":"eingabe - Validierungslogik Ganzzahl Validierung (pure logic) sollte gültige Zahl zwischen min und max erkennen","invocations":1,"location":null,"numPassingAsserts":1,"retryReasons":[],"startAt":1773260079338,"status":"passed","title":"sollte gültige Zahl zwischen min und max erkennen"},{"ancestorTitles":["eingabe - Validierungslogik","Ganzzahl Validierung (pure logic)"],"duration":1,"failing":false,"failureDetails":[],"failureMessages":[],"fullName":"eingabe - Validierungslogik Ganzzahl Validierung (pure logic) sollte Zahl außerhalb Range ablehnen","invocations":1,"location":null,"numPassingAsserts":1,"retryReasons":[],"startAt":1773260079338,"status":"passed","title":"sollte Zahl außerhalb Range ablehnen"},{"ancestorTitles":["eingabe - Validierungslogik","Ganzzahl Validierung (pure logic)"],"duration":1,"failing":false,"failureDetails":[],"failureMessages":[],"fullName":"eingabe - Validierungslogik Ganzzahl Validierung (pure logic) sollte keine Zahl ablehnen","invocations":1,"location":null,"numPassingAsserts":1,"retryReasons":[],"startAt":1773260079339,"status":"passed","title":"sollte keine Zahl ablehnen"},{"ancestorTitles":["eingabe - Validierungslogik","Ganzzahl Validierung (pure logic)"],"duration":0,"failing":false,"failureDetails":[],"failureMessages":[],"fullName":"eingabe - Validierungslogik Ganzzahl Validierung (pure logic) sollte negative Zahlen in Range akzeptieren","invocations":1,"location":null,"numPassingAsserts":1,"retryReasons":[],"startAt":1773260079340,"status":"passed","title":"sollte negative Zahlen in Range akzeptieren"},{"ancestorTitles":["eingabe - Validierungslogik","Pflichtfeld Validierung (pure logic)"],"duration":0,"failing":false,"failureDetails":[],"failureMessages":[],"fullName":"eingabe - Validierungslogik Pflichtfeld Validierung (pure logic) sollte leeres Feld ablehnen","invocations":1,"location":null,"numPassingAsserts":1,"retryReasons":[],"startAt":1773260079341,"status":"passed","title":"sollte leeres Feld ablehnen"},{"ancestorTitles":["eingabe - Validierungslogik","Pflichtfeld Validierung (pure logic)"],"duration":0,"failing":false,"failureDetails":[],"failureMessages":[],"fullName":"eingabe - Validierungslogik Pflichtfeld Validierung (pure logic) sollte nur Whitespace als leer betrachten","invocations":1,"location":null,"numPassingAsserts":1,"retryReasons":[],"startAt":1773260079341,"status":"passed","title":"sollte nur Whitespace als leer betrachten"},{"ancestorTitles":["eingabe - Validierungslogik","Pflichtfeld Validierung (pure logic)"],"duration":0,"failing":false,"failureDetails":[],"failureMessages":[],"fullName":"eingabe - Validierungslogik Pflichtfeld Validierung (pure logic) sollte Text akzeptieren","invocations":1,"location":null,"numPassingAsserts":1,"retryReasons":[],"startAt":1773260079342,"status":"passed","title":"sollte Text akzeptieren"}],"endTime":1773260079343,"message":"","name":"C:\\Users\\Jannik\\Documents\\Kochrezepte\\ProjektKochrezepte\\tests\\eingabe.test.js","startTime":1773260079242,"status":"passed","summary":""}],"wasInterrupted":false}
