{"numFailedTestSuites":0,"numFailedTests":0,"numPassedTestSuites":13,"numPassedTests":85,"numPendingTestSuites":0,"numPendingTests":0,"numRuntimeErrorTestSuites":0,"numTodoTests":0,"numTotalTestSuites":13,"numTotalTests":85,"openHandles":[],"snapshot":{"added":0,"didUpdate":false,"failure":false,"filesAdded":0,"filesRemoved":0,"filesRemovedList":[],"filesUnmatched":0,"filesUpdated":0,"matched":0,"total":0,"unchecked":0,"uncheckedKeysByFile":[],"unmatched":0,"updated":0},"startTime":1773260550087,"success":true,"testResults":[{"assertionResults":[{"ancestorTitles":["rezeptVerwaltung"],"duration":3,"failing":false,"failureDetails":[],"failureMessages":[],"fullName":"rezeptVerwaltung rezeptLoeschenMenue returns when no recipes exist","invocations":1,"location":null,"numPassingAsserts":1,"retryReasons":[],"startAt":1773260550437,"status":"passed","title":"rezeptLoeschenMenue returns when no recipes exist"},{"ancestorTitles":["rezeptVerwaltung"],"duration":0,"failing":false,"failureDetails":[],"failureMessages":[],"fullName":"rezeptVerwaltung rezeptVeraendernEinzelnMenue returns when no recipes exist","invocations":1,"location":null,"numPassingAsserts":1,"retryReasons":[],"startAt":1773260550441,"status":"passed","title":"rezeptVeraendernEinzelnMenue returns when no recipes exist"},{"ancestorTitles":["rezeptVerwaltung"],"duration":2,"failing":false,"failureDetails":[],"failureMessages":[],"fullName":"rezeptVerwaltung rezeptHinzufuegenMenue cancels when first mandatory field is canceled","invocations":1,"location":null,"numPassingAsserts":2,"retryReasons":[],"startAt":1773260550442,"status":"passed","title":"rezeptHinzufuegenMenue cancels when first mandatory field is canceled"},{"ancestorTitles":["rezeptVerwaltung"],"duration":1,"failing":false,"failureDetails":[],"failureMessages":[],"fullName":"rezeptVerwaltung rezeptLoeschenMenue cancels when user answers n","invocations":1,"location":null,"numPassingAsserts":2,"retryReasons":[],"startAt":1773260550444,"status":"passed","title":"rezeptLoeschenMenue cancels when user answers n"},{"ancestorTitles":["rezeptVerwaltung"],"duration":1,"failing":false,"failureDetails":[],"failureMessages":[],"fullName":"rezeptVerwaltung rezeptLoeschenMenue deletes recipe after confirmation j","invocations":1,"location":null,"numPassingAsserts":3,"retryReasons":[],"startAt":1773260550446,"status":"passed","title":"rezeptLoeschenMenue deletes recipe after confirmation j"},{"ancestorTitles":["rezeptVerwaltung"],"duration":2,"failing":false,"failureDetails":[],"failureMessages":[],"fullName":"rezeptVerwaltung rezeptHinzufuegenMenue creates and saves a complete recipe","invocations":1,"location":null,"numPassingAsserts":7,"retryReasons":[],"startAt":1773260550448,"status":"passed","title":"rezeptHinzufuegenMenue creates and saves a complete recipe"},{"ancestorTitles":["rezeptVerwaltung"],"duration":1,"failing":false,"failureDetails":[],"failureMessages":[],"fullName":"rezeptVerwaltung rezeptVeraendernEinzelnMenue opens editor for selected recipe","invocations":1,"location":null,"numPassingAsserts":1,"retryReasons":[],"startAt":1773260550451,"status":"passed","title":"rezeptVeraendernEinzelnMenue opens editor for selected recipe"}],"endTime":1773260550453,"message":"","name":"C:\\Users\\Jannik\\Documents\\Kochrezepte\\ProjektKochrezepte\\tests\\rezeptVerwaltung.test.js","startTime":1773260550174,"status":"passed","summary":""},{"assertionResults":[{"ancestorTitles":["auswahlMenues"],"duration":9,"failing":false,"failureDetails":[],"failureMessages":[],"fullName":"auswahlMenues returns early when no recipes exist","invocations":1,"location":null,"numPassingAsserts":1,"retryReasons":[],"startAt":1773260550544,"status":"passed","title":"returns early when no recipes exist"},{"ancestorTitles":["auswahlMenues"],"duration":1,"failing":false,"failureDetails":[],"failureMessages":[],"fullName":"auswahlMenues returns when selecting Zurueck in category menu","invocations":1,"location":null,"numPassingAsserts":1,"retryReasons":[],"startAt":1773260550555,"status":"passed","title":"returns when selecting Zurueck in category menu"},{"ancestorTitles":["auswahlMenues"],"duration":5,"failing":false,"failureDetails":[],"failureMessages":[],"fullName":"auswahlMenues shows recipe details in Alle Rezepte flow","invocations":1,"location":null,"numPassingAsserts":2,"retryReasons":[],"startAt":1773260550557,"status":"passed","title":"shows recipe details in Alle Rezepte flow"}],"endTime":1773260550564,"message":"","name":"C:\\Users\\Jannik\\Documents\\Kochrezepte\\ProjektKochrezepte\\tests\\auswahlMenues.test.js","startTime":1773260550462,"status":"passed","summary":""},{"assertionResults":[{"ancestorTitles":["anzeige","holeKategorien"],"duration":11,"failing":false,"failureDetails":[],"failureMessages":[],"fullName":"anzeige holeKategorien should extract unique categories from recipes","invocations":1,"location":null,"numPassingAsserts":5,"retryReasons":[],"startAt":1773260550685,"status":"passed","title":"should extract unique categories from recipes"},{"ancestorTitles":["anzeige","holeKategorien"],"duration":1,"failing":false,"failureDetails":[],"failureMessages":[],"fullName":"anzeige holeKategorien should return sorted categories in German locale","invocations":1,"location":null,"numPassingAsserts":1,"retryReasons":[],"startAt":1773260550697,"status":"passed","title":"should return sorted categories in German locale"},{"ancestorTitles":["anzeige","holeKategorien"],"duration":0,"failing":false,"failureDetails":[],"failureMessages":[],"fullName":"anzeige holeKategorien should handle empty category array","invocations":1,"location":null,"numPassingAsserts":1,"retryReasons":[],"startAt":1773260550699,"status":"passed","title":"should handle empty category array"},{"ancestorTitles":["anzeige","holeKategorien"],"duration":1,"failing":false,"failureDetails":[],"failureMessages":[],"fullName":"anzeige holeKategorien should handle recipes without kategorien property","invocations":1,"location":null,"numPassingAsserts":1,"retryReasons":[],"startAt":1773260550699,"status":"passed","title":"should handle recipes without kategorien property"},{"ancestorTitles":["anzeige","holeKategorien"],"duration":0,"failing":false,"failureDetails":[],"failureMessages":[],"fullName":"anzeige holeKategorien should filter out empty or whitespace-only categories","invocations":1,"location":null,"numPassingAsserts":1,"retryReasons":[],"startAt":1773260550700,"status":"passed","title":"should filter out empty or whitespace-only categories"},{"ancestorTitles":["anzeige","holeKategorien"],"duration":0,"failing":false,"failureDetails":[],"failureMessages":[],"fullName":"anzeige holeKategorien should handle recipes with non-string categories","invocations":1,"location":null,"numPassingAsserts":1,"retryReasons":[],"startAt":1773260550701,"status":"passed","title":"should handle recipes with non-string categories"},{"ancestorTitles":["anzeige","holeKategorien"],"duration":0,"failing":false,"failureDetails":[],"failureMessages":[],"fullName":"anzeige holeKategorien should return empty array for empty recipe list","invocations":1,"location":null,"numPassingAsserts":1,"retryReasons":[],"startAt":1773260550701,"status":"passed","title":"should return empty array for empty recipe list"},{"ancestorTitles":["anzeige","holeKategorien"],"duration":0,"failing":false,"failureDetails":[],"failureMessages":[],"fullName":"anzeige holeKategorien should trim whitespace from categories","invocations":1,"location":null,"numPassingAsserts":1,"retryReasons":[],"startAt":1773260550702,"status":"passed","title":"should trim whitespace from categories"},{"ancestorTitles":["anzeige","holeKategorien"],"duration":1,"failing":false,"failureDetails":[],"failureMessages":[],"fullName":"anzeige holeKategorien should handle duplicate categories (case insensitive)","invocations":1,"location":null,"numPassingAsserts":1,"retryReasons":[],"startAt":1773260550702,"status":"passed","title":"should handle duplicate categories (case insensitive)"},{"ancestorTitles":["anzeige","zeigeZutatenListe"],"duration":1,"failing":false,"failureDetails":[],"failureMessages":[],"fullName":"anzeige zeigeZutatenListe should display ingredients list","invocations":1,"location":null,"numPassingAsserts":3,"retryReasons":[],"startAt":1773260550703,"status":"passed","title":"should display ingredients list"},{"ancestorTitles":["anzeige","zeigeZutatenListe"],"duration":1,"failing":false,"failureDetails":[],"failureMessages":[],"fullName":"anzeige zeigeZutatenListe should handle empty ingredients list","invocations":1,"location":null,"numPassingAsserts":1,"retryReasons":[],"startAt":1773260550704,"status":"passed","title":"should handle empty ingredients list"},{"ancestorTitles":["anzeige","zeigeZutatenListe"],"duration":1,"failing":false,"failureDetails":[],"failureMessages":[],"fullName":"anzeige zeigeZutatenListe should handle missing zutaten property","invocations":1,"location":null,"numPassingAsserts":1,"retryReasons":[],"startAt":1773260550705,"status":"passed","title":"should handle missing zutaten property"},{"ancestorTitles":["anzeige","zeigeArbeitsschritteListe"],"duration":1,"failing":false,"failureDetails":[],"failureMessages":[],"fullName":"anzeige zeigeArbeitsschritteListe should display work steps list","invocations":1,"location":null,"numPassingAsserts":4,"retryReasons":[],"startAt":1773260550706,"status":"passed","title":"should display work steps list"},{"ancestorTitles":["anzeige","zeigeArbeitsschritteListe"],"duration":0,"failing":false,"failureDetails":[],"failureMessages":[],"fullName":"anzeige zeigeArbeitsschritteListe should handle empty work steps list","invocations":1,"location":null,"numPassingAsserts":1,"retryReasons":[],"startAt":1773260550707,"status":"passed","title":"should handle empty work steps list"},{"ancestorTitles":["anzeige","zeigeRezeptDetails"],"duration":0,"failing":false,"failureDetails":[],"failureMessages":[],"fullName":"anzeige zeigeRezeptDetails should display complete recipe details","invocations":1,"location":null,"numPassingAsserts":4,"retryReasons":[],"startAt":1773260550708,"status":"passed","title":"should display complete recipe details"},{"ancestorTitles":["anzeige","zeigeRezeptDetails"],"duration":1,"failing":false,"failureDetails":[],"failureMessages":[],"fullName":"anzeige zeigeRezeptDetails should handle missing optional fields","invocations":1,"location":null,"numPassingAsserts":3,"retryReasons":[],"startAt":1773260550709,"status":"passed","title":"should handle missing optional fields"}],"endTime":1773260550712,"message":"","name":"C:\\Users\\Jannik\\Documents\\Kochrezepte\\ProjektKochrezepte\\tests\\anzeige.test.js","startTime":1773260550585,"status":"passed","summary":""},{"assertionResults":[{"ancestorTitles":["eingabe - Validierungslogik","Abbrechen-Text Erkennung (pure logic)"],"duration":1,"failing":false,"failureDetails":[],"failureMessages":[],"fullName":"eingabe - Validierungslogik Abbrechen-Text Erkennung (pure logic) sollte \"abbrechen\" erkennen","invocations":1,"location":null,"numPassingAsserts":1,"retryReasons":[],"startAt":1773260550795,"status":"passed","title":"sollte \"abbrechen\" erkennen"},{"ancestorTitles":["eingabe - Validierungslogik","Abbrechen-Text Erkennung (pure logic)"],"duration":0,"failing":false,"failureDetails":[],"failureMessages":[],"fullName":"eingabe - Validierungslogik Abbrechen-Text Erkennung (pure logic) sollte \"ABBRECHEN\" erkennen (case-insensitive)","invocations":1,"location":null,"numPassingAsserts":1,"retryReasons":[],"startAt":1773260550797,"status":"passed","title":"sollte \"ABBRECHEN\" erkennen (case-insensitive)"},{"ancestorTitles":["eingabe - Validierungslogik","Abbrechen-Text Erkennung (pure logic)"],"duration":0,"failing":false,"failureDetails":[],"failureMessages":[],"fullName":"eingabe - Validierungslogik Abbrechen-Text Erkennung (pure logic) sollte \"  abbrechen  \" mit Whitespace erkennen","invocations":1,"location":null,"numPassingAsserts":1,"retryReasons":[],"startAt":1773260550798,"status":"passed","title":"sollte \"  abbrechen  \" mit Whitespace erkennen"},{"ancestorTitles":["eingabe - Validierungslogik","Abbrechen-Text Erkennung (pure logic)"],"duration":0,"failing":false,"failureDetails":[],"failureMessages":[],"fullName":"eingabe - Validierungslogik Abbrechen-Text Erkennung (pure logic) sollte andere Eingabe nicht als Abbruch erkennen","invocations":1,"location":null,"numPassingAsserts":1,"retryReasons":[],"startAt":1773260550799,"status":"passed","title":"sollte andere Eingabe nicht als Abbruch erkennen"},{"ancestorTitles":["eingabe - Validierungslogik","Abbrechen-Text Erkennung (pure logic)"],"duration":0,"failing":false,"failureDetails":[],"failureMessages":[],"fullName":"eingabe - Validierungslogik Abbrechen-Text Erkennung (pure logic) sollte leeren String nicht als Abbruch erkennen","invocations":1,"location":null,"numPassingAsserts":1,"retryReasons":[],"startAt":1773260550800,"status":"passed","title":"sollte leeren String nicht als Abbruch erkennen"},{"ancestorTitles":["eingabe - Validierungslogik","Abbrechen-Text Erkennung (pure logic)"],"duration":0,"failing":false,"failureDetails":[],"failureMessages":[],"fullName":"eingabe - Validierungslogik Abbrechen-Text Erkennung (pure logic) sollte nicht-String nicht als Abbruch erkennen","invocations":1,"location":null,"numPassingAsserts":1,"retryReasons":[],"startAt":1773260550801,"status":"passed","title":"sollte nicht-String nicht als Abbruch erkennen"},{"ancestorTitles":["eingabe - Validierungslogik","Ganzzahl Validierung (pure logic)"],"duration":1,"failing":false,"failureDetails":[],"failureMessages":[],"fullName":"eingabe - Validierungslogik Ganzzahl Validierung (pure logic) sollte gültige Zahl zwischen min und max erkennen","invocations":1,"location":null,"numPassingAsserts":1,"retryReasons":[],"startAt":1773260550801,"status":"passed","title":"sollte gültige Zahl zwischen min und max erkennen"},{"ancestorTitles":["eingabe - Validierungslogik","Ganzzahl Validierung (pure logic)"],"duration":0,"failing":false,"failureDetails":[],"failureMessages":[],"fullName":"eingabe - Validierungslogik Ganzzahl Validierung (pure logic) sollte Zahl außerhalb Range ablehnen","invocations":1,"location":null,"numPassingAsserts":1,"retryReasons":[],"startAt":1773260550802,"status":"passed","title":"sollte Zahl außerhalb Range ablehnen"},{"ancestorTitles":["eingabe - Validierungslogik","Ganzzahl Validierung (pure logic)"],"duration":0,"failing":false,"failureDetails":[],"failureMessages":[],"fullName":"eingabe - Validierungslogik Ganzzahl Validierung (pure logic) sollte keine Zahl ablehnen","invocations":1,"location":null,"numPassingAsserts":1,"retryReasons":[],"startAt":1773260550803,"status":"passed","title":"sollte keine Zahl ablehnen"},{"ancestorTitles":["eingabe - Validierungslogik","Ganzzahl Validierung (pure logic)"],"duration":1,"failing":false,"failureDetails":[],"failureMessages":[],"fullName":"eingabe - Validierungslogik Ganzzahl Validierung (pure logic) sollte negative Zahlen in Range akzeptieren","invocations":1,"location":null,"numPassingAsserts":1,"retryReasons":[],"startAt":1773260550803,"status":"passed","title":"sollte negative Zahlen in Range akzeptieren"},{"ancestorTitles":["eingabe - Validierungslogik","Pflichtfeld Validierung (pure logic)"],"duration":0,"failing":false,"failureDetails":[],"failureMessages":[],"fullName":"eingabe - Validierungslogik Pflichtfeld Validierung (pure logic) sollte leeres Feld ablehnen","invocations":1,"location":null,"numPassingAsserts":1,"retryReasons":[],"startAt":1773260550804,"status":"passed","title":"sollte leeres Feld ablehnen"},{"ancestorTitles":["eingabe - Validierungslogik","Pflichtfeld Validierung (pure logic)"],"duration":0,"failing":false,"failureDetails":[],"failureMessages":[],"fullName":"eingabe - Validierungslogik Pflichtfeld Validierung (pure logic) sollte nur Whitespace als leer betrachten","invocations":1,"location":null,"numPassingAsserts":1,"retryReasons":[],"startAt":1773260550805,"status":"passed","title":"sollte nur Whitespace als leer betrachten"},{"ancestorTitles":["eingabe - Validierungslogik","Pflichtfeld Validierung (pure logic)"],"duration":0,"failing":false,"failureDetails":[],"failureMessages":[],"fullName":"eingabe - Validierungslogik Pflichtfeld Validierung (pure logic) sollte Text akzeptieren","invocations":1,"location":null,"numPassingAsserts":1,"retryReasons":[],"startAt":1773260550805,"status":"passed","title":"sollte Text akzeptieren"}],"endTime":1773260550806,"message":"","name":"C:\\Users\\Jannik\\Documents\\Kochrezepte\\ProjektKochrezepte\\tests\\eingabe.test.js","startTime":1773260550720,"status":"passed","summary":""},{"assertionResults":[{"ancestorTitles":["editors/zutatenBearbeitung"],"duration":3,"failing":false,"failureDetails":[],"failureMessages":[],"fullName":"editors/zutatenBearbeitung adds a new ingredient via first menu action","invocations":1,"location":null,"numPassingAsserts":2,"retryReasons":[],"startAt":1773260550892,"status":"passed","title":"adds a new ingredient via first menu action"},{"ancestorTitles":["editors/zutatenBearbeitung"],"duration":0,"failing":false,"failureDetails":[],"failureMessages":[],"fullName":"editors/zutatenBearbeitung changes an ingredient via third menu action","invocations":1,"location":null,"numPassingAsserts":1,"retryReasons":[],"startAt":1773260550896,"status":"passed","title":"changes an ingredient via third menu action"},{"ancestorTitles":["editors/zutatenBearbeitung"],"duration":1,"failing":false,"failureDetails":[],"failureMessages":[],"fullName":"editors/zutatenBearbeitung replaces ingredients via fourth menu action","invocations":1,"location":null,"numPassingAsserts":1,"retryReasons":[],"startAt":1773260550897,"status":"passed","title":"replaces ingredients via fourth menu action"}],"endTime":1773260550900,"message":"","name":"C:\\Users\\Jannik\\Documents\\Kochrezepte\\ProjektKochrezepte\\tests\\zutatenBearbeitung.editor.test.js","startTime":1773260550811,"status":"passed","summary":""},{"assertionResults":[{"ancestorTitles":["editors/rezeptFelderBearbeitung"],"duration":2,"failing":false,"failureDetails":[],"failureMessages":[],"fullName":"editors/rezeptFelderBearbeitung renames recipe and saves","invocations":1,"location":null,"numPassingAsserts":3,"retryReasons":[],"startAt":1773260550997,"status":"passed","title":"renames recipe and saves"},{"ancestorTitles":["editors/rezeptFelderBearbeitung"],"duration":0,"failing":false,"failureDetails":[],"failureMessages":[],"fullName":"editors/rezeptFelderBearbeitung changes difficulty and saves","invocations":1,"location":null,"numPassingAsserts":2,"retryReasons":[],"startAt":1773260551000,"status":"passed","title":"changes difficulty and saves"},{"ancestorTitles":["editors/rezeptFelderBearbeitung"],"duration":2,"failing":false,"failureDetails":[],"failureMessages":[],"fullName":"editors/rezeptFelderBearbeitung delegates to categories editor and saves returned recipe","invocations":1,"location":null,"numPassingAsserts":2,"retryReasons":[],"startAt":1773260551001,"status":"passed","title":"delegates to categories editor and saves returned recipe"}],"endTime":1773260551004,"message":"","name":"C:\\Users\\Jannik\\Documents\\Kochrezepte\\ProjektKochrezepte\\tests\\rezeptFelderBearbeitung.editor.test.js","startTime":1773260550908,"status":"passed","summary":""},{"assertionResults":[{"ancestorTitles":["editors/kategorienBearbeitung"],"duration":3,"failing":false,"failureDetails":[],"failureMessages":[],"fullName":"editors/kategorienBearbeitung adds a category","invocations":1,"location":null,"numPassingAsserts":1,"retryReasons":[],"startAt":1773260551094,"status":"passed","title":"adds a category"},{"ancestorTitles":["editors/kategorienBearbeitung"],"duration":1,"failing":false,"failureDetails":[],"failureMessages":[],"fullName":"editors/kategorienBearbeitung returns null on back","invocations":1,"location":null,"numPassingAsserts":1,"retryReasons":[],"startAt":1773260551098,"status":"passed","title":"returns null on back"},{"ancestorTitles":["editors/kategorienBearbeitung"],"duration":0,"failing":false,"failureDetails":[],"failureMessages":[],"fullName":"editors/kategorienBearbeitung renames a category","invocations":1,"location":null,"numPassingAsserts":1,"retryReasons":[],"startAt":1773260551100,"status":"passed","title":"renames a category"},{"ancestorTitles":["editors/kategorienBearbeitung"],"duration":1,"failing":false,"failureDetails":[],"failureMessages":[],"fullName":"editors/kategorienBearbeitung replaces all categories from comma-separated input","invocations":1,"location":null,"numPassingAsserts":1,"retryReasons":[],"startAt":1773260551101,"status":"passed","title":"replaces all categories from comma-separated input"}],"endTime":1773260551103,"message":"","name":"C:\\Users\\Jannik\\Documents\\Kochrezepte\\ProjektKochrezepte\\tests\\kategorienBearbeitung.editor.test.js","startTime":1773260551012,"status":"passed","summary":""},{"assertionResults":[{"ancestorTitles":["rezeptSpeicher","ladeRezepte"],"duration":3,"failing":false,"failureDetails":[],"failureMessages":[],"fullName":"rezeptSpeicher ladeRezepte should return recipes when JSON file is valid","invocations":1,"location":null,"numPassingAsserts":1,"retryReasons":[],"startAt":1773260551230,"status":"passed","title":"should return recipes when JSON file is valid"},{"ancestorTitles":["rezeptSpeicher","ladeRezepte"],"duration":1,"failing":false,"failureDetails":[],"failureMessages":[],"fullName":"rezeptSpeicher ladeRezepte should return empty array when file contains no array","invocations":1,"location":null,"numPassingAsserts":1,"retryReasons":[],"startAt":1773260551235,"status":"passed","title":"should return empty array when file contains no array"},{"ancestorTitles":["rezeptSpeicher","ladeRezepte"],"duration":3,"failing":false,"failureDetails":[],"failureMessages":[],"fullName":"rezeptSpeicher ladeRezepte should return empty array when JSON is invalid","invocations":1,"location":null,"numPassingAsserts":1,"retryReasons":[],"startAt":1773260551237,"status":"passed","title":"should return empty array when JSON is invalid"},{"ancestorTitles":["rezeptSpeicher","ladeRezepte"],"duration":2,"failing":false,"failureDetails":[],"failureMessages":[],"fullName":"rezeptSpeicher ladeRezepte should return empty array when file read fails","invocations":1,"location":null,"numPassingAsserts":1,"retryReasons":[],"startAt":1773260551241,"status":"passed","title":"should return empty array when file read fails"},{"ancestorTitles":["rezeptSpeicher","speichereRezepte"],"duration":1,"failing":false,"failureDetails":[],"failureMessages":[],"fullName":"rezeptSpeicher speichereRezepte should write recipes as formatted JSON","invocations":1,"location":null,"numPassingAsserts":1,"retryReasons":[],"startAt":1773260551244,"status":"passed","title":"should write recipes as formatted JSON"}],"endTime":1773260551249,"message":"","name":"C:\\Users\\Jannik\\Documents\\Kochrezepte\\ProjektKochrezepte\\tests\\rezeptSpeicher.test.js","startTime":1773260551110,"status":"passed","summary":""},{"assertionResults":[{"ancestorTitles":["editors/arbeitsschritteBearbeitung"],"duration":2,"failing":false,"failureDetails":[],"failureMessages":[],"fullName":"editors/arbeitsschritteBearbeitung adds a step via first menu action","invocations":1,"location":null,"numPassingAsserts":1,"retryReasons":[],"startAt":1773260551380,"status":"passed","title":"adds a step via first menu action"},{"ancestorTitles":["editors/arbeitsschritteBearbeitung"],"duration":1,"failing":false,"failureDetails":[],"failureMessages":[],"fullName":"editors/arbeitsschritteBearbeitung changes a step via third menu action","invocations":1,"location":null,"numPassingAsserts":1,"retryReasons":[],"startAt":1773260551383,"status":"passed","title":"changes a step via third menu action"},{"ancestorTitles":["editors/arbeitsschritteBearbeitung"],"duration":0,"failing":false,"failureDetails":[],"failureMessages":[],"fullName":"editors/arbeitsschritteBearbeitung replaces all steps via fourth menu action","invocations":1,"location":null,"numPassingAsserts":1,"retryReasons":[],"startAt":1773260551385,"status":"passed","title":"replaces all steps via fourth menu action"}],"endTime":1773260551387,"message":"","name":"C:\\Users\\Jannik\\Documents\\Kochrezepte\\ProjektKochrezepte\\tests\\arbeitsschritteBearbeitung.editor.test.js","startTime":1773260551262,"status":"passed","summary":""},{"assertionResults":[{"ancestorTitles":["zutatenBearbeitung - Validierungen","Zutat Duplikat Erkennung"],"duration":1,"failing":false,"failureDetails":[],"failureMessages":[],"fullName":"zutatenBearbeitung - Validierungen Zutat Duplikat Erkennung should detect duplicate ingredients (case-insensitive)","invocations":1,"location":null,"numPassingAsserts":1,"retryReasons":[],"startAt":1773260551483,"status":"passed","title":"should detect duplicate ingredients (case-insensitive)"},{"ancestorTitles":["zutatenBearbeitung - Validierungen","Zutat Duplikat Erkennung"],"duration":1,"failing":false,"failureDetails":[],"failureMessages":[],"fullName":"zutatenBearbeitung - Validierungen Zutat Duplikat Erkennung should allow new unique ingredient","invocations":1,"location":null,"numPassingAsserts":1,"retryReasons":[],"startAt":1773260551485,"status":"passed","title":"should allow new unique ingredient"},{"ancestorTitles":["zutatenBearbeitung - Validierungen","Zutat Duplikat Erkennung"],"duration":0,"failing":false,"failureDetails":[],"failureMessages":[],"fullName":"zutatenBearbeitung - Validierungen Zutat Duplikat Erkennung should handle empty ingredients list","invocations":1,"location":null,"numPassingAsserts":1,"retryReasons":[],"startAt":1773260551487,"status":"passed","title":"should handle empty ingredients list"},{"ancestorTitles":["zutatenBearbeitung - Validierungen","Zutat Array Initialisierung"],"duration":1,"failing":false,"failureDetails":[],"failureMessages":[],"fullName":"zutatenBearbeitung - Validierungen Zutat Array Initialisierung should initialize empty zutaten array if missing","invocations":1,"location":null,"numPassingAsserts":2,"retryReasons":[],"startAt":1773260551488,"status":"passed","title":"should initialize empty zutaten array if missing"},{"ancestorTitles":["zutatenBearbeitung - Validierungen","Zutat Array Initialisierung"],"duration":1,"failing":false,"failureDetails":[],"failureMessages":[],"fullName":"zutatenBearbeitung - Validierungen Zutat Array Initialisierung should preserve existing zutaten array","invocations":1,"location":null,"numPassingAsserts":1,"retryReasons":[],"startAt":1773260551489,"status":"passed","title":"should preserve existing zutaten array"},{"ancestorTitles":["zutatenBearbeitung - Validierungen","Zutat Hinzufügen"],"duration":0,"failing":false,"failureDetails":[],"failureMessages":[],"fullName":"zutatenBearbeitung - Validierungen Zutat Hinzufügen should add new ingredient with name and amount","invocations":1,"location":null,"numPassingAsserts":2,"retryReasons":[],"startAt":1773260551491,"status":"passed","title":"should add new ingredient with name and amount"},{"ancestorTitles":["zutatenBearbeitung - Validierungen","Zutat Hinzufügen"],"duration":0,"failing":false,"failureDetails":[],"failureMessages":[],"fullName":"zutatenBearbeitung - Validierungen Zutat Hinzufügen should handle adding to empty zutaten array","invocations":1,"location":null,"numPassingAsserts":2,"retryReasons":[],"startAt":1773260551492,"status":"passed","title":"should handle adding to empty zutaten array"},{"ancestorTitles":["zutatenBearbeitung - Validierungen","Mindestanzahl Zutaten Validierung"],"duration":0,"failing":false,"failureDetails":[],"failureMessages":[],"fullName":"zutatenBearbeitung - Validierungen Mindestanzahl Zutaten Validierung should prevent deletion when only one ingredient remains","invocations":1,"location":null,"numPassingAsserts":1,"retryReasons":[],"startAt":1773260551496,"status":"passed","title":"should prevent deletion when only one ingredient remains"},{"ancestorTitles":["zutatenBearbeitung - Validierungen","Mindestanzahl Zutaten Validierung"],"duration":0,"failing":false,"failureDetails":[],"failureMessages":[],"fullName":"zutatenBearbeitung - Validierungen Mindestanzahl Zutaten Validierung should allow deletion when multiple ingredients exist","invocations":1,"location":null,"numPassingAsserts":1,"retryReasons":[],"startAt":1773260551497,"status":"passed","title":"should allow deletion when multiple ingredients exist"},{"ancestorTitles":["kategorienBearbeitung - Validierungen","Kategorie Duplikat Erkennung"],"duration":0,"failing":false,"failureDetails":[],"failureMessages":[],"fullName":"kategorienBearbeitung - Validierungen Kategorie Duplikat Erkennung should detect duplicate categories (case-insensitive)","invocations":1,"location":null,"numPassingAsserts":1,"retryReasons":[],"startAt":1773260551498,"status":"passed","title":"should detect duplicate categories (case-insensitive)"},{"ancestorTitles":["kategorienBearbeitung - Validierungen","Kategorie Duplikat Erkennung"],"duration":1,"failing":false,"failureDetails":[],"failureMessages":[],"fullName":"kategorienBearbeitung - Validierungen Kategorie Duplikat Erkennung should allow new unique category","invocations":1,"location":null,"numPassingAsserts":1,"retryReasons":[],"startAt":1773260551498,"status":"passed","title":"should allow new unique category"},{"ancestorTitles":["kategorienBearbeitung - Validierungen","Kategorie Array Initialisierung"],"duration":0,"failing":false,"failureDetails":[],"failureMessages":[],"fullName":"kategorienBearbeitung - Validierungen Kategorie Array Initialisierung should initialize empty kategorien array if missing","invocations":1,"location":null,"numPassingAsserts":2,"retryReasons":[],"startAt":1773260551499,"status":"passed","title":"should initialize empty kategorien array if missing"},{"ancestorTitles":["kategorienBearbeitung - Validierungen","Mindestanzahl Kategorien Validierung"],"duration":0,"failing":false,"failureDetails":[],"failureMessages":[],"fullName":"kategorienBearbeitung - Validierungen Mindestanzahl Kategorien Validierung should prevent deletion when only one category remains","invocations":1,"location":null,"numPassingAsserts":1,"retryReasons":[],"startAt":1773260551500,"status":"passed","title":"should prevent deletion when only one category remains"},{"ancestorTitles":["kategorienBearbeitung - Validierungen","Mindestanzahl Kategorien Validierung"],"duration":0,"failing":false,"failureDetails":[],"failureMessages":[],"fullName":"kategorienBearbeitung - Validierungen Mindestanzahl Kategorien Validierung should allow deletion when multiple categories exist","invocations":1,"location":null,"numPassingAsserts":1,"retryReasons":[],"startAt":1773260551500,"status":"passed","title":"should allow deletion when multiple categories exist"},{"ancestorTitles":["arbeitsschritteBearbeitung - Validierungen","Arbeitsschritt Mindestanzahl"],"duration":1,"failing":false,"failureDetails":[],"failureMessages":[],"fullName":"arbeitsschritteBearbeitung - Validierungen Arbeitsschritt Mindestanzahl should prevent deletion when only one step remains","invocations":1,"location":null,"numPassingAsserts":1,"retryReasons":[],"startAt":1773260551500,"status":"passed","title":"should prevent deletion when only one step remains"},{"ancestorTitles":["arbeitsschritteBearbeitung - Validierungen","Arbeitsschritt Mindestanzahl"],"duration":0,"failing":false,"failureDetails":[],"failureMessages":[],"fullName":"arbeitsschritteBearbeitung - Validierungen Arbeitsschritt Mindestanzahl should allow deletion when multiple steps exist","invocations":1,"location":null,"numPassingAsserts":1,"retryReasons":[],"startAt":1773260551501,"status":"passed","title":"should allow deletion when multiple steps exist"},{"ancestorTitles":["arbeitsschritteBearbeitung - Validierungen","Arbeitsschritt Einfügen an Position"],"duration":1,"failing":false,"failureDetails":[],"failureMessages":[],"fullName":"arbeitsschritteBearbeitung - Validierungen Arbeitsschritt Einfügen an Position should insert step at the beginning","invocations":1,"location":null,"numPassingAsserts":1,"retryReasons":[],"startAt":1773260551501,"status":"passed","title":"should insert step at the beginning"},{"ancestorTitles":["arbeitsschritteBearbeitung - Validierungen","Arbeitsschritt Einfügen an Position"],"duration":0,"failing":false,"failureDetails":[],"failureMessages":[],"fullName":"arbeitsschritteBearbeitung - Validierungen Arbeitsschritt Einfügen an Position should insert step in the middle","invocations":1,"location":null,"numPassingAsserts":1,"retryReasons":[],"startAt":1773260551502,"status":"passed","title":"should insert step in the middle"},{"ancestorTitles":["arbeitsschritteBearbeitung - Validierungen","Arbeitsschritt Einfügen an Position"],"duration":0,"failing":false,"failureDetails":[],"failureMessages":[],"fullName":"arbeitsschritteBearbeitung - Validierungen Arbeitsschritt Einfügen an Position should append step at the end","invocations":1,"location":null,"numPassingAsserts":1,"retryReasons":[],"startAt":1773260551503,"status":"passed","title":"should append step at the end"}],"endTime":1773260551504,"message":"","name":"C:\\Users\\Jannik\\Documents\\Kochrezepte\\ProjektKochrezepte\\tests\\bearbeitungen.test.js","startTime":1773260551396,"status":"passed","summary":""},{"assertionResults":[{"ancestorTitles":["hauptMenues"],"duration":3,"failing":false,"failureDetails":[],"failureMessages":[],"fullName":"hauptMenues exits when selecting Beenden","invocations":1,"location":null,"numPassingAsserts":1,"retryReasons":[],"startAt":1773260551587,"status":"passed","title":"exits when selecting Beenden"},{"ancestorTitles":["hauptMenues"],"duration":1,"failing":false,"failureDetails":[],"failureMessages":[],"fullName":"hauptMenues calls rezeptAuswahlMenue and then exits","invocations":1,"location":null,"numPassingAsserts":1,"retryReasons":[],"startAt":1773260551591,"status":"passed","title":"calls rezeptAuswahlMenue and then exits"},{"ancestorTitles":["hauptMenues"],"duration":1,"failing":false,"failureDetails":[],"failureMessages":[],"fullName":"hauptMenues calls KI menu path and then exits","invocations":1,"location":null,"numPassingAsserts":1,"retryReasons":[],"startAt":1773260551593,"status":"passed","title":"calls KI menu path and then exits"}],"endTime":1773260551596,"message":"","name":"C:\\Users\\Jannik\\Documents\\Kochrezepte\\ProjektKochrezepte\\tests\\hauptMenues.test.js","startTime":1773260551509,"status":"passed","summary":""},{"assertionResults":[{"ancestorTitles":["rezeptFelderBearbeitung - Validierungen","Rezept Name Validierung"],"duration":1,"failing":false,"failureDetails":[],"failureMessages":[],"fullName":"rezeptFelderBearbeitung - Validierungen Rezept Name Validierung should detect duplicate recipe names (case-insensitive)","invocations":1,"location":null,"numPassingAsserts":1,"retryReasons":[],"startAt":1773260551681,"status":"passed","title":"should detect duplicate recipe names (case-insensitive)"},{"ancestorTitles":["rezeptFelderBearbeitung - Validierungen","Rezept Name Validierung"],"duration":0,"failing":false,"failureDetails":[],"failureMessages":[],"fullName":"rezeptFelderBearbeitung - Validierungen Rezept Name Validierung should not detect duplicate when renaming to own name","invocations":1,"location":null,"numPassingAsserts":1,"retryReasons":[],"startAt":1773260551684,"status":"passed","title":"should not detect duplicate when renaming to own name"},{"ancestorTitles":["rezeptFelderBearbeitung - Validierungen","Rezept Name Validierung"],"duration":0,"failing":false,"failureDetails":[],"failureMessages":[],"fullName":"rezeptFelderBearbeitung - Validierungen Rezept Name Validierung should allow new unique name","invocations":1,"location":null,"numPassingAsserts":1,"retryReasons":[],"startAt":1773260551685,"status":"passed","title":"should allow new unique name"}],"endTime":1773260551687,"message":"","name":"C:\\Users\\Jannik\\Documents\\Kochrezepte\\ProjektKochrezepte\\tests\\validierung.test.js","startTime":1773260551603,"status":"passed","summary":""},{"assertionResults":[{"ancestorTitles":["listenMenue"],"duration":5,"failing":false,"failureDetails":[],"failureMessages":[],"fullName":"listenMenue returns null when user selects Zurueck","invocations":1,"location":null,"numPassingAsserts":2,"retryReasons":[],"startAt":1773260551826,"status":"passed","title":"returns null when user selects Zurueck"},{"ancestorTitles":["listenMenue"],"duration":1,"failing":false,"failureDetails":[],"failureMessages":[],"fullName":"listenMenue returns edited recipe when selected action returns non-null","invocations":1,"location":null,"numPassingAsserts":2,"retryReasons":[],"startAt":1773260551833,"status":"passed","title":"returns edited recipe when selected action returns non-null"},{"ancestorTitles":["listenMenue"],"duration":2,"failing":false,"failureDetails":[],"failureMessages":[],"fullName":"listenMenue loops until an action returns non-null","invocations":1,"location":null,"numPassingAsserts":3,"retryReasons":[],"startAt":1773260551835,"status":"passed","title":"loops until an action returns non-null"}],"endTime":1773260551838,"message":"","name":"C:\\Users\\Jannik\\Documents\\Kochrezepte\\ProjektKochrezepte\\tests\\listenMenue.test.js","startTime":1773260551697,"status":"passed","summary":""}],"wasInterrupted":false}
