{"numFailedTestSuites":1,"numFailedTests":0,"numPassedTestSuites":11,"numPassedTests":88,"numPendingTestSuites":0,"numPendingTests":0,"numRuntimeErrorTestSuites":1,"numTodoTests":0,"numTotalTestSuites":12,"numTotalTests":88,"openHandles":[],"snapshot":{"added":0,"didUpdate":false,"failure":false,"filesAdded":0,"filesRemoved":0,"filesRemovedList":[],"filesUnmatched":0,"filesUpdated":0,"matched":0,"total":0,"unchecked":0,"uncheckedKeysByFile":[],"unmatched":0,"updated":0},"startTime":1773748389803,"success":false,"testResults":[{"assertionResults":[],"coverage":{},"endTime":1773748391999,"message":"  \u001b[1m● \u001b[22mTest suite failed to run\n\n    SyntaxError: The requested module '../ui/eingabe.js' does not provide an export named 'question'\n\n    \u001b[0m \u001b[90m 39 |\u001b[39m }))\u001b[33m;\u001b[39m\n     \u001b[90m 40 |\u001b[39m\n    \u001b[31m\u001b[1m>\u001b[22m\u001b[39m\u001b[90m 41 |\u001b[39m \u001b[36mconst\u001b[39m { hauptMenue } \u001b[33m=\u001b[39m \u001b[36mawait\u001b[39m \u001b[36mimport\u001b[39m(\u001b[32m'../menus/hauptMenues.js'\u001b[39m)\u001b[33m;\u001b[39m\n     \u001b[90m    |\u001b[39m                        \u001b[31m\u001b[1m^\u001b[22m\u001b[39m\n     \u001b[90m 42 |\u001b[39m\n     \u001b[90m 43 |\u001b[39m describe(\u001b[32m'hauptMenues'\u001b[39m\u001b[33m,\u001b[39m () \u001b[33m=>\u001b[39m {\n     \u001b[90m 44 |\u001b[39m     beforeEach(() \u001b[33m=>\u001b[39m {\u001b[0m\n\n      \u001b[2mat Runtime.linkAndEvaluateModule (\u001b[22mnode_modules/jest-runtime/build/index.js\u001b[2m:682:5)\u001b[22m\n      \u001b[2mat \u001b[22m\u001b[0m\u001b[36mtests/hauptMenues.test.js\u001b[39m\u001b[0m\u001b[2m:41:24\u001b[22m\n","name":"C:\\Users\\Jannik\\Documents\\Kochrezepte\\ProjektKochrezepte\\tests\\hauptMenues.test.js","startTime":1773748391999,"status":"failed","summary":""},{"assertionResults":[{"ancestorTitles":["anzeige","holeKategorien"],"duration":11,"failing":false,"failureDetails":[],"failureMessages":[],"fullName":"anzeige holeKategorien normalisiert Kategorien, entfernt ungueltige Eintraege und dedupliziert case-insensitive ueber mehrere Rezepte","invocations":1,"location":null,"numPassingAsserts":1,"retryReasons":[],"startAt":1773748390361,"status":"passed","title":"normalisiert Kategorien, entfernt ungueltige Eintraege und dedupliziert case-insensitive ueber mehrere Rezepte"},{"ancestorTitles":["anzeige","holeKategorien"],"duration":0,"failing":false,"failureDetails":[],"failureMessages":[],"fullName":"anzeige holeKategorien sortiert Kategorien mit deutscher Locale und behaelt die erste Schreibweise pro Kategorie","invocations":1,"location":null,"numPassingAsserts":1,"retryReasons":[],"startAt":1773748390373,"status":"passed","title":"sortiert Kategorien mit deutscher Locale und behaelt die erste Schreibweise pro Kategorie"},{"ancestorTitles":["anzeige","holeKategorien"],"duration":0,"failing":false,"failureDetails":[],"failureMessages":[],"fullName":"anzeige holeKategorien gibt ein leeres Array zurueck wenn keine verwertbaren Kategorien vorhanden sind","invocations":1,"location":null,"numPassingAsserts":1,"retryReasons":[],"startAt":1773748390375,"status":"passed","title":"gibt ein leeres Array zurueck wenn keine verwertbaren Kategorien vorhanden sind"},{"ancestorTitles":["anzeige","holeKategorien"],"duration":1,"failing":false,"failureDetails":[],"failureMessages":[],"fullName":"anzeige holeKategorien gibt fuer eine leere Rezeptliste ebenfalls ein leeres Array zurueck","invocations":1,"location":null,"numPassingAsserts":1,"retryReasons":[],"startAt":1773748390376,"status":"passed","title":"gibt fuer eine leere Rezeptliste ebenfalls ein leeres Array zurueck"},{"ancestorTitles":["anzeige","zeigeZutatenListe"],"duration":1,"failing":false,"failureDetails":[],"failureMessages":[],"fullName":"anzeige zeigeZutatenListe gibt Ueberschrift und nummerierte Zutaten in Reihenfolge aus","invocations":1,"location":null,"numPassingAsserts":1,"retryReasons":[],"startAt":1773748390378,"status":"passed","title":"gibt Ueberschrift und nummerierte Zutaten in Reihenfolge aus"},{"ancestorTitles":["anzeige","zeigeZutatenListe"],"duration":0,"failing":false,"failureDetails":[],"failureMessages":[],"fullName":"anzeige zeigeZutatenListe gibt bei fehlenden oder leeren Zutaten nur die Ueberschrift aus","invocations":1,"location":null,"numPassingAsserts":1,"retryReasons":[],"startAt":1773748390380,"status":"passed","title":"gibt bei fehlenden oder leeren Zutaten nur die Ueberschrift aus"},{"ancestorTitles":["anzeige","zeigeArbeitsschritteListe"],"duration":1,"failing":false,"failureDetails":[],"failureMessages":[],"fullName":"anzeige zeigeArbeitsschritteListe gibt Ueberschrift und nummerierte Arbeitsschritte aus","invocations":1,"location":null,"numPassingAsserts":1,"retryReasons":[],"startAt":1773748390381,"status":"passed","title":"gibt Ueberschrift und nummerierte Arbeitsschritte aus"},{"ancestorTitles":["anzeige","zeigeArbeitsschritteListe"],"duration":0,"failing":false,"failureDetails":[],"failureMessages":[],"fullName":"anzeige zeigeArbeitsschritteListe gibt bei fehlenden oder leeren Arbeitsschritten nur die Ueberschrift aus","invocations":1,"location":null,"numPassingAsserts":1,"retryReasons":[],"startAt":1773748390382,"status":"passed","title":"gibt bei fehlenden oder leeren Arbeitsschritten nur die Ueberschrift aus"},{"ancestorTitles":["anzeige","zeigeRezeptDetails"],"duration":1,"failing":false,"failureDetails":[],"failureMessages":[],"fullName":"anzeige zeigeRezeptDetails leert die Konsole und gibt eine vollstaendige Detailansicht aus","invocations":1,"location":null,"numPassingAsserts":2,"retryReasons":[],"startAt":1773748390383,"status":"passed","title":"leert die Konsole und gibt eine vollstaendige Detailansicht aus"},{"ancestorTitles":["anzeige","zeigeRezeptDetails"],"duration":0,"failing":false,"failureDetails":[],"failureMessages":[],"fullName":"anzeige zeigeRezeptDetails verwendet Platzhalter fuer fehlende optionale Felder und zeigt leere Bereiche stabil an","invocations":1,"location":null,"numPassingAsserts":2,"retryReasons":[],"startAt":1773748390385,"status":"passed","title":"verwendet Platzhalter fuer fehlende optionale Felder und zeigt leere Bereiche stabil an"},{"ancestorTitles":["anzeige","zeigeRezeptDetails"],"duration":0,"failing":false,"failureDetails":[],"failureMessages":[],"fullName":"anzeige zeigeRezeptDetails zeigt Favorit-Status als Favorit wenn das Rezept markiert ist","invocations":1,"location":null,"numPassingAsserts":1,"retryReasons":[],"startAt":1773748390386,"status":"passed","title":"zeigt Favorit-Status als Favorit wenn das Rezept markiert ist"}],"endTime":1773748390387,"message":"","name":"C:\\Users\\Jannik\\Documents\\Kochrezepte\\ProjektKochrezepte\\tests\\anzeige.test.js","startTime":1773748390260,"status":"passed","summary":""},{"assertionResults":[{"ancestorTitles":["editors/favoritBearbeitung"],"duration":8,"failing":false,"failureDetails":[],"failureMessages":[],"fullName":"editors/favoritBearbeitung adds recipe to favorites when recipe is not favorite","invocations":1,"location":null,"numPassingAsserts":4,"retryReasons":[],"startAt":1773748390573,"status":"passed","title":"adds recipe to favorites when recipe is not favorite"},{"ancestorTitles":["editors/favoritBearbeitung"],"duration":3,"failing":false,"failureDetails":[],"failureMessages":[],"fullName":"editors/favoritBearbeitung returns null on back when recipe is not favorite","invocations":1,"location":null,"numPassingAsserts":3,"retryReasons":[],"startAt":1773748390583,"status":"passed","title":"returns null on back when recipe is not favorite"},{"ancestorTitles":["editors/favoritBearbeitung"],"duration":2,"failing":false,"failureDetails":[],"failureMessages":[],"fullName":"editors/favoritBearbeitung removes recipe from favorites when recipe is already favorite","invocations":1,"location":null,"numPassingAsserts":4,"retryReasons":[],"startAt":1773748390587,"status":"passed","title":"removes recipe from favorites when recipe is already favorite"},{"ancestorTitles":["editors/favoritBearbeitung"],"duration":1,"failing":false,"failureDetails":[],"failureMessages":[],"fullName":"editors/favoritBearbeitung returns null on back when recipe is already favorite","invocations":1,"location":null,"numPassingAsserts":3,"retryReasons":[],"startAt":1773748390591,"status":"passed","title":"returns null on back when recipe is already favorite"}],"endTime":1773748390596,"message":"","name":"C:\\Users\\Jannik\\Documents\\Kochrezepte\\ProjektKochrezepte\\tests\\favoritBearbeitung.editor.test.js","startTime":1773748390396,"status":"passed","summary":""},{"assertionResults":[{"ancestorTitles":["editors/arbeitsschritteBearbeitung"],"duration":2,"failing":false,"failureDetails":[],"failureMessages":[],"fullName":"editors/arbeitsschritteBearbeitung adds a step via first menu action","invocations":1,"location":null,"numPassingAsserts":1,"retryReasons":[],"startAt":1773748390744,"status":"passed","title":"adds a step via first menu action"},{"ancestorTitles":["editors/arbeitsschritteBearbeitung"],"duration":1,"failing":false,"failureDetails":[],"failureMessages":[],"fullName":"editors/arbeitsschritteBearbeitung appends a step when end position is selected","invocations":1,"location":null,"numPassingAsserts":1,"retryReasons":[],"startAt":1773748390747,"status":"passed","title":"appends a step when end position is selected"},{"ancestorTitles":["editors/arbeitsschritteBearbeitung"],"duration":1,"failing":false,"failureDetails":[],"failureMessages":[],"fullName":"editors/arbeitsschritteBearbeitung changes a step via third menu action","invocations":1,"location":null,"numPassingAsserts":1,"retryReasons":[],"startAt":1773748390749,"status":"passed","title":"changes a step via third menu action"},{"ancestorTitles":["editors/arbeitsschritteBearbeitung"],"duration":1,"failing":false,"failureDetails":[],"failureMessages":[],"fullName":"editors/arbeitsschritteBearbeitung prevents deleting the last remaining step","invocations":1,"location":null,"numPassingAsserts":3,"retryReasons":[],"startAt":1773748390751,"status":"passed","title":"prevents deleting the last remaining step"},{"ancestorTitles":["editors/arbeitsschritteBearbeitung"],"duration":0,"failing":false,"failureDetails":[],"failureMessages":[],"fullName":"editors/arbeitsschritteBearbeitung replaces all steps via fourth menu action","invocations":1,"location":null,"numPassingAsserts":1,"retryReasons":[],"startAt":1773748390753,"status":"passed","title":"replaces all steps via fourth menu action"}],"endTime":1773748390755,"message":"","name":"C:\\Users\\Jannik\\Documents\\Kochrezepte\\ProjektKochrezepte\\tests\\arbeitsschritteBearbeitung.editor.test.js","startTime":1773748390619,"status":"passed","summary":""},{"assertionResults":[{"ancestorTitles":["eingabe.js","leereKonsole"],"duration":5,"failing":false,"failureDetails":[],"failureMessages":[],"fullName":"eingabe.js leereKonsole schreibt ANSI-Clear-Escape-Code auf stdout","invocations":1,"location":null,"numPassingAsserts":1,"retryReasons":[],"startAt":1773748390914,"status":"passed","title":"schreibt ANSI-Clear-Escape-Code auf stdout"},{"ancestorTitles":["eingabe.js","istInputGeschlossenFehler"],"duration":1,"failing":false,"failureDetails":[],"failureMessages":[],"fullName":"eingabe.js istInputGeschlossenFehler gibt true zurück für INPUT_GESCHLOSSEN-Fehler","invocations":1,"location":null,"numPassingAsserts":1,"retryReasons":[],"startAt":1773748390921,"status":"passed","title":"gibt true zurück für INPUT_GESCHLOSSEN-Fehler"},{"ancestorTitles":["eingabe.js","istInputGeschlossenFehler"],"duration":1,"failing":false,"failureDetails":[],"failureMessages":[],"fullName":"eingabe.js istInputGeschlossenFehler gibt false zurück für anderen Fehler","invocations":1,"location":null,"numPassingAsserts":1,"retryReasons":[],"startAt":1773748390923,"status":"passed","title":"gibt false zurück für anderen Fehler"},{"ancestorTitles":["eingabe.js","istInputGeschlossenFehler"],"duration":1,"failing":false,"failureDetails":[],"failureMessages":[],"fullName":"eingabe.js istInputGeschlossenFehler gibt false zurück für Nicht-Error-Werte","invocations":1,"location":null,"numPassingAsserts":4,"retryReasons":[],"startAt":1773748390926,"status":"passed","title":"gibt false zurück für Nicht-Error-Werte"},{"ancestorTitles":["eingabe.js","question"],"duration":1,"failing":false,"failureDetails":[],"failureMessages":[],"fullName":"eingabe.js question gibt die Benutzereingabe zurück","invocations":1,"location":null,"numPassingAsserts":2,"retryReasons":[],"startAt":1773748390929,"status":"passed","title":"gibt die Benutzereingabe zurück"},{"ancestorTitles":["eingabe.js","question"],"duration":1,"failing":false,"failureDetails":[],"failureMessages":[],"fullName":"eingabe.js question kann mehrfach hintereinander aufgerufen werden","invocations":1,"location":null,"numPassingAsserts":2,"retryReasons":[],"startAt":1773748390932,"status":"passed","title":"kann mehrfach hintereinander aufgerufen werden"},{"ancestorTitles":["eingabe.js","question"],"duration":22,"failing":false,"failureDetails":[],"failureMessages":[],"fullName":"eingabe.js question wirft Fehler wenn Interface bereits geschlossen","invocations":1,"location":null,"numPassingAsserts":1,"retryReasons":[],"startAt":1773748390934,"status":"passed","title":"wirft Fehler wenn Interface bereits geschlossen"},{"ancestorTitles":["eingabe.js","warteAufEnter"],"duration":1,"failing":false,"failureDetails":[],"failureMessages":[],"fullName":"eingabe.js warteAufEnter ruft question mit Standard-Prompt auf","invocations":1,"location":null,"numPassingAsserts":1,"retryReasons":[],"startAt":1773748390958,"status":"passed","title":"ruft question mit Standard-Prompt auf"},{"ancestorTitles":["eingabe.js","warteAufEnter"],"duration":0,"failing":false,"failureDetails":[],"failureMessages":[],"fullName":"eingabe.js warteAufEnter ruft question mit benutzerdefiniertem Prompt auf","invocations":1,"location":null,"numPassingAsserts":1,"retryReasons":[],"startAt":1773748390961,"status":"passed","title":"ruft question mit benutzerdefiniertem Prompt auf"},{"ancestorTitles":["eingabe.js","wurdeAbgebrochen"],"duration":0,"failing":false,"failureDetails":[],"failureMessages":[],"fullName":"eingabe.js wurdeAbgebrochen gibt true zurück und wartet auf Enter bei \"abbrechen\"","invocations":1,"location":null,"numPassingAsserts":2,"retryReasons":[],"startAt":1773748390963,"status":"passed","title":"gibt true zurück und wartet auf Enter bei \"abbrechen\""},{"ancestorTitles":["eingabe.js","wurdeAbgebrochen"],"duration":0,"failing":false,"failureDetails":[],"failureMessages":[],"fullName":"eingabe.js wurdeAbgebrochen erkennt \"ABBRECHEN\" case-insensitive","invocations":1,"location":null,"numPassingAsserts":1,"retryReasons":[],"startAt":1773748390965,"status":"passed","title":"erkennt \"ABBRECHEN\" case-insensitive"},{"ancestorTitles":["eingabe.js","wurdeAbgebrochen"],"duration":1,"failing":false,"failureDetails":[],"failureMessages":[],"fullName":"eingabe.js wurdeAbgebrochen erkennt \"  abbrechen  \" mit Whitespace","invocations":1,"location":null,"numPassingAsserts":1,"retryReasons":[],"startAt":1773748390966,"status":"passed","title":"erkennt \"  abbrechen  \" mit Whitespace"},{"ancestorTitles":["eingabe.js","wurdeAbgebrochen"],"duration":1,"failing":false,"failureDetails":[],"failureMessages":[],"fullName":"eingabe.js wurdeAbgebrochen gibt false zurück bei normaler Eingabe","invocations":1,"location":null,"numPassingAsserts":2,"retryReasons":[],"startAt":1773748390968,"status":"passed","title":"gibt false zurück bei normaler Eingabe"},{"ancestorTitles":["eingabe.js","wurdeAbgebrochen"],"duration":1,"failing":false,"failureDetails":[],"failureMessages":[],"fullName":"eingabe.js wurdeAbgebrochen gibt false zurück bei leerer Eingabe","invocations":1,"location":null,"numPassingAsserts":1,"retryReasons":[],"startAt":1773748390970,"status":"passed","title":"gibt false zurück bei leerer Eingabe"},{"ancestorTitles":["eingabe.js","wurdeAbgebrochen"],"duration":0,"failing":false,"failureDetails":[],"failureMessages":[],"fullName":"eingabe.js wurdeAbgebrochen gibt false zurück bei Nicht-String","invocations":1,"location":null,"numPassingAsserts":1,"retryReasons":[],"startAt":1773748390972,"status":"passed","title":"gibt false zurück bei Nicht-String"},{"ancestorTitles":["eingabe.js","fragePflichtfeld"],"duration":1,"failing":false,"failureDetails":[],"failureMessages":[],"fullName":"eingabe.js fragePflichtfeld gibt eingegebenen Wert zurück","invocations":1,"location":null,"numPassingAsserts":1,"retryReasons":[],"startAt":1773748390974,"status":"passed","title":"gibt eingegebenen Wert zurück"},{"ancestorTitles":["eingabe.js","fragePflichtfeld"],"duration":1,"failing":false,"failureDetails":[],"failureMessages":[],"fullName":"eingabe.js fragePflichtfeld trimmt Whitespace vom Rückgabewert","invocations":1,"location":null,"numPassingAsserts":1,"retryReasons":[],"startAt":1773748390976,"status":"passed","title":"trimmt Whitespace vom Rückgabewert"},{"ancestorTitles":["eingabe.js","fragePflichtfeld"],"duration":8,"failing":false,"failureDetails":[],"failureMessages":[],"fullName":"eingabe.js fragePflichtfeld wiederholt die Frage bei leerer Eingabe","invocations":1,"location":null,"numPassingAsserts":3,"retryReasons":[],"startAt":1773748390978,"status":"passed","title":"wiederholt die Frage bei leerer Eingabe"},{"ancestorTitles":["eingabe.js","fragePflichtfeld"],"duration":1,"failing":false,"failureDetails":[],"failureMessages":[],"fullName":"eingabe.js fragePflichtfeld gibt null zurück bei \"abbrechen\"","invocations":1,"location":null,"numPassingAsserts":1,"retryReasons":[],"startAt":1773748390988,"status":"passed","title":"gibt null zurück bei \"abbrechen\""},{"ancestorTitles":["eingabe.js","frageGanzzahl"],"duration":1,"failing":false,"failureDetails":[],"failureMessages":[],"fullName":"eingabe.js frageGanzzahl gibt gültige Zahl zurück","invocations":1,"location":null,"numPassingAsserts":1,"retryReasons":[],"startAt":1773748390990,"status":"passed","title":"gibt gültige Zahl zurück"},{"ancestorTitles":["eingabe.js","frageGanzzahl"],"duration":1,"failing":false,"failureDetails":[],"failureMessages":[],"fullName":"eingabe.js frageGanzzahl akzeptiert den Grenzwert min","invocations":1,"location":null,"numPassingAsserts":1,"retryReasons":[],"startAt":1773748390992,"status":"passed","title":"akzeptiert den Grenzwert min"},{"ancestorTitles":["eingabe.js","frageGanzzahl"],"duration":0,"failing":false,"failureDetails":[],"failureMessages":[],"fullName":"eingabe.js frageGanzzahl akzeptiert den Grenzwert max","invocations":1,"location":null,"numPassingAsserts":1,"retryReasons":[],"startAt":1773748390995,"status":"passed","title":"akzeptiert den Grenzwert max"},{"ancestorTitles":["eingabe.js","frageGanzzahl"],"duration":1,"failing":false,"failureDetails":[],"failureMessages":[],"fullName":"eingabe.js frageGanzzahl wiederholt bei nicht-numerischer Eingabe","invocations":1,"location":null,"numPassingAsserts":3,"retryReasons":[],"startAt":1773748390997,"status":"passed","title":"wiederholt bei nicht-numerischer Eingabe"},{"ancestorTitles":["eingabe.js","frageGanzzahl"],"duration":1,"failing":false,"failureDetails":[],"failureMessages":[],"fullName":"eingabe.js frageGanzzahl wiederholt bei Zahl unterhalb des Minimums","invocations":1,"location":null,"numPassingAsserts":2,"retryReasons":[],"startAt":1773748390999,"status":"passed","title":"wiederholt bei Zahl unterhalb des Minimums"},{"ancestorTitles":["eingabe.js","frageGanzzahl"],"duration":2,"failing":false,"failureDetails":[],"failureMessages":[],"fullName":"eingabe.js frageGanzzahl wiederholt bei Zahl oberhalb des Maximums","invocations":1,"location":null,"numPassingAsserts":2,"retryReasons":[],"startAt":1773748391001,"status":"passed","title":"wiederholt bei Zahl oberhalb des Maximums"},{"ancestorTitles":["eingabe.js","schliesseEingabe"],"duration":1,"failing":false,"failureDetails":[],"failureMessages":[],"fullName":"eingabe.js schliesseEingabe schließt die readline-Schnittstelle","invocations":1,"location":null,"numPassingAsserts":1,"retryReasons":[],"startAt":1773748391004,"status":"passed","title":"schließt die readline-Schnittstelle"},{"ancestorTitles":["eingabe.js","schliesseEingabe"],"duration":1,"failing":false,"failureDetails":[],"failureMessages":[],"fullName":"eingabe.js schliesseEingabe macht nichts wenn Interface bereits geschlossen ist","invocations":1,"location":null,"numPassingAsserts":1,"retryReasons":[],"startAt":1773748391006,"status":"passed","title":"macht nichts wenn Interface bereits geschlossen ist"}],"endTime":1773748391012,"message":"","name":"C:\\Users\\Jannik\\Documents\\Kochrezepte\\ProjektKochrezepte\\tests\\eingabe.async.test.js","startTime":1773748390761,"status":"passed","summary":""},{"assertionResults":[{"ancestorTitles":["rezeptSpeicher","ladeRezepte"],"duration":6,"failing":false,"failureDetails":[],"failureMessages":[],"fullName":"rezeptSpeicher ladeRezepte should return recipes when JSON file is valid","invocations":1,"location":null,"numPassingAsserts":2,"retryReasons":[],"startAt":1773748391194,"status":"passed","title":"should return recipes when JSON file is valid"},{"ancestorTitles":["rezeptSpeicher","ladeRezepte"],"duration":1,"failing":false,"failureDetails":[],"failureMessages":[],"fullName":"rezeptSpeicher ladeRezepte should return empty array when file contains no array","invocations":1,"location":null,"numPassingAsserts":2,"retryReasons":[],"startAt":1773748391202,"status":"passed","title":"should return empty array when file contains no array"},{"ancestorTitles":["rezeptSpeicher","ladeRezepte"],"duration":2,"failing":false,"failureDetails":[],"failureMessages":[],"fullName":"rezeptSpeicher ladeRezepte should return empty array and log once when JSON is invalid","invocations":1,"location":null,"numPassingAsserts":3,"retryReasons":[],"startAt":1773748391205,"status":"passed","title":"should return empty array and log once when JSON is invalid"},{"ancestorTitles":["rezeptSpeicher","ladeRezepte"],"duration":2,"failing":false,"failureDetails":[],"failureMessages":[],"fullName":"rezeptSpeicher ladeRezepte should return empty array and log once when file read fails","invocations":1,"location":null,"numPassingAsserts":3,"retryReasons":[],"startAt":1773748391208,"status":"passed","title":"should return empty array and log once when file read fails"},{"ancestorTitles":["rezeptSpeicher","speichereRezepte"],"duration":1,"failing":false,"failureDetails":[],"failureMessages":[],"fullName":"rezeptSpeicher speichereRezepte should write recipes as formatted JSON","invocations":1,"location":null,"numPassingAsserts":1,"retryReasons":[],"startAt":1773748391211,"status":"passed","title":"should write recipes as formatted JSON"},{"ancestorTitles":["rezeptSpeicher","speichereRezepte"],"duration":22,"failing":false,"failureDetails":[],"failureMessages":[],"fullName":"rezeptSpeicher speichereRezepte should propagate write errors","invocations":1,"location":null,"numPassingAsserts":1,"retryReasons":[],"startAt":1773748391214,"status":"passed","title":"should propagate write errors"}],"endTime":1773748391240,"message":"","name":"C:\\Users\\Jannik\\Documents\\Kochrezepte\\ProjektKochrezepte\\tests\\rezeptSpeicher.test.js","startTime":1773748391032,"status":"passed","summary":""},{"assertionResults":[{"ancestorTitles":["editors/zutatenBearbeitung"],"duration":2,"failing":false,"failureDetails":[],"failureMessages":[],"fullName":"editors/zutatenBearbeitung adds a new ingredient via first menu action","invocations":1,"location":null,"numPassingAsserts":2,"retryReasons":[],"startAt":1773748391384,"status":"passed","title":"adds a new ingredient via first menu action"},{"ancestorTitles":["editors/zutatenBearbeitung"],"duration":1,"failing":false,"failureDetails":[],"failureMessages":[],"fullName":"editors/zutatenBearbeitung rejects duplicate ingredient and retries until unique input","invocations":1,"location":null,"numPassingAsserts":2,"retryReasons":[],"startAt":1773748391387,"status":"passed","title":"rejects duplicate ingredient and retries until unique input"},{"ancestorTitles":["editors/zutatenBearbeitung"],"duration":1,"failing":false,"failureDetails":[],"failureMessages":[],"fullName":"editors/zutatenBearbeitung changes an ingredient via third menu action","invocations":1,"location":null,"numPassingAsserts":1,"retryReasons":[],"startAt":1773748391389,"status":"passed","title":"changes an ingredient via third menu action"},{"ancestorTitles":["editors/zutatenBearbeitung"],"duration":2,"failing":false,"failureDetails":[],"failureMessages":[],"fullName":"editors/zutatenBearbeitung prevents deleting the last remaining ingredient","invocations":1,"location":null,"numPassingAsserts":3,"retryReasons":[],"startAt":1773748391391,"status":"passed","title":"prevents deleting the last remaining ingredient"},{"ancestorTitles":["editors/zutatenBearbeitung"],"duration":1,"failing":false,"failureDetails":[],"failureMessages":[],"fullName":"editors/zutatenBearbeitung replaces ingredients via fourth menu action","invocations":1,"location":null,"numPassingAsserts":1,"retryReasons":[],"startAt":1773748391393,"status":"passed","title":"replaces ingredients via fourth menu action"}],"endTime":1773748391396,"message":"","name":"C:\\Users\\Jannik\\Documents\\Kochrezepte\\ProjektKochrezepte\\tests\\zutatenBearbeitung.editor.test.js","startTime":1773748391259,"status":"passed","summary":""},{"assertionResults":[{"ancestorTitles":["auswahlMenues"],"duration":3,"failing":false,"failureDetails":[],"failureMessages":[],"fullName":"auswahlMenues returns early when no recipes exist","invocations":1,"location":null,"numPassingAsserts":2,"retryReasons":[],"startAt":1773748391484,"status":"passed","title":"returns early when no recipes exist"},{"ancestorTitles":["auswahlMenues"],"duration":1,"failing":false,"failureDetails":[],"failureMessages":[],"fullName":"auswahlMenues filters recipes by selected category case-insensitively and shows only matching recipe details","invocations":1,"location":null,"numPassingAsserts":3,"retryReasons":[],"startAt":1773748391488,"status":"passed","title":"filters recipes by selected category case-insensitively and shows only matching recipe details"},{"ancestorTitles":["auswahlMenues"],"duration":2,"failing":false,"failureDetails":[],"failureMessages":[],"fullName":"auswahlMenues shows recipe details in Alle Rezepte flow","invocations":1,"location":null,"numPassingAsserts":2,"retryReasons":[],"startAt":1773748391490,"status":"passed","title":"shows recipe details in Alle Rezepte flow"},{"ancestorTitles":["auswahlMenues"],"duration":0,"failing":false,"failureDetails":[],"failureMessages":[],"fullName":"auswahlMenues search returns when user cancels input","invocations":1,"location":null,"numPassingAsserts":2,"retryReasons":[],"startAt":1773748391493,"status":"passed","title":"search returns when user cancels input"},{"ancestorTitles":["auswahlMenues"],"duration":1,"failing":false,"failureDetails":[],"failureMessages":[],"fullName":"auswahlMenues search finds recipe names case-insensitive and shows details","invocations":1,"location":null,"numPassingAsserts":2,"retryReasons":[],"startAt":1773748391494,"status":"passed","title":"search finds recipe names case-insensitive and shows details"},{"ancestorTitles":["auswahlMenues"],"duration":0,"failing":false,"failureDetails":[],"failureMessages":[],"fullName":"auswahlMenues search shows message when no recipe matches","invocations":1,"location":null,"numPassingAsserts":2,"retryReasons":[],"startAt":1773748391496,"status":"passed","title":"search shows message when no recipe matches"},{"ancestorTitles":["auswahlMenues"],"duration":1,"failing":false,"failureDetails":[],"failureMessages":[],"fullName":"auswahlMenues fuegt ein Rezept aus dem Schnellmenue zu Favoriten hinzu und speichert","invocations":1,"location":null,"numPassingAsserts":3,"retryReasons":[],"startAt":1773748391497,"status":"passed","title":"fuegt ein Rezept aus dem Schnellmenue zu Favoriten hinzu und speichert"},{"ancestorTitles":["auswahlMenues"],"duration":1,"failing":false,"failureDetails":[],"failureMessages":[],"fullName":"auswahlMenues entfernt ein bereits favorisiertes Rezept aus Favoriten im Schnellmenue und speichert","invocations":1,"location":null,"numPassingAsserts":3,"retryReasons":[],"startAt":1773748391498,"status":"passed","title":"entfernt ein bereits favorisiertes Rezept aus Favoriten im Schnellmenue und speichert"}],"endTime":1773748391500,"message":"","name":"C:\\Users\\Jannik\\Documents\\Kochrezepte\\ProjektKochrezepte\\tests\\auswahlMenues.test.js","startTime":1773748391402,"status":"passed","summary":""},{"assertionResults":[{"ancestorTitles":["rezeptVerwaltung"],"duration":2,"failing":false,"failureDetails":[],"failureMessages":[],"fullName":"rezeptVerwaltung rezeptLoeschenMenue returns when no recipes exist","invocations":1,"location":null,"numPassingAsserts":1,"retryReasons":[],"startAt":1773748391593,"status":"passed","title":"rezeptLoeschenMenue returns when no recipes exist"},{"ancestorTitles":["rezeptVerwaltung"],"duration":1,"failing":false,"failureDetails":[],"failureMessages":[],"fullName":"rezeptVerwaltung rezeptVeraendernEinzelnMenue returns when no recipes exist","invocations":1,"location":null,"numPassingAsserts":1,"retryReasons":[],"startAt":1773748391596,"status":"passed","title":"rezeptVeraendernEinzelnMenue returns when no recipes exist"},{"ancestorTitles":["rezeptVerwaltung"],"duration":0,"failing":false,"failureDetails":[],"failureMessages":[],"fullName":"rezeptVerwaltung rezeptHinzufuegenMenue cancels when first mandatory field is canceled","invocations":1,"location":null,"numPassingAsserts":2,"retryReasons":[],"startAt":1773748391598,"status":"passed","title":"rezeptHinzufuegenMenue cancels when first mandatory field is canceled"},{"ancestorTitles":["rezeptVerwaltung"],"duration":1,"failing":false,"failureDetails":[],"failureMessages":[],"fullName":"rezeptVerwaltung rezeptLoeschenMenue cancels when user answers n","invocations":1,"location":null,"numPassingAsserts":2,"retryReasons":[],"startAt":1773748391599,"status":"passed","title":"rezeptLoeschenMenue cancels when user answers n"},{"ancestorTitles":["rezeptVerwaltung"],"duration":1,"failing":false,"failureDetails":[],"failureMessages":[],"fullName":"rezeptVerwaltung rezeptLoeschenMenue deletes recipe after confirmation j","invocations":1,"location":null,"numPassingAsserts":3,"retryReasons":[],"startAt":1773748391601,"status":"passed","title":"rezeptLoeschenMenue deletes recipe after confirmation j"},{"ancestorTitles":["rezeptVerwaltung"],"duration":1,"failing":false,"failureDetails":[],"failureMessages":[],"fullName":"rezeptVerwaltung rezeptHinzufuegenMenue creates and saves a complete recipe","invocations":1,"location":null,"numPassingAsserts":7,"retryReasons":[],"startAt":1773748391603,"status":"passed","title":"rezeptHinzufuegenMenue creates and saves a complete recipe"},{"ancestorTitles":["rezeptVerwaltung"],"duration":1,"failing":false,"failureDetails":[],"failureMessages":[],"fullName":"rezeptVerwaltung rezeptVeraendernEinzelnMenue opens editor for selected recipe","invocations":1,"location":null,"numPassingAsserts":1,"retryReasons":[],"startAt":1773748391604,"status":"passed","title":"rezeptVeraendernEinzelnMenue opens editor for selected recipe"}],"endTime":1773748391607,"message":"","name":"C:\\Users\\Jannik\\Documents\\Kochrezepte\\ProjektKochrezepte\\tests\\rezeptVerwaltung.test.js","startTime":1773748391506,"status":"passed","summary":""},{"assertionResults":[{"ancestorTitles":["editors/kategorienBearbeitung"],"duration":2,"failing":false,"failureDetails":[],"failureMessages":[],"fullName":"editors/kategorienBearbeitung adds a category","invocations":1,"location":null,"numPassingAsserts":1,"retryReasons":[],"startAt":1773748391694,"status":"passed","title":"adds a category"},{"ancestorTitles":["editors/kategorienBearbeitung"],"duration":1,"failing":false,"failureDetails":[],"failureMessages":[],"fullName":"editors/kategorienBearbeitung rejects duplicate category and retries until unique input","invocations":1,"location":null,"numPassingAsserts":2,"retryReasons":[],"startAt":1773748391698,"status":"passed","title":"rejects duplicate category and retries until unique input"},{"ancestorTitles":["editors/kategorienBearbeitung"],"duration":0,"failing":false,"failureDetails":[],"failureMessages":[],"fullName":"editors/kategorienBearbeitung returns null on back","invocations":1,"location":null,"numPassingAsserts":1,"retryReasons":[],"startAt":1773748391700,"status":"passed","title":"returns null on back"},{"ancestorTitles":["editors/kategorienBearbeitung"],"duration":0,"failing":false,"failureDetails":[],"failureMessages":[],"fullName":"editors/kategorienBearbeitung renames a category","invocations":1,"location":null,"numPassingAsserts":1,"retryReasons":[],"startAt":1773748391701,"status":"passed","title":"renames a category"},{"ancestorTitles":["editors/kategorienBearbeitung"],"duration":1,"failing":false,"failureDetails":[],"failureMessages":[],"fullName":"editors/kategorienBearbeitung prevents removing the last remaining category","invocations":1,"location":null,"numPassingAsserts":3,"retryReasons":[],"startAt":1773748391702,"status":"passed","title":"prevents removing the last remaining category"},{"ancestorTitles":["editors/kategorienBearbeitung"],"duration":0,"failing":false,"failureDetails":[],"failureMessages":[],"fullName":"editors/kategorienBearbeitung replaces all categories from comma-separated input","invocations":1,"location":null,"numPassingAsserts":1,"retryReasons":[],"startAt":1773748391704,"status":"passed","title":"replaces all categories from comma-separated input"}],"endTime":1773748391706,"message":"","name":"C:\\Users\\Jannik\\Documents\\Kochrezepte\\ProjektKochrezepte\\tests\\kategorienBearbeitung.editor.test.js","startTime":1773748391616,"status":"passed","summary":""},{"assertionResults":[{"ancestorTitles":["editors/rezeptFelderBearbeitung"],"duration":4,"failing":false,"failureDetails":[],"failureMessages":[],"fullName":"editors/rezeptFelderBearbeitung renames recipe and saves","invocations":1,"location":null,"numPassingAsserts":3,"retryReasons":[],"startAt":1773748391825,"status":"passed","title":"renames recipe and saves"},{"ancestorTitles":["editors/rezeptFelderBearbeitung"],"duration":2,"failing":false,"failureDetails":[],"failureMessages":[],"fullName":"editors/rezeptFelderBearbeitung rejects duplicate recipe names and retries until a unique name is entered","invocations":1,"location":null,"numPassingAsserts":3,"retryReasons":[],"startAt":1773748391831,"status":"passed","title":"rejects duplicate recipe names and retries until a unique name is entered"},{"ancestorTitles":["editors/rezeptFelderBearbeitung"],"duration":0,"failing":false,"failureDetails":[],"failureMessages":[],"fullName":"editors/rezeptFelderBearbeitung allows keeping the current recipe name because it is the same recipe","invocations":1,"location":null,"numPassingAsserts":2,"retryReasons":[],"startAt":1773748391834,"status":"passed","title":"allows keeping the current recipe name because it is the same recipe"},{"ancestorTitles":["editors/rezeptFelderBearbeitung"],"duration":2,"failing":false,"failureDetails":[],"failureMessages":[],"fullName":"editors/rezeptFelderBearbeitung changes difficulty and saves","invocations":1,"location":null,"numPassingAsserts":2,"retryReasons":[],"startAt":1773748391835,"status":"passed","title":"changes difficulty and saves"},{"ancestorTitles":["editors/rezeptFelderBearbeitung"],"duration":1,"failing":false,"failureDetails":[],"failureMessages":[],"fullName":"editors/rezeptFelderBearbeitung does not save when difficulty change is canceled","invocations":1,"location":null,"numPassingAsserts":3,"retryReasons":[],"startAt":1773748391838,"status":"passed","title":"does not save when difficulty change is canceled"},{"ancestorTitles":["editors/rezeptFelderBearbeitung"],"duration":2,"failing":false,"failureDetails":[],"failureMessages":[],"fullName":"editors/rezeptFelderBearbeitung delegates to categories editor and saves returned recipe","invocations":1,"location":null,"numPassingAsserts":2,"retryReasons":[],"startAt":1773748391840,"status":"passed","title":"delegates to categories editor and saves returned recipe"}],"endTime":1773748391845,"message":"","name":"C:\\Users\\Jannik\\Documents\\Kochrezepte\\ProjektKochrezepte\\tests\\rezeptFelderBearbeitung.editor.test.js","startTime":1773748391713,"status":"passed","summary":""},{"assertionResults":[{"ancestorTitles":["listenMenue"],"duration":7,"failing":false,"failureDetails":[],"failureMessages":[],"fullName":"listenMenue renders title and options and returns null when user selects Zurueck","invocations":1,"location":null,"numPassingAsserts":8,"retryReasons":[],"startAt":1773748391970,"status":"passed","title":"renders title and options and returns null when user selects Zurueck"},{"ancestorTitles":["listenMenue"],"duration":2,"failing":false,"failureDetails":[],"failureMessages":[],"fullName":"listenMenue returns edited recipe when selected action returns non-null","invocations":1,"location":null,"numPassingAsserts":3,"retryReasons":[],"startAt":1773748391978,"status":"passed","title":"returns edited recipe when selected action returns non-null"},{"ancestorTitles":["listenMenue"],"duration":1,"failing":false,"failureDetails":[],"failureMessages":[],"fullName":"listenMenue loops, rerenders the menu, and returns a later action result after a null action","invocations":1,"location":null,"numPassingAsserts":6,"retryReasons":[],"startAt":1773748391981,"status":"passed","title":"loops, rerenders the menu, and returns a later action result after a null action"}],"endTime":1773748391985,"message":"","name":"C:\\Users\\Jannik\\Documents\\Kochrezepte\\ProjektKochrezepte\\tests\\listenMenue.test.js","startTime":1773748391856,"status":"passed","summary":""}],"wasInterrupted":false}
