{"numFailedTestSuites":1,"numFailedTests":1,"numPassedTestSuites":0,"numPassedTests":15,"numPendingTestSuites":0,"numPendingTests":0,"numRuntimeErrorTestSuites":0,"numTodoTests":0,"numTotalTestSuites":1,"numTotalTests":16,"openHandles":[],"snapshot":{"added":0,"didUpdate":false,"failure":false,"filesAdded":0,"filesRemoved":0,"filesRemovedList":[],"filesUnmatched":0,"filesUpdated":0,"matched":0,"total":0,"unchecked":0,"uncheckedKeysByFile":[],"unmatched":0,"updated":0},"startTime":1773259443754,"success":false,"testResults":[{"assertionResults":[{"ancestorTitles":["anzeige","holeKategorien"],"duration":32,"failing":false,"failureDetails":[],"failureMessages":[],"fullName":"anzeige holeKategorien should extract unique categories from recipes","invocations":1,"location":null,"numPassingAsserts":5,"retryReasons":[],"startAt":1773259444234,"status":"passed","title":"should extract unique categories from recipes"},{"ancestorTitles":["anzeige","holeKategorien"],"duration":5,"failing":false,"failureDetails":[{"matcherResult":{"actual":["Apfel","Ärger","Zebra"],"expected":["Ärger","Apfel","Zebra"],"message":"\u001b[2mexpect(\u001b[22m\u001b[31mreceived\u001b[39m\u001b[2m).\u001b[22mtoEqual\u001b[2m(\u001b[22m\u001b[32mexpected\u001b[39m\u001b[2m) // deep equality\u001b[22m\n\n\u001b[32m- Expected  - 1\u001b[39m\n\u001b[31m+ Received  + 1\u001b[39m\n\n\u001b[2m  Array [\u001b[22m\n\u001b[32m-   \"Ärger\",\u001b[39m\n\u001b[2m    \"Apfel\",\u001b[22m\n\u001b[31m+   \"Ärger\",\u001b[39m\n\u001b[2m    \"Zebra\",\u001b[22m\n\u001b[2m  ]\u001b[22m","name":"toEqual","pass":false}}],"failureMessages":["Error: \u001b[2mexpect(\u001b[22m\u001b[31mreceived\u001b[39m\u001b[2m).\u001b[22mtoEqual\u001b[2m(\u001b[22m\u001b[32mexpected\u001b[39m\u001b[2m) // deep equality\u001b[22m\n\n\u001b[32m- Expected  - 1\u001b[39m\n\u001b[31m+ Received  + 1\u001b[39m\n\n\u001b[2m  Array [\u001b[22m\n\u001b[32m-   \"Ärger\",\u001b[39m\n\u001b[2m    \"Apfel\",\u001b[22m\n\u001b[31m+   \"Ärger\",\u001b[39m\n\u001b[2m    \"Zebra\",\u001b[22m\n\u001b[2m  ]\u001b[22m\n    at Object.toEqual (C:\\Users\\Jannik\\Documents\\Kochrezepte\\ProjektKochrezepte\\tests\\anzeige.test.js:31:28)\n    at Promise.finally.completed (C:\\Users\\Jannik\\Documents\\Kochrezepte\\ProjektKochrezepte\\node_modules\\jest-circus\\build\\jestAdapterInit.js:1557:28)\n    at new Promise (<anonymous>)\n    at callAsyncCircusFn (C:\\Users\\Jannik\\Documents\\Kochrezepte\\ProjektKochrezepte\\node_modules\\jest-circus\\build\\jestAdapterInit.js:1497:10)\n    at _callCircusTest (C:\\Users\\Jannik\\Documents\\Kochrezepte\\ProjektKochrezepte\\node_modules\\jest-circus\\build\\jestAdapterInit.js:1007:40)\n    at _runTest (C:\\Users\\Jannik\\Documents\\Kochrezepte\\ProjektKochrezepte\\node_modules\\jest-circus\\build\\jestAdapterInit.js:947:3)\n    at C:\\Users\\Jannik\\Documents\\Kochrezepte\\ProjektKochrezepte\\node_modules\\jest-circus\\build\\jestAdapterInit.js:849:7\n    at _runTestsForDescribeBlock (C:\\Users\\Jannik\\Documents\\Kochrezepte\\ProjektKochrezepte\\node_modules\\jest-circus\\build\\jestAdapterInit.js:862:11)\n    at _runTestsForDescribeBlock (C:\\Users\\Jannik\\Documents\\Kochrezepte\\ProjektKochrezepte\\node_modules\\jest-circus\\build\\jestAdapterInit.js:857:11)\n    at _runTestsForDescribeBlock (C:\\Users\\Jannik\\Documents\\Kochrezepte\\ProjektKochrezepte\\node_modules\\jest-circus\\build\\jestAdapterInit.js:857:11)\n    at run (C:\\Users\\Jannik\\Documents\\Kochrezepte\\ProjektKochrezepte\\node_modules\\jest-circus\\build\\jestAdapterInit.js:761:3)\n    at runAndTransformResultsToJestFormat (C:\\Users\\Jannik\\Documents\\Kochrezepte\\ProjektKochrezepte\\node_modules\\jest-circus\\build\\jestAdapterInit.js:1918:21)\n    at jestAdapter (C:\\Users\\Jannik\\Documents\\Kochrezepte\\ProjektKochrezepte\\node_modules\\jest-circus\\build\\runner.js:101:19)\n    at runTestInternal (C:\\Users\\Jannik\\Documents\\Kochrezepte\\ProjektKochrezepte\\node_modules\\jest-runner\\build\\index.js:275:16)\n    at runTest (C:\\Users\\Jannik\\Documents\\Kochrezepte\\ProjektKochrezepte\\node_modules\\jest-runner\\build\\index.js:343:7)"],"fullName":"anzeige holeKategorien should return sorted categories in German locale","invocations":1,"location":null,"numPassingAsserts":0,"retryReasons":[],"startAt":1773259444267,"status":"failed","title":"should return sorted categories in German locale"},{"ancestorTitles":["anzeige","holeKategorien"],"duration":0,"failing":false,"failureDetails":[],"failureMessages":[],"fullName":"anzeige holeKategorien should handle empty category array","invocations":1,"location":null,"numPassingAsserts":1,"retryReasons":[],"startAt":1773259444282,"status":"passed","title":"should handle empty category array"},{"ancestorTitles":["anzeige","holeKategorien"],"duration":0,"failing":false,"failureDetails":[],"failureMessages":[],"fullName":"anzeige holeKategorien should handle recipes without kategorien property","invocations":1,"location":null,"numPassingAsserts":1,"retryReasons":[],"startAt":1773259444283,"status":"passed","title":"should handle recipes without kategorien property"},{"ancestorTitles":["anzeige","holeKategorien"],"duration":1,"failing":false,"failureDetails":[],"failureMessages":[],"fullName":"anzeige holeKategorien should filter out empty or whitespace-only categories","invocations":1,"location":null,"numPassingAsserts":1,"retryReasons":[],"startAt":1773259444284,"status":"passed","title":"should filter out empty or whitespace-only categories"},{"ancestorTitles":["anzeige","holeKategorien"],"duration":1,"failing":false,"failureDetails":[],"failureMessages":[],"fullName":"anzeige holeKategorien should handle recipes with non-string categories","invocations":1,"location":null,"numPassingAsserts":1,"retryReasons":[],"startAt":1773259444285,"status":"passed","title":"should handle recipes with non-string categories"},{"ancestorTitles":["anzeige","holeKategorien"],"duration":0,"failing":false,"failureDetails":[],"failureMessages":[],"fullName":"anzeige holeKategorien should return empty array for empty recipe list","invocations":1,"location":null,"numPassingAsserts":1,"retryReasons":[],"startAt":1773259444287,"status":"passed","title":"should return empty array for empty recipe list"},{"ancestorTitles":["anzeige","holeKategorien"],"duration":0,"failing":false,"failureDetails":[],"failureMessages":[],"fullName":"anzeige holeKategorien should trim whitespace from categories","invocations":1,"location":null,"numPassingAsserts":1,"retryReasons":[],"startAt":1773259444288,"status":"passed","title":"should trim whitespace from categories"},{"ancestorTitles":["anzeige","holeKategorien"],"duration":0,"failing":false,"failureDetails":[],"failureMessages":[],"fullName":"anzeige holeKategorien should handle duplicate categories (case insensitive)","invocations":1,"location":null,"numPassingAsserts":1,"retryReasons":[],"startAt":1773259444289,"status":"passed","title":"should handle duplicate categories (case insensitive)"},{"ancestorTitles":["anzeige","zeigeZutatenListe"],"duration":2,"failing":false,"failureDetails":[],"failureMessages":[],"fullName":"anzeige zeigeZutatenListe should display ingredients list","invocations":1,"location":null,"numPassingAsserts":3,"retryReasons":[],"startAt":1773259444290,"status":"passed","title":"should display ingredients list"},{"ancestorTitles":["anzeige","zeigeZutatenListe"],"duration":1,"failing":false,"failureDetails":[],"failureMessages":[],"fullName":"anzeige zeigeZutatenListe should handle empty ingredients list","invocations":1,"location":null,"numPassingAsserts":1,"retryReasons":[],"startAt":1773259444292,"status":"passed","title":"should handle empty ingredients list"},{"ancestorTitles":["anzeige","zeigeZutatenListe"],"duration":1,"failing":false,"failureDetails":[],"failureMessages":[],"fullName":"anzeige zeigeZutatenListe should handle missing zutaten property","invocations":1,"location":null,"numPassingAsserts":1,"retryReasons":[],"startAt":1773259444293,"status":"passed","title":"should handle missing zutaten property"},{"ancestorTitles":["anzeige","zeigeArbeitsschritteListe"],"duration":1,"failing":false,"failureDetails":[],"failureMessages":[],"fullName":"anzeige zeigeArbeitsschritteListe should display work steps list","invocations":1,"location":null,"numPassingAsserts":4,"retryReasons":[],"startAt":1773259444294,"status":"passed","title":"should display work steps list"},{"ancestorTitles":["anzeige","zeigeArbeitsschritteListe"],"duration":1,"failing":false,"failureDetails":[],"failureMessages":[],"fullName":"anzeige zeigeArbeitsschritteListe should handle empty work steps list","invocations":1,"location":null,"numPassingAsserts":1,"retryReasons":[],"startAt":1773259444295,"status":"passed","title":"should handle empty work steps list"},{"ancestorTitles":["anzeige","zeigeRezeptDetails"],"duration":2,"failing":false,"failureDetails":[],"failureMessages":[],"fullName":"anzeige zeigeRezeptDetails should display complete recipe details","invocations":1,"location":null,"numPassingAsserts":4,"retryReasons":[],"startAt":1773259444296,"status":"passed","title":"should display complete recipe details"},{"ancestorTitles":["anzeige","zeigeRezeptDetails"],"duration":1,"failing":false,"failureDetails":[],"failureMessages":[],"fullName":"anzeige zeigeRezeptDetails should handle missing optional fields","invocations":1,"location":null,"numPassingAsserts":3,"retryReasons":[],"startAt":1773259444299,"status":"passed","title":"should handle missing optional fields"}],"endTime":1773259444323,"message":"\u001b[1m\u001b[31m  \u001b[1m● \u001b[22m\u001b[1manzeige › holeKategorien › should return sorted categories in German locale\u001b[39m\u001b[22m\n\n    \u001b[2mexpect(\u001b[22m\u001b[31mreceived\u001b[39m\u001b[2m).\u001b[22mtoEqual\u001b[2m(\u001b[22m\u001b[32mexpected\u001b[39m\u001b[2m) // deep equality\u001b[22m\n\n    \u001b[32m- Expected  - 1\u001b[39m\n    \u001b[31m+ Received  + 1\u001b[39m\n\n    \u001b[2m  Array [\u001b[22m\n    \u001b[32m-   \"Ärger\",\u001b[39m\n    \u001b[2m    \"Apfel\",\u001b[22m\n    \u001b[31m+   \"Ärger\",\u001b[39m\n    \u001b[2m    \"Zebra\",\u001b[22m\n    \u001b[2m  ]\u001b[22m\n\u001b[2m\u001b[22m\n\u001b[2m    \u001b[0m \u001b[90m 29 |\u001b[39m             \u001b[36mconst\u001b[39m expected \u001b[33m=\u001b[39m [\u001b[32m'Ärger'\u001b[39m\u001b[33m,\u001b[39m \u001b[32m'Apfel'\u001b[39m\u001b[33m,\u001b[39m \u001b[32m'Zebra'\u001b[39m]\u001b[33m;\u001b[39m\u001b[22m\n\u001b[2m     \u001b[90m 30 |\u001b[39m\u001b[22m\n\u001b[2m    \u001b[31m\u001b[1m>\u001b[22m\u001b[2m\u001b[39m\u001b[90m 31 |\u001b[39m             expect(result)\u001b[33m.\u001b[39mtoEqual(expected)\u001b[33m;\u001b[39m\u001b[22m\n\u001b[2m     \u001b[90m    |\u001b[39m                            \u001b[31m\u001b[1m^\u001b[22m\u001b[2m\u001b[39m\u001b[22m\n\u001b[2m     \u001b[90m 32 |\u001b[39m         })\u001b[33m;\u001b[39m\u001b[22m\n\u001b[2m     \u001b[90m 33 |\u001b[39m\u001b[22m\n\u001b[2m     \u001b[90m 34 |\u001b[39m         test(\u001b[32m'should handle empty category array'\u001b[39m\u001b[33m,\u001b[39m () \u001b[33m=>\u001b[39m {\u001b[0m\u001b[22m\n\u001b[2m\u001b[22m\n\u001b[2m      \u001b[2mat Object.toEqual (\u001b[22m\u001b[2m\u001b[0m\u001b[36mtests/anzeige.test.js\u001b[39m\u001b[0m\u001b[2m:31:28)\u001b[22m\u001b[2m\u001b[22m\n","name":"C:\\Users\\Jannik\\Documents\\Kochrezepte\\ProjektKochrezepte\\tests\\anzeige.test.js","startTime":1773259443910,"status":"failed","summary":""}],"wasInterrupted":false}
