{"numFailedTestSuites":0,"numFailedTests":0,"numPassedTestSuites":12,"numPassedTests":96,"numPendingTestSuites":0,"numPendingTests":0,"numRuntimeErrorTestSuites":0,"numTodoTests":0,"numTotalTestSuites":12,"numTotalTests":96,"openHandles":[],"snapshot":{"added":0,"didUpdate":false,"failure":false,"filesAdded":0,"filesRemoved":0,"filesRemovedList":[],"filesUnmatched":0,"filesUpdated":0,"matched":0,"total":0,"unchecked":0,"uncheckedKeysByFile":[],"unmatched":0,"updated":0},"startTime":1773750720336,"success":true,"testResults":[{"assertionResults":[{"ancestorTitles":["hauptMenues"],"duration":4,"failing":false,"failureDetails":[],"failureMessages":[],"fullName":"hauptMenues exits when selecting Beenden","invocations":1,"location":null,"numPassingAsserts":6,"retryReasons":[],"startAt":1773750720785,"status":"passed","title":"exits when selecting Beenden"},{"ancestorTitles":["hauptMenues"],"duration":1,"failing":false,"failureDetails":[],"failureMessages":[],"fullName":"hauptMenues returns to the main menu after search and then exits","invocations":1,"location":null,"numPassingAsserts":3,"retryReasons":[],"startAt":1773750720790,"status":"passed","title":"returns to the main menu after search and then exits"},{"ancestorTitles":["hauptMenues"],"duration":2,"failing":false,"failureDetails":[],"failureMessages":[],"fullName":"hauptMenues dispatches within recipe management menu and returns to main menu afterwards","invocations":1,"location":null,"numPassingAsserts":7,"retryReasons":[],"startAt":1773750720792,"status":"passed","title":"dispatches within recipe management menu and returns to main menu afterwards"},{"ancestorTitles":["hauptMenues"],"duration":0,"failing":false,"failureDetails":[],"failureMessages":[],"fullName":"hauptMenues opens recipe selection and then returns to the main menu before exit","invocations":1,"location":null,"numPassingAsserts":2,"retryReasons":[],"startAt":1773750720795,"status":"passed","title":"opens recipe selection and then returns to the main menu before exit"},{"ancestorTitles":["hauptMenues"],"duration":0,"failing":false,"failureDetails":[],"failureMessages":[],"fullName":"hauptMenues shows KI menu, waits for enter, and then returns to the main menu","invocations":1,"location":null,"numPassingAsserts":3,"retryReasons":[],"startAt":1773750720796,"status":"passed","title":"shows KI menu, waits for enter, and then returns to the main menu"},{"ancestorTitles":["hauptMenues"],"duration":1,"failing":false,"failureDetails":[],"failureMessages":[],"fullName":"hauptMenues opens Favoriten menu and returns when no favorites exist","invocations":1,"location":null,"numPassingAsserts":2,"retryReasons":[],"startAt":1773750720797,"status":"passed","title":"opens Favoriten menu and returns when no favorites exist"},{"ancestorTitles":["hauptMenues"],"duration":1,"failing":false,"failureDetails":[],"failureMessages":[],"fullName":"hauptMenues removes a favorite from Favoriten menu and saves changes","invocations":1,"location":null,"numPassingAsserts":4,"retryReasons":[],"startAt":1773750720799,"status":"passed","title":"removes a favorite from Favoriten menu and saves changes"},{"ancestorTitles":["hauptMenues"],"duration":2,"failing":false,"failureDetails":[],"failureMessages":[],"fullName":"hauptMenues shows KI recipe suggestions by ingredients and opens selected recipe details","invocations":1,"location":null,"numPassingAsserts":3,"retryReasons":[],"startAt":1773750720801,"status":"passed","title":"shows KI recipe suggestions by ingredients and opens selected recipe details"}],"endTime":1773750720805,"message":"","name":"C:\\Users\\Jannik\\Documents\\Kochrezepte\\ProjektKochrezepte\\tests\\hauptMenues.test.js","startTime":1773750720427,"status":"passed","summary":""},{"assertionResults":[{"ancestorTitles":["editors/zutatenBearbeitung"],"duration":4,"failing":false,"failureDetails":[],"failureMessages":[],"fullName":"editors/zutatenBearbeitung adds a new ingredient via first menu action","invocations":1,"location":null,"numPassingAsserts":2,"retryReasons":[],"startAt":1773750720943,"status":"passed","title":"adds a new ingredient via first menu action"},{"ancestorTitles":["editors/zutatenBearbeitung"],"duration":2,"failing":false,"failureDetails":[],"failureMessages":[],"fullName":"editors/zutatenBearbeitung rejects duplicate ingredient and retries until unique input","invocations":1,"location":null,"numPassingAsserts":2,"retryReasons":[],"startAt":1773750720948,"status":"passed","title":"rejects duplicate ingredient and retries until unique input"},{"ancestorTitles":["editors/zutatenBearbeitung"],"duration":1,"failing":false,"failureDetails":[],"failureMessages":[],"fullName":"editors/zutatenBearbeitung changes an ingredient via third menu action","invocations":1,"location":null,"numPassingAsserts":1,"retryReasons":[],"startAt":1773750720950,"status":"passed","title":"changes an ingredient via third menu action"},{"ancestorTitles":["editors/zutatenBearbeitung"],"duration":3,"failing":false,"failureDetails":[],"failureMessages":[],"fullName":"editors/zutatenBearbeitung prevents deleting the last remaining ingredient","invocations":1,"location":null,"numPassingAsserts":3,"retryReasons":[],"startAt":1773750720952,"status":"passed","title":"prevents deleting the last remaining ingredient"},{"ancestorTitles":["editors/zutatenBearbeitung"],"duration":1,"failing":false,"failureDetails":[],"failureMessages":[],"fullName":"editors/zutatenBearbeitung replaces ingredients via fourth menu action","invocations":1,"location":null,"numPassingAsserts":1,"retryReasons":[],"startAt":1773750720956,"status":"passed","title":"replaces ingredients via fourth menu action"}],"endTime":1773750720961,"message":"","name":"C:\\Users\\Jannik\\Documents\\Kochrezepte\\ProjektKochrezepte\\tests\\zutatenBearbeitung.editor.test.js","startTime":1773750720815,"status":"passed","summary":""},{"assertionResults":[{"ancestorTitles":["eingabe.js","leereKonsole"],"duration":2,"failing":false,"failureDetails":[],"failureMessages":[],"fullName":"eingabe.js leereKonsole schreibt ANSI-Clear-Escape-Code auf stdout","invocations":1,"location":null,"numPassingAsserts":1,"retryReasons":[],"startAt":1773750721065,"status":"passed","title":"schreibt ANSI-Clear-Escape-Code auf stdout"},{"ancestorTitles":["eingabe.js","istInputGeschlossenFehler"],"duration":1,"failing":false,"failureDetails":[],"failureMessages":[],"fullName":"eingabe.js istInputGeschlossenFehler gibt true zurück für INPUT_GESCHLOSSEN-Fehler","invocations":1,"location":null,"numPassingAsserts":1,"retryReasons":[],"startAt":1773750721068,"status":"passed","title":"gibt true zurück für INPUT_GESCHLOSSEN-Fehler"},{"ancestorTitles":["eingabe.js","istInputGeschlossenFehler"],"duration":0,"failing":false,"failureDetails":[],"failureMessages":[],"fullName":"eingabe.js istInputGeschlossenFehler gibt false zurück für anderen Fehler","invocations":1,"location":null,"numPassingAsserts":1,"retryReasons":[],"startAt":1773750721069,"status":"passed","title":"gibt false zurück für anderen Fehler"},{"ancestorTitles":["eingabe.js","istInputGeschlossenFehler"],"duration":1,"failing":false,"failureDetails":[],"failureMessages":[],"fullName":"eingabe.js istInputGeschlossenFehler gibt false zurück für Nicht-Error-Werte","invocations":1,"location":null,"numPassingAsserts":4,"retryReasons":[],"startAt":1773750721070,"status":"passed","title":"gibt false zurück für Nicht-Error-Werte"},{"ancestorTitles":["eingabe.js","question"],"duration":1,"failing":false,"failureDetails":[],"failureMessages":[],"fullName":"eingabe.js question gibt die Benutzereingabe zurück","invocations":1,"location":null,"numPassingAsserts":2,"retryReasons":[],"startAt":1773750721071,"status":"passed","title":"gibt die Benutzereingabe zurück"},{"ancestorTitles":["eingabe.js","question"],"duration":1,"failing":false,"failureDetails":[],"failureMessages":[],"fullName":"eingabe.js question kann mehrfach hintereinander aufgerufen werden","invocations":1,"location":null,"numPassingAsserts":2,"retryReasons":[],"startAt":1773750721072,"status":"passed","title":"kann mehrfach hintereinander aufgerufen werden"},{"ancestorTitles":["eingabe.js","question"],"duration":15,"failing":false,"failureDetails":[],"failureMessages":[],"fullName":"eingabe.js question wirft Fehler wenn Interface bereits geschlossen","invocations":1,"location":null,"numPassingAsserts":1,"retryReasons":[],"startAt":1773750721073,"status":"passed","title":"wirft Fehler wenn Interface bereits geschlossen"},{"ancestorTitles":["eingabe.js","warteAufEnter"],"duration":1,"failing":false,"failureDetails":[],"failureMessages":[],"fullName":"eingabe.js warteAufEnter ruft question mit Standard-Prompt auf","invocations":1,"location":null,"numPassingAsserts":1,"retryReasons":[],"startAt":1773750721088,"status":"passed","title":"ruft question mit Standard-Prompt auf"},{"ancestorTitles":["eingabe.js","warteAufEnter"],"duration":1,"failing":false,"failureDetails":[],"failureMessages":[],"fullName":"eingabe.js warteAufEnter ruft question mit benutzerdefiniertem Prompt auf","invocations":1,"location":null,"numPassingAsserts":1,"retryReasons":[],"startAt":1773750721090,"status":"passed","title":"ruft question mit benutzerdefiniertem Prompt auf"},{"ancestorTitles":["eingabe.js","wurdeAbgebrochen"],"duration":1,"failing":false,"failureDetails":[],"failureMessages":[],"fullName":"eingabe.js wurdeAbgebrochen gibt true zurück und wartet auf Enter bei \"abbrechen\"","invocations":1,"location":null,"numPassingAsserts":2,"retryReasons":[],"startAt":1773750721091,"status":"passed","title":"gibt true zurück und wartet auf Enter bei \"abbrechen\""},{"ancestorTitles":["eingabe.js","wurdeAbgebrochen"],"duration":1,"failing":false,"failureDetails":[],"failureMessages":[],"fullName":"eingabe.js wurdeAbgebrochen erkennt \"ABBRECHEN\" case-insensitive","invocations":1,"location":null,"numPassingAsserts":1,"retryReasons":[],"startAt":1773750721093,"status":"passed","title":"erkennt \"ABBRECHEN\" case-insensitive"},{"ancestorTitles":["eingabe.js","wurdeAbgebrochen"],"duration":1,"failing":false,"failureDetails":[],"failureMessages":[],"fullName":"eingabe.js wurdeAbgebrochen erkennt \"  abbrechen  \" mit Whitespace","invocations":1,"location":null,"numPassingAsserts":1,"retryReasons":[],"startAt":1773750721094,"status":"passed","title":"erkennt \"  abbrechen  \" mit Whitespace"},{"ancestorTitles":["eingabe.js","wurdeAbgebrochen"],"duration":1,"failing":false,"failureDetails":[],"failureMessages":[],"fullName":"eingabe.js wurdeAbgebrochen gibt false zurück bei normaler Eingabe","invocations":1,"location":null,"numPassingAsserts":2,"retryReasons":[],"startAt":1773750721096,"status":"passed","title":"gibt false zurück bei normaler Eingabe"},{"ancestorTitles":["eingabe.js","wurdeAbgebrochen"],"duration":1,"failing":false,"failureDetails":[],"failureMessages":[],"fullName":"eingabe.js wurdeAbgebrochen gibt false zurück bei leerer Eingabe","invocations":1,"location":null,"numPassingAsserts":1,"retryReasons":[],"startAt":1773750721097,"status":"passed","title":"gibt false zurück bei leerer Eingabe"},{"ancestorTitles":["eingabe.js","wurdeAbgebrochen"],"duration":1,"failing":false,"failureDetails":[],"failureMessages":[],"fullName":"eingabe.js wurdeAbgebrochen gibt false zurück bei Nicht-String","invocations":1,"location":null,"numPassingAsserts":1,"retryReasons":[],"startAt":1773750721098,"status":"passed","title":"gibt false zurück bei Nicht-String"},{"ancestorTitles":["eingabe.js","fragePflichtfeld"],"duration":1,"failing":false,"failureDetails":[],"failureMessages":[],"fullName":"eingabe.js fragePflichtfeld gibt eingegebenen Wert zurück","invocations":1,"location":null,"numPassingAsserts":1,"retryReasons":[],"startAt":1773750721099,"status":"passed","title":"gibt eingegebenen Wert zurück"},{"ancestorTitles":["eingabe.js","fragePflichtfeld"],"duration":1,"failing":false,"failureDetails":[],"failureMessages":[],"fullName":"eingabe.js fragePflichtfeld trimmt Whitespace vom Rückgabewert","invocations":1,"location":null,"numPassingAsserts":1,"retryReasons":[],"startAt":1773750721100,"status":"passed","title":"trimmt Whitespace vom Rückgabewert"},{"ancestorTitles":["eingabe.js","fragePflichtfeld"],"duration":1,"failing":false,"failureDetails":[],"failureMessages":[],"fullName":"eingabe.js fragePflichtfeld wiederholt die Frage bei leerer Eingabe","invocations":1,"location":null,"numPassingAsserts":3,"retryReasons":[],"startAt":1773750721101,"status":"passed","title":"wiederholt die Frage bei leerer Eingabe"},{"ancestorTitles":["eingabe.js","fragePflichtfeld"],"duration":1,"failing":false,"failureDetails":[],"failureMessages":[],"fullName":"eingabe.js fragePflichtfeld gibt null zurück bei \"abbrechen\"","invocations":1,"location":null,"numPassingAsserts":1,"retryReasons":[],"startAt":1773750721103,"status":"passed","title":"gibt null zurück bei \"abbrechen\""},{"ancestorTitles":["eingabe.js","frageGanzzahl"],"duration":1,"failing":false,"failureDetails":[],"failureMessages":[],"fullName":"eingabe.js frageGanzzahl gibt gültige Zahl zurück","invocations":1,"location":null,"numPassingAsserts":1,"retryReasons":[],"startAt":1773750721104,"status":"passed","title":"gibt gültige Zahl zurück"},{"ancestorTitles":["eingabe.js","frageGanzzahl"],"duration":1,"failing":false,"failureDetails":[],"failureMessages":[],"fullName":"eingabe.js frageGanzzahl akzeptiert den Grenzwert min","invocations":1,"location":null,"numPassingAsserts":1,"retryReasons":[],"startAt":1773750721105,"status":"passed","title":"akzeptiert den Grenzwert min"},{"ancestorTitles":["eingabe.js","frageGanzzahl"],"duration":1,"failing":false,"failureDetails":[],"failureMessages":[],"fullName":"eingabe.js frageGanzzahl akzeptiert den Grenzwert max","invocations":1,"location":null,"numPassingAsserts":1,"retryReasons":[],"startAt":1773750721106,"status":"passed","title":"akzeptiert den Grenzwert max"},{"ancestorTitles":["eingabe.js","frageGanzzahl"],"duration":1,"failing":false,"failureDetails":[],"failureMessages":[],"fullName":"eingabe.js frageGanzzahl wiederholt bei nicht-numerischer Eingabe","invocations":1,"location":null,"numPassingAsserts":3,"retryReasons":[],"startAt":1773750721107,"status":"passed","title":"wiederholt bei nicht-numerischer Eingabe"},{"ancestorTitles":["eingabe.js","frageGanzzahl"],"duration":0,"failing":false,"failureDetails":[],"failureMessages":[],"fullName":"eingabe.js frageGanzzahl wiederholt bei Zahl unterhalb des Minimums","invocations":1,"location":null,"numPassingAsserts":2,"retryReasons":[],"startAt":1773750721109,"status":"passed","title":"wiederholt bei Zahl unterhalb des Minimums"},{"ancestorTitles":["eingabe.js","frageGanzzahl"],"duration":0,"failing":false,"failureDetails":[],"failureMessages":[],"fullName":"eingabe.js frageGanzzahl wiederholt bei Zahl oberhalb des Maximums","invocations":1,"location":null,"numPassingAsserts":2,"retryReasons":[],"startAt":1773750721110,"status":"passed","title":"wiederholt bei Zahl oberhalb des Maximums"},{"ancestorTitles":["eingabe.js","schliesseEingabe"],"duration":0,"failing":false,"failureDetails":[],"failureMessages":[],"fullName":"eingabe.js schliesseEingabe schließt die readline-Schnittstelle","invocations":1,"location":null,"numPassingAsserts":1,"retryReasons":[],"startAt":1773750721111,"status":"passed","title":"schließt die readline-Schnittstelle"},{"ancestorTitles":["eingabe.js","schliesseEingabe"],"duration":0,"failing":false,"failureDetails":[],"failureMessages":[],"fullName":"eingabe.js schliesseEingabe macht nichts wenn Interface bereits geschlossen ist","invocations":1,"location":null,"numPassingAsserts":1,"retryReasons":[],"startAt":1773750721112,"status":"passed","title":"macht nichts wenn Interface bereits geschlossen ist"}],"endTime":1773750721114,"message":"","name":"C:\\Users\\Jannik\\Documents\\Kochrezepte\\ProjektKochrezepte\\tests\\eingabe.async.test.js","startTime":1773750720971,"status":"passed","summary":""},{"assertionResults":[{"ancestorTitles":["editors/favoritBearbeitung"],"duration":3,"failing":false,"failureDetails":[],"failureMessages":[],"fullName":"editors/favoritBearbeitung adds recipe to favorites when recipe is not favorite","invocations":1,"location":null,"numPassingAsserts":4,"retryReasons":[],"startAt":1773750721230,"status":"passed","title":"adds recipe to favorites when recipe is not favorite"},{"ancestorTitles":["editors/favoritBearbeitung"],"duration":1,"failing":false,"failureDetails":[],"failureMessages":[],"fullName":"editors/favoritBearbeitung returns null on back when recipe is not favorite","invocations":1,"location":null,"numPassingAsserts":3,"retryReasons":[],"startAt":1773750721234,"status":"passed","title":"returns null on back when recipe is not favorite"},{"ancestorTitles":["editors/favoritBearbeitung"],"duration":1,"failing":false,"failureDetails":[],"failureMessages":[],"fullName":"editors/favoritBearbeitung removes recipe from favorites when recipe is already favorite","invocations":1,"location":null,"numPassingAsserts":4,"retryReasons":[],"startAt":1773750721235,"status":"passed","title":"removes recipe from favorites when recipe is already favorite"},{"ancestorTitles":["editors/favoritBearbeitung"],"duration":1,"failing":false,"failureDetails":[],"failureMessages":[],"fullName":"editors/favoritBearbeitung returns null on back when recipe is already favorite","invocations":1,"location":null,"numPassingAsserts":3,"retryReasons":[],"startAt":1773750721236,"status":"passed","title":"returns null on back when recipe is already favorite"}],"endTime":1773750721238,"message":"","name":"C:\\Users\\Jannik\\Documents\\Kochrezepte\\ProjektKochrezepte\\tests\\favoritBearbeitung.editor.test.js","startTime":1773750721121,"status":"passed","summary":""},{"assertionResults":[{"ancestorTitles":["editors/arbeitsschritteBearbeitung"],"duration":3,"failing":false,"failureDetails":[],"failureMessages":[],"fullName":"editors/arbeitsschritteBearbeitung adds a step via first menu action","invocations":1,"location":null,"numPassingAsserts":1,"retryReasons":[],"startAt":1773750721343,"status":"passed","title":"adds a step via first menu action"},{"ancestorTitles":["editors/arbeitsschritteBearbeitung"],"duration":1,"failing":false,"failureDetails":[],"failureMessages":[],"fullName":"editors/arbeitsschritteBearbeitung appends a step when end position is selected","invocations":1,"location":null,"numPassingAsserts":1,"retryReasons":[],"startAt":1773750721347,"status":"passed","title":"appends a step when end position is selected"},{"ancestorTitles":["editors/arbeitsschritteBearbeitung"],"duration":1,"failing":false,"failureDetails":[],"failureMessages":[],"fullName":"editors/arbeitsschritteBearbeitung changes a step via third menu action","invocations":1,"location":null,"numPassingAsserts":1,"retryReasons":[],"startAt":1773750721349,"status":"passed","title":"changes a step via third menu action"},{"ancestorTitles":["editors/arbeitsschritteBearbeitung"],"duration":1,"failing":false,"failureDetails":[],"failureMessages":[],"fullName":"editors/arbeitsschritteBearbeitung prevents deleting the last remaining step","invocations":1,"location":null,"numPassingAsserts":3,"retryReasons":[],"startAt":1773750721350,"status":"passed","title":"prevents deleting the last remaining step"},{"ancestorTitles":["editors/arbeitsschritteBearbeitung"],"duration":1,"failing":false,"failureDetails":[],"failureMessages":[],"fullName":"editors/arbeitsschritteBearbeitung replaces all steps via fourth menu action","invocations":1,"location":null,"numPassingAsserts":1,"retryReasons":[],"startAt":1773750721352,"status":"passed","title":"replaces all steps via fourth menu action"}],"endTime":1773750721354,"message":"","name":"C:\\Users\\Jannik\\Documents\\Kochrezepte\\ProjektKochrezepte\\tests\\arbeitsschritteBearbeitung.editor.test.js","startTime":1773750721243,"status":"passed","summary":""},{"assertionResults":[{"ancestorTitles":["anzeige","holeKategorien"],"duration":11,"failing":false,"failureDetails":[],"failureMessages":[],"fullName":"anzeige holeKategorien normalisiert Kategorien, entfernt ungueltige Eintraege und dedupliziert case-insensitive ueber mehrere Rezepte","invocations":1,"location":null,"numPassingAsserts":1,"retryReasons":[],"startAt":1773750721481,"status":"passed","title":"normalisiert Kategorien, entfernt ungueltige Eintraege und dedupliziert case-insensitive ueber mehrere Rezepte"},{"ancestorTitles":["anzeige","holeKategorien"],"duration":1,"failing":false,"failureDetails":[],"failureMessages":[],"fullName":"anzeige holeKategorien sortiert Kategorien mit deutscher Locale und behaelt die erste Schreibweise pro Kategorie","invocations":1,"location":null,"numPassingAsserts":1,"retryReasons":[],"startAt":1773750721493,"status":"passed","title":"sortiert Kategorien mit deutscher Locale und behaelt die erste Schreibweise pro Kategorie"},{"ancestorTitles":["anzeige","holeKategorien"],"duration":0,"failing":false,"failureDetails":[],"failureMessages":[],"fullName":"anzeige holeKategorien gibt ein leeres Array zurueck wenn keine verwertbaren Kategorien vorhanden sind","invocations":1,"location":null,"numPassingAsserts":1,"retryReasons":[],"startAt":1773750721495,"status":"passed","title":"gibt ein leeres Array zurueck wenn keine verwertbaren Kategorien vorhanden sind"},{"ancestorTitles":["anzeige","holeKategorien"],"duration":0,"failing":false,"failureDetails":[],"failureMessages":[],"fullName":"anzeige holeKategorien gibt fuer eine leere Rezeptliste ebenfalls ein leeres Array zurueck","invocations":1,"location":null,"numPassingAsserts":1,"retryReasons":[],"startAt":1773750721496,"status":"passed","title":"gibt fuer eine leere Rezeptliste ebenfalls ein leeres Array zurueck"},{"ancestorTitles":["anzeige","zeigeZutatenListe"],"duration":0,"failing":false,"failureDetails":[],"failureMessages":[],"fullName":"anzeige zeigeZutatenListe gibt Ueberschrift und nummerierte Zutaten in Reihenfolge aus","invocations":1,"location":null,"numPassingAsserts":1,"retryReasons":[],"startAt":1773750721497,"status":"passed","title":"gibt Ueberschrift und nummerierte Zutaten in Reihenfolge aus"},{"ancestorTitles":["anzeige","zeigeZutatenListe"],"duration":0,"failing":false,"failureDetails":[],"failureMessages":[],"fullName":"anzeige zeigeZutatenListe gibt bei fehlenden oder leeren Zutaten nur die Ueberschrift aus","invocations":1,"location":null,"numPassingAsserts":1,"retryReasons":[],"startAt":1773750721498,"status":"passed","title":"gibt bei fehlenden oder leeren Zutaten nur die Ueberschrift aus"},{"ancestorTitles":["anzeige","zeigeArbeitsschritteListe"],"duration":1,"failing":false,"failureDetails":[],"failureMessages":[],"fullName":"anzeige zeigeArbeitsschritteListe gibt Ueberschrift und nummerierte Arbeitsschritte aus","invocations":1,"location":null,"numPassingAsserts":1,"retryReasons":[],"startAt":1773750721498,"status":"passed","title":"gibt Ueberschrift und nummerierte Arbeitsschritte aus"},{"ancestorTitles":["anzeige","zeigeArbeitsschritteListe"],"duration":0,"failing":false,"failureDetails":[],"failureMessages":[],"fullName":"anzeige zeigeArbeitsschritteListe gibt bei fehlenden oder leeren Arbeitsschritten nur die Ueberschrift aus","invocations":1,"location":null,"numPassingAsserts":1,"retryReasons":[],"startAt":1773750721499,"status":"passed","title":"gibt bei fehlenden oder leeren Arbeitsschritten nur die Ueberschrift aus"},{"ancestorTitles":["anzeige","zeigeRezeptDetails"],"duration":1,"failing":false,"failureDetails":[],"failureMessages":[],"fullName":"anzeige zeigeRezeptDetails leert die Konsole und gibt eine vollstaendige Detailansicht aus","invocations":1,"location":null,"numPassingAsserts":2,"retryReasons":[],"startAt":1773750721500,"status":"passed","title":"leert die Konsole und gibt eine vollstaendige Detailansicht aus"},{"ancestorTitles":["anzeige","zeigeRezeptDetails"],"duration":1,"failing":false,"failureDetails":[],"failureMessages":[],"fullName":"anzeige zeigeRezeptDetails verwendet Platzhalter fuer fehlende optionale Felder und zeigt leere Bereiche stabil an","invocations":1,"location":null,"numPassingAsserts":2,"retryReasons":[],"startAt":1773750721501,"status":"passed","title":"verwendet Platzhalter fuer fehlende optionale Felder und zeigt leere Bereiche stabil an"},{"ancestorTitles":["anzeige","zeigeRezeptDetails"],"duration":1,"failing":false,"failureDetails":[],"failureMessages":[],"fullName":"anzeige zeigeRezeptDetails zeigt Favorit-Status als Favorit wenn das Rezept markiert ist","invocations":1,"location":null,"numPassingAsserts":1,"retryReasons":[],"startAt":1773750721502,"status":"passed","title":"zeigt Favorit-Status als Favorit wenn das Rezept markiert ist"}],"endTime":1773750721505,"message":"","name":"C:\\Users\\Jannik\\Documents\\Kochrezepte\\ProjektKochrezepte\\tests\\anzeige.test.js","startTime":1773750721366,"status":"passed","summary":""},{"assertionResults":[{"ancestorTitles":["rezeptSpeicher","ladeRezepte"],"duration":3,"failing":false,"failureDetails":[],"failureMessages":[],"fullName":"rezeptSpeicher ladeRezepte should return recipes when JSON file is valid","invocations":1,"location":null,"numPassingAsserts":2,"retryReasons":[],"startAt":1773750721588,"status":"passed","title":"should return recipes when JSON file is valid"},{"ancestorTitles":["rezeptSpeicher","ladeRezepte"],"duration":1,"failing":false,"failureDetails":[],"failureMessages":[],"fullName":"rezeptSpeicher ladeRezepte should return empty array when file contains no array","invocations":1,"location":null,"numPassingAsserts":2,"retryReasons":[],"startAt":1773750721592,"status":"passed","title":"should return empty array when file contains no array"},{"ancestorTitles":["rezeptSpeicher","ladeRezepte"],"duration":1,"failing":false,"failureDetails":[],"failureMessages":[],"fullName":"rezeptSpeicher ladeRezepte should return empty array and log once when JSON is invalid","invocations":1,"location":null,"numPassingAsserts":3,"retryReasons":[],"startAt":1773750721594,"status":"passed","title":"should return empty array and log once when JSON is invalid"},{"ancestorTitles":["rezeptSpeicher","ladeRezepte"],"duration":1,"failing":false,"failureDetails":[],"failureMessages":[],"fullName":"rezeptSpeicher ladeRezepte should return empty array and log once when file read fails","invocations":1,"location":null,"numPassingAsserts":3,"retryReasons":[],"startAt":1773750721596,"status":"passed","title":"should return empty array and log once when file read fails"},{"ancestorTitles":["rezeptSpeicher","speichereRezepte"],"duration":1,"failing":false,"failureDetails":[],"failureMessages":[],"fullName":"rezeptSpeicher speichereRezepte should write recipes as formatted JSON","invocations":1,"location":null,"numPassingAsserts":1,"retryReasons":[],"startAt":1773750721597,"status":"passed","title":"should write recipes as formatted JSON"},{"ancestorTitles":["rezeptSpeicher","speichereRezepte"],"duration":8,"failing":false,"failureDetails":[],"failureMessages":[],"fullName":"rezeptSpeicher speichereRezepte should propagate write errors","invocations":1,"location":null,"numPassingAsserts":1,"retryReasons":[],"startAt":1773750721598,"status":"passed","title":"should propagate write errors"}],"endTime":1773750721608,"message":"","name":"C:\\Users\\Jannik\\Documents\\Kochrezepte\\ProjektKochrezepte\\tests\\rezeptSpeicher.test.js","startTime":1773750721512,"status":"passed","summary":""},{"assertionResults":[{"ancestorTitles":["auswahlMenues"],"duration":4,"failing":false,"failureDetails":[],"failureMessages":[],"fullName":"auswahlMenues returns early when no recipes exist","invocations":1,"location":null,"numPassingAsserts":2,"retryReasons":[],"startAt":1773750721709,"status":"passed","title":"returns early when no recipes exist"},{"ancestorTitles":["auswahlMenues"],"duration":2,"failing":false,"failureDetails":[],"failureMessages":[],"fullName":"auswahlMenues filters recipes by selected category case-insensitively and shows only matching recipe details","invocations":1,"location":null,"numPassingAsserts":3,"retryReasons":[],"startAt":1773750721714,"status":"passed","title":"filters recipes by selected category case-insensitively and shows only matching recipe details"},{"ancestorTitles":["auswahlMenues"],"duration":1,"failing":false,"failureDetails":[],"failureMessages":[],"fullName":"auswahlMenues shows recipe details in Alle Rezepte flow","invocations":1,"location":null,"numPassingAsserts":2,"retryReasons":[],"startAt":1773750721716,"status":"passed","title":"shows recipe details in Alle Rezepte flow"},{"ancestorTitles":["auswahlMenues"],"duration":0,"failing":false,"failureDetails":[],"failureMessages":[],"fullName":"auswahlMenues search returns when user cancels input","invocations":1,"location":null,"numPassingAsserts":2,"retryReasons":[],"startAt":1773750721718,"status":"passed","title":"search returns when user cancels input"},{"ancestorTitles":["auswahlMenues"],"duration":1,"failing":false,"failureDetails":[],"failureMessages":[],"fullName":"auswahlMenues search finds recipe names case-insensitive and shows details","invocations":1,"location":null,"numPassingAsserts":2,"retryReasons":[],"startAt":1773750721719,"status":"passed","title":"search finds recipe names case-insensitive and shows details"},{"ancestorTitles":["auswahlMenues"],"duration":0,"failing":false,"failureDetails":[],"failureMessages":[],"fullName":"auswahlMenues search shows message when no recipe matches","invocations":1,"location":null,"numPassingAsserts":2,"retryReasons":[],"startAt":1773750721721,"status":"passed","title":"search shows message when no recipe matches"},{"ancestorTitles":["auswahlMenues"],"duration":1,"failing":false,"failureDetails":[],"failureMessages":[],"fullName":"auswahlMenues fuegt ein Rezept aus dem Schnellmenue zu Favoriten hinzu und speichert","invocations":1,"location":null,"numPassingAsserts":3,"retryReasons":[],"startAt":1773750721722,"status":"passed","title":"fuegt ein Rezept aus dem Schnellmenue zu Favoriten hinzu und speichert"},{"ancestorTitles":["auswahlMenues"],"duration":1,"failing":false,"failureDetails":[],"failureMessages":[],"fullName":"auswahlMenues entfernt ein bereits favorisiertes Rezept aus Favoriten im Schnellmenue und speichert","invocations":1,"location":null,"numPassingAsserts":3,"retryReasons":[],"startAt":1773750721724,"status":"passed","title":"entfernt ein bereits favorisiertes Rezept aus Favoriten im Schnellmenue und speichert"}],"endTime":1773750721727,"message":"","name":"C:\\Users\\Jannik\\Documents\\Kochrezepte\\ProjektKochrezepte\\tests\\auswahlMenues.test.js","startTime":1773750721615,"status":"passed","summary":""},{"assertionResults":[{"ancestorTitles":["editors/kategorienBearbeitung"],"duration":3,"failing":false,"failureDetails":[],"failureMessages":[],"fullName":"editors/kategorienBearbeitung adds a category","invocations":1,"location":null,"numPassingAsserts":1,"retryReasons":[],"startAt":1773750721845,"status":"passed","title":"adds a category"},{"ancestorTitles":["editors/kategorienBearbeitung"],"duration":1,"failing":false,"failureDetails":[],"failureMessages":[],"fullName":"editors/kategorienBearbeitung rejects duplicate category and retries until unique input","invocations":1,"location":null,"numPassingAsserts":2,"retryReasons":[],"startAt":1773750721849,"status":"passed","title":"rejects duplicate category and retries until unique input"},{"ancestorTitles":["editors/kategorienBearbeitung"],"duration":0,"failing":false,"failureDetails":[],"failureMessages":[],"fullName":"editors/kategorienBearbeitung returns null on back","invocations":1,"location":null,"numPassingAsserts":1,"retryReasons":[],"startAt":1773750721851,"status":"passed","title":"returns null on back"},{"ancestorTitles":["editors/kategorienBearbeitung"],"duration":0,"failing":false,"failureDetails":[],"failureMessages":[],"fullName":"editors/kategorienBearbeitung renames a category","invocations":1,"location":null,"numPassingAsserts":1,"retryReasons":[],"startAt":1773750721852,"status":"passed","title":"renames a category"},{"ancestorTitles":["editors/kategorienBearbeitung"],"duration":1,"failing":false,"failureDetails":[],"failureMessages":[],"fullName":"editors/kategorienBearbeitung prevents removing the last remaining category","invocations":1,"location":null,"numPassingAsserts":3,"retryReasons":[],"startAt":1773750721853,"status":"passed","title":"prevents removing the last remaining category"},{"ancestorTitles":["editors/kategorienBearbeitung"],"duration":1,"failing":false,"failureDetails":[],"failureMessages":[],"fullName":"editors/kategorienBearbeitung replaces all categories from comma-separated input","invocations":1,"location":null,"numPassingAsserts":1,"retryReasons":[],"startAt":1773750721854,"status":"passed","title":"replaces all categories from comma-separated input"}],"endTime":1773750721856,"message":"","name":"C:\\Users\\Jannik\\Documents\\Kochrezepte\\ProjektKochrezepte\\tests\\kategorienBearbeitung.editor.test.js","startTime":1773750721733,"status":"passed","summary":""},{"assertionResults":[{"ancestorTitles":["editors/rezeptFelderBearbeitung"],"duration":3,"failing":false,"failureDetails":[],"failureMessages":[],"fullName":"editors/rezeptFelderBearbeitung renames recipe and saves","invocations":1,"location":null,"numPassingAsserts":3,"retryReasons":[],"startAt":1773750721948,"status":"passed","title":"renames recipe and saves"},{"ancestorTitles":["editors/rezeptFelderBearbeitung"],"duration":2,"failing":false,"failureDetails":[],"failureMessages":[],"fullName":"editors/rezeptFelderBearbeitung rejects duplicate recipe names and retries until a unique name is entered","invocations":1,"location":null,"numPassingAsserts":3,"retryReasons":[],"startAt":1773750721951,"status":"passed","title":"rejects duplicate recipe names and retries until a unique name is entered"},{"ancestorTitles":["editors/rezeptFelderBearbeitung"],"duration":0,"failing":false,"failureDetails":[],"failureMessages":[],"fullName":"editors/rezeptFelderBearbeitung allows keeping the current recipe name because it is the same recipe","invocations":1,"location":null,"numPassingAsserts":2,"retryReasons":[],"startAt":1773750721953,"status":"passed","title":"allows keeping the current recipe name because it is the same recipe"},{"ancestorTitles":["editors/rezeptFelderBearbeitung"],"duration":0,"failing":false,"failureDetails":[],"failureMessages":[],"fullName":"editors/rezeptFelderBearbeitung changes difficulty and saves","invocations":1,"location":null,"numPassingAsserts":2,"retryReasons":[],"startAt":1773750721954,"status":"passed","title":"changes difficulty and saves"},{"ancestorTitles":["editors/rezeptFelderBearbeitung"],"duration":0,"failing":false,"failureDetails":[],"failureMessages":[],"fullName":"editors/rezeptFelderBearbeitung does not save when difficulty change is canceled","invocations":1,"location":null,"numPassingAsserts":3,"retryReasons":[],"startAt":1773750721955,"status":"passed","title":"does not save when difficulty change is canceled"},{"ancestorTitles":["editors/rezeptFelderBearbeitung"],"duration":0,"failing":false,"failureDetails":[],"failureMessages":[],"fullName":"editors/rezeptFelderBearbeitung delegates to categories editor and saves returned recipe","invocations":1,"location":null,"numPassingAsserts":2,"retryReasons":[],"startAt":1773750721956,"status":"passed","title":"delegates to categories editor and saves returned recipe"}],"endTime":1773750721958,"message":"","name":"C:\\Users\\Jannik\\Documents\\Kochrezepte\\ProjektKochrezepte\\tests\\rezeptFelderBearbeitung.editor.test.js","startTime":1773750721866,"status":"passed","summary":""},{"assertionResults":[{"ancestorTitles":["rezeptVerwaltung"],"duration":1,"failing":false,"failureDetails":[],"failureMessages":[],"fullName":"rezeptVerwaltung rezeptLoeschenMenue returns when no recipes exist","invocations":1,"location":null,"numPassingAsserts":1,"retryReasons":[],"startAt":1773750722068,"status":"passed","title":"rezeptLoeschenMenue returns when no recipes exist"},{"ancestorTitles":["rezeptVerwaltung"],"duration":0,"failing":false,"failureDetails":[],"failureMessages":[],"fullName":"rezeptVerwaltung rezeptVeraendernEinzelnMenue returns when no recipes exist","invocations":1,"location":null,"numPassingAsserts":1,"retryReasons":[],"startAt":1773750722071,"status":"passed","title":"rezeptVeraendernEinzelnMenue returns when no recipes exist"},{"ancestorTitles":["rezeptVerwaltung"],"duration":1,"failing":false,"failureDetails":[],"failureMessages":[],"fullName":"rezeptVerwaltung rezeptHinzufuegenMenue cancels when first mandatory field is canceled","invocations":1,"location":null,"numPassingAsserts":2,"retryReasons":[],"startAt":1773750722072,"status":"passed","title":"rezeptHinzufuegenMenue cancels when first mandatory field is canceled"},{"ancestorTitles":["rezeptVerwaltung"],"duration":1,"failing":false,"failureDetails":[],"failureMessages":[],"fullName":"rezeptVerwaltung rezeptLoeschenMenue cancels when user answers n","invocations":1,"location":null,"numPassingAsserts":2,"retryReasons":[],"startAt":1773750722074,"status":"passed","title":"rezeptLoeschenMenue cancels when user answers n"},{"ancestorTitles":["rezeptVerwaltung"],"duration":1,"failing":false,"failureDetails":[],"failureMessages":[],"fullName":"rezeptVerwaltung rezeptLoeschenMenue deletes recipe after confirmation j","invocations":1,"location":null,"numPassingAsserts":3,"retryReasons":[],"startAt":1773750722075,"status":"passed","title":"rezeptLoeschenMenue deletes recipe after confirmation j"},{"ancestorTitles":["rezeptVerwaltung"],"duration":1,"failing":false,"failureDetails":[],"failureMessages":[],"fullName":"rezeptVerwaltung rezeptHinzufuegenMenue creates and saves a complete recipe","invocations":1,"location":null,"numPassingAsserts":7,"retryReasons":[],"startAt":1773750722077,"status":"passed","title":"rezeptHinzufuegenMenue creates and saves a complete recipe"},{"ancestorTitles":["rezeptVerwaltung"],"duration":1,"failing":false,"failureDetails":[],"failureMessages":[],"fullName":"rezeptVerwaltung rezeptVeraendernEinzelnMenue opens editor for selected recipe","invocations":1,"location":null,"numPassingAsserts":1,"retryReasons":[],"startAt":1773750722079,"status":"passed","title":"rezeptVeraendernEinzelnMenue opens editor for selected recipe"}],"endTime":1773750722082,"message":"","name":"C:\\Users\\Jannik\\Documents\\Kochrezepte\\ProjektKochrezepte\\tests\\rezeptVerwaltung.test.js","startTime":1773750721962,"status":"passed","summary":""},{"assertionResults":[{"ancestorTitles":["listenMenue"],"duration":4,"failing":false,"failureDetails":[],"failureMessages":[],"fullName":"listenMenue renders title and options and returns null when user selects Zurueck","invocations":1,"location":null,"numPassingAsserts":8,"retryReasons":[],"startAt":1773750722166,"status":"passed","title":"renders title and options and returns null when user selects Zurueck"},{"ancestorTitles":["listenMenue"],"duration":1,"failing":false,"failureDetails":[],"failureMessages":[],"fullName":"listenMenue returns edited recipe when selected action returns non-null","invocations":1,"location":null,"numPassingAsserts":3,"retryReasons":[],"startAt":1773750722172,"status":"passed","title":"returns edited recipe when selected action returns non-null"},{"ancestorTitles":["listenMenue"],"duration":1,"failing":false,"failureDetails":[],"failureMessages":[],"fullName":"listenMenue loops, rerenders the menu, and returns a later action result after a null action","invocations":1,"location":null,"numPassingAsserts":6,"retryReasons":[],"startAt":1773750722173,"status":"passed","title":"loops, rerenders the menu, and returns a later action result after a null action"}],"endTime":1773750722175,"message":"","name":"C:\\Users\\Jannik\\Documents\\Kochrezepte\\ProjektKochrezepte\\tests\\listenMenue.test.js","startTime":1773750722087,"status":"passed","summary":""}],"wasInterrupted":false}
