{"C:\\Users\\Jannik\\Documents\\Kochrezepte\\ProjektKochrezepte\\data\\rezeptSpeicher.js": {"path":"C:\\Users\\Jannik\\Documents\\Kochrezepte\\ProjektKochrezepte\\data\\rezeptSpeicher.js","statementMap":{"0":{"start":{"line":5,"column":21},"end":{"line":5,"column":79}},"1":{"start":{"line":8,"column":4},"end":{"line":16,"column":5}},"2":{"start":{"line":9,"column":22},"end":{"line":9,"column":60}},"3":{"start":{"line":10,"column":24},"end":{"line":10,"column":41}},"4":{"start":{"line":12,"column":8},"end":{"line":12,"column":53}},"5":{"start":{"line":14,"column":8},"end":{"line":14,"column":54}},"6":{"start":{"line":15,"column":8},"end":{"line":15,"column":18}},"7":{"start":{"line":20,"column":4},"end":{"line":20,"column":78}}},"fnMap":{"0":{"name":"ladeRezepte","decl":{"start":{"line":7,"column":16},"end":{"line":7,"column":27}},"loc":{"start":{"line":7,"column":30},"end":{"line":17,"column":1}},"line":7},"1":{"name":"speichereRezepte","decl":{"start":{"line":19,"column":16},"end":{"line":19,"column":32}},"loc":{"start":{"line":19,"column":42},"end":{"line":21,"column":1}},"line":19}},"branchMap":{"0":{"loc":{"start":{"line":12,"column":15},"end":{"line":12,"column":52}},"type":"cond-expr","locations":[{"start":{"line":12,"column":40},"end":{"line":12,"column":47}},{"start":{"line":12,"column":50},"end":{"line":12,"column":52}}],"line":12}},"s":{"0":1,"1":4,"2":4,"3":3,"4":2,"5":2,"6":2,"7":2},"f":{"0":4,"1":2},"b":{"0":[1,1]},"_coverageSchema":"1a1c01bbd47fc00a2c39e90264f33305004495a9","hash":"a01a317a8a6965bbf1d18035e0e89bed34b068c2"}
,"C:\\Users\\Jannik\\Documents\\Kochrezepte\\ProjektKochrezepte\\editors\\arbeitsschritteBearbeitung.js": {"path":"C:\\Users\\Jannik\\Documents\\Kochrezepte\\ProjektKochrezepte\\editors\\arbeitsschritteBearbeitung.js","statementMap":{"0":{"start":{"line":13,"column":4},"end":{"line":18,"column":7}},"1":{"start":{"line":22,"column":4},"end":{"line":22,"column":19}},"2":{"start":{"line":23,"column":4},"end":{"line":23,"column":67}},"3":{"start":{"line":24,"column":4},"end":{"line":24,"column":45}},"4":{"start":{"line":26,"column":28},"end":{"line":26,"column":56}},"5":{"start":{"line":27,"column":4},"end":{"line":33,"column":5}},"6":{"start":{"line":28,"column":8},"end":{"line":28,"column":55}},"7":{"start":{"line":30,"column":8},"end":{"line":32,"column":11}},"8":{"start":{"line":31,"column":12},"end":{"line":31,"column":52}},"9":{"start":{"line":35,"column":4},"end":{"line":35,"column":86}},"10":{"start":{"line":36,"column":4},"end":{"line":36,"column":70}},"11":{"start":{"line":37,"column":4},"end":{"line":37,"column":61}},"12":{"start":{"line":39,"column":28},"end":{"line":43,"column":5}},"13":{"start":{"line":44,"column":4},"end":{"line":48,"column":5}},"14":{"start":{"line":45,"column":8},"end":{"line":45,"column":62}},"15":{"start":{"line":46,"column":8},"end":{"line":46,"column":62}},"16":{"start":{"line":47,"column":8},"end":{"line":47,"column":20}},"17":{"start":{"line":50,"column":32},"end":{"line":54,"column":5}},"18":{"start":{"line":55,"column":4},"end":{"line":57,"column":5}},"19":{"start":{"line":56,"column":8},"end":{"line":56,"column":20}},"20":{"start":{"line":59,"column":4},"end":{"line":61,"column":5}},"21":{"start":{"line":60,"column":8},"end":{"line":60,"column":36}},"22":{"start":{"line":63,"column":27},"end":{"line":63,"column":46}},"23":{"start":{"line":65,"column":4},"end":{"line":65,"column":74}},"24":{"start":{"line":66,"column":4},"end":{"line":66,"column":47}},"25":{"start":{"line":67,"column":4},"end":{"line":67,"column":18}},"26":{"start":{"line":71,"column":4},"end":{"line":71,"column":19}},"27":{"start":{"line":72,"column":4},"end":{"line":72,"column":64}},"28":{"start":{"line":74,"column":4},"end":{"line":78,"column":5}},"29":{"start":{"line":75,"column":8},"end":{"line":75,"column":68}},"30":{"start":{"line":76,"column":8},"end":{"line":76,"column":62}},"31":{"start":{"line":77,"column":8},"end":{"line":77,"column":20}},"32":{"start":{"line":80,"column":4},"end":{"line":85,"column":5}},"33":{"start":{"line":81,"column":8},"end":{"line":81,"column":79}},"34":{"start":{"line":82,"column":8},"end":{"line":82,"column":78}},"35":{"start":{"line":83,"column":8},"end":{"line":83,"column":62}},"36":{"start":{"line":84,"column":8},"end":{"line":84,"column":20}},"37":{"start":{"line":87,"column":4},"end":{"line":87,"column":45}},"38":{"start":{"line":88,"column":4},"end":{"line":90,"column":7}},"39":{"start":{"line":89,"column":8},"end":{"line":89,"column":49}},"40":{"start":{"line":91,"column":4},"end":{"line":91,"column":68}},"41":{"start":{"line":93,"column":27},"end":{"line":97,"column":5}},"42":{"start":{"line":98,"column":4},"end":{"line":102,"column":5}},"43":{"start":{"line":99,"column":8},"end":{"line":99,"column":59}},"44":{"start":{"line":100,"column":8},"end":{"line":100,"column":62}},"45":{"start":{"line":101,"column":8},"end":{"line":101,"column":20}},"46":{"start":{"line":104,"column":30},"end":{"line":104,"column":72}},"47":{"start":{"line":105,"column":23},"end":{"line":105,"column":25}},"48":{"start":{"line":106,"column":4},"end":{"line":111,"column":5}},"49":{"start":{"line":107,"column":8},"end":{"line":107,"column":129}},"50":{"start":{"line":108,"column":8},"end":{"line":110,"column":9}},"51":{"start":{"line":109,"column":12},"end":{"line":109,"column":54}},"52":{"start":{"line":113,"column":4},"end":{"line":117,"column":5}},"53":{"start":{"line":114,"column":8},"end":{"line":114,"column":49}},"54":{"start":{"line":115,"column":8},"end":{"line":115,"column":62}},"55":{"start":{"line":116,"column":8},"end":{"line":116,"column":20}},"56":{"start":{"line":119,"column":4},"end":{"line":119,"column":57}},"57":{"start":{"line":120,"column":4},"end":{"line":120,"column":69}},"58":{"start":{"line":121,"column":4},"end":{"line":121,"column":18}},"59":{"start":{"line":125,"column":4},"end":{"line":125,"column":19}},"60":{"start":{"line":126,"column":4},"end":{"line":126,"column":66}},"61":{"start":{"line":128,"column":4},"end":{"line":132,"column":5}},"62":{"start":{"line":129,"column":8},"end":{"line":129,"column":70}},"63":{"start":{"line":130,"column":8},"end":{"line":130,"column":62}},"64":{"start":{"line":131,"column":8},"end":{"line":131,"column":20}},"65":{"start":{"line":134,"column":4},"end":{"line":134,"column":45}},"66":{"start":{"line":135,"column":4},"end":{"line":137,"column":7}},"67":{"start":{"line":136,"column":8},"end":{"line":136,"column":49}},"68":{"start":{"line":138,"column":4},"end":{"line":138,"column":68}},"69":{"start":{"line":140,"column":27},"end":{"line":144,"column":5}},"70":{"start":{"line":145,"column":4},"end":{"line":149,"column":5}},"71":{"start":{"line":146,"column":8},"end":{"line":146,"column":61}},"72":{"start":{"line":147,"column":8},"end":{"line":147,"column":62}},"73":{"start":{"line":148,"column":8},"end":{"line":148,"column":20}},"74":{"start":{"line":151,"column":18},"end":{"line":151,"column":36}},"75":{"start":{"line":152,"column":25},"end":{"line":152,"column":54}},"76":{"start":{"line":153,"column":4},"end":{"line":153,"column":59}},"77":{"start":{"line":155,"column":32},"end":{"line":159,"column":5}},"78":{"start":{"line":160,"column":4},"end":{"line":162,"column":5}},"79":{"start":{"line":161,"column":8},"end":{"line":161,"column":20}},"80":{"start":{"line":164,"column":4},"end":{"line":164,"column":56}},"81":{"start":{"line":165,"column":4},"end":{"line":165,"column":82}},"82":{"start":{"line":166,"column":4},"end":{"line":166,"column":18}},"83":{"start":{"line":170,"column":4},"end":{"line":207,"column":5}},"84":{"start":{"line":171,"column":8},"end":{"line":171,"column":23}},"85":{"start":{"line":172,"column":8},"end":{"line":172,"column":80}},"86":{"start":{"line":173,"column":8},"end":{"line":173,"column":42}},"87":{"start":{"line":175,"column":8},"end":{"line":175,"column":89}},"88":{"start":{"line":176,"column":36},"end":{"line":176,"column":38}},"89":{"start":{"line":177,"column":27},"end":{"line":177,"column":28}},"90":{"start":{"line":179,"column":8},"end":{"line":202,"column":9}},"91":{"start":{"line":180,"column":26},"end":{"line":180,"column":28}},"92":{"start":{"line":181,"column":12},"end":{"line":189,"column":13}},"93":{"start":{"line":182,"column":16},"end":{"line":182,"column":95}},"94":{"start":{"line":183,"column":16},"end":{"line":185,"column":17}},"95":{"start":{"line":184,"column":20},"end":{"line":184,"column":32}},"96":{"start":{"line":186,"column":16},"end":{"line":188,"column":17}},"97":{"start":{"line":187,"column":20},"end":{"line":187,"column":76}},"98":{"start":{"line":191,"column":12},"end":{"line":198,"column":13}},"99":{"start":{"line":193,"column":16},"end":{"line":196,"column":17}},"100":{"start":{"line":194,"column":20},"end":{"line":194,"column":83}},"101":{"start":{"line":195,"column":20},"end":{"line":195,"column":29}},"102":{"start":{"line":197,"column":16},"end":{"line":197,"column":22}},"103":{"start":{"line":200,"column":12},"end":{"line":200,"column":46}},"104":{"start":{"line":201,"column":12},"end":{"line":201,"column":30}},"105":{"start":{"line":204,"column":8},"end":{"line":204,"column":53}},"106":{"start":{"line":205,"column":8},"end":{"line":205,"column":105}},"107":{"start":{"line":206,"column":8},"end":{"line":206,"column":22}}},"fnMap":{"0":{"name":"bearbeiteArbeitsschritte","decl":{"start":{"line":12,"column":22},"end":{"line":12,"column":46}},"loc":{"start":{"line":12,"column":55},"end":{"line":19,"column":1}},"line":12},"1":{"name":"arbeitsschrittHinzufuegen","decl":{"start":{"line":21,"column":15},"end":{"line":21,"column":40}},"loc":{"start":{"line":21,"column":49},"end":{"line":68,"column":1}},"line":21},"2":{"name":"(anonymous_2)","decl":{"start":{"line":30,"column":32},"end":{"line":30,"column":33}},"loc":{"start":{"line":30,"column":52},"end":{"line":32,"column":9}},"line":30},"3":{"name":"arbeitsschrittEntfernen","decl":{"start":{"line":70,"column":15},"end":{"line":70,"column":38}},"loc":{"start":{"line":70,"column":47},"end":{"line":122,"column":1}},"line":70},"4":{"name":"(anonymous_4)","decl":{"start":{"line":88,"column":35},"end":{"line":88,"column":36}},"loc":{"start":{"line":88,"column":55},"end":{"line":90,"column":5}},"line":88},"5":{"name":"arbeitsschrittVeraendern","decl":{"start":{"line":124,"column":15},"end":{"line":124,"column":39}},"loc":{"start":{"line":124,"column":48},"end":{"line":167,"column":1}},"line":124},"6":{"name":"(anonymous_6)","decl":{"start":{"line":135,"column":35},"end":{"line":135,"column":36}},"loc":{"start":{"line":135,"column":55},"end":{"line":137,"column":5}},"line":135},"7":{"name":"arbeitsschritteErsetzen","decl":{"start":{"line":169,"column":15},"end":{"line":169,"column":38}},"loc":{"start":{"line":169,"column":47},"end":{"line":208,"column":1}},"line":169}},"branchMap":{"0":{"loc":{"start":{"line":26,"column":28},"end":{"line":26,"column":56}},"type":"binary-expr","locations":[{"start":{"line":26,"column":28},"end":{"line":26,"column":50}},{"start":{"line":26,"column":54},"end":{"line":26,"column":56}}],"line":26},"1":{"loc":{"start":{"line":27,"column":4},"end":{"line":33,"column":5}},"type":"if","locations":[{"start":{"line":27,"column":4},"end":{"line":33,"column":5}},{"start":{"line":29,"column":11},"end":{"line":33,"column":5}}],"line":27},"2":{"loc":{"start":{"line":44,"column":4},"end":{"line":48,"column":5}},"type":"if","locations":[{"start":{"line":44,"column":4},"end":{"line":48,"column":5}},{"start":{},"end":{}}],"line":44},"3":{"loc":{"start":{"line":55,"column":4},"end":{"line":57,"column":5}},"type":"if","locations":[{"start":{"line":55,"column":4},"end":{"line":57,"column":5}},{"start":{},"end":{}}],"line":55},"4":{"loc":{"start":{"line":59,"column":4},"end":{"line":61,"column":5}},"type":"if","locations":[{"start":{"line":59,"column":4},"end":{"line":61,"column":5}},{"start":{},"end":{}}],"line":59},"5":{"loc":{"start":{"line":74,"column":4},"end":{"line":78,"column":5}},"type":"if","locations":[{"start":{"line":74,"column":4},"end":{"line":78,"column":5}},{"start":{},"end":{}}],"line":74},"6":{"loc":{"start":{"line":74,"column":8},"end":{"line":74,"column":85}},"type":"binary-expr","locations":[{"start":{"line":74,"column":8},"end":{"line":74,"column":46}},{"start":{"line":74,"column":50},"end":{"line":74,"column":85}}],"line":74},"7":{"loc":{"start":{"line":80,"column":4},"end":{"line":85,"column":5}},"type":"if","locations":[{"start":{"line":80,"column":4},"end":{"line":85,"column":5}},{"start":{},"end":{}}],"line":80},"8":{"loc":{"start":{"line":98,"column":4},"end":{"line":102,"column":5}},"type":"if","locations":[{"start":{"line":98,"column":4},"end":{"line":102,"column":5}},{"start":{},"end":{}}],"line":98},"9":{"loc":{"start":{"line":106,"column":11},"end":{"line":106,"column":55}},"type":"binary-expr","locations":[{"start":{"line":106,"column":11},"end":{"line":106,"column":31}},{"start":{"line":106,"column":35},"end":{"line":106,"column":55}}],"line":106},"10":{"loc":{"start":{"line":108,"column":8},"end":{"line":110,"column":9}},"type":"if","locations":[{"start":{"line":108,"column":8},"end":{"line":110,"column":9}},{"start":{},"end":{}}],"line":108},"11":{"loc":{"start":{"line":108,"column":12},"end":{"line":108,"column":56}},"type":"binary-expr","locations":[{"start":{"line":108,"column":12},"end":{"line":108,"column":32}},{"start":{"line":108,"column":36},"end":{"line":108,"column":56}}],"line":108},"12":{"loc":{"start":{"line":113,"column":4},"end":{"line":117,"column":5}},"type":"if","locations":[{"start":{"line":113,"column":4},"end":{"line":117,"column":5}},{"start":{},"end":{}}],"line":113},"13":{"loc":{"start":{"line":128,"column":4},"end":{"line":132,"column":5}},"type":"if","locations":[{"start":{"line":128,"column":4},"end":{"line":132,"column":5}},{"start":{},"end":{}}],"line":128},"14":{"loc":{"start":{"line":128,"column":8},"end":{"line":128,"column":85}},"type":"binary-expr","locations":[{"start":{"line":128,"column":8},"end":{"line":128,"column":46}},{"start":{"line":128,"column":50},"end":{"line":128,"column":85}}],"line":128},"15":{"loc":{"start":{"line":145,"column":4},"end":{"line":149,"column":5}},"type":"if","locations":[{"start":{"line":145,"column":4},"end":{"line":149,"column":5}},{"start":{},"end":{}}],"line":145},"16":{"loc":{"start":{"line":160,"column":4},"end":{"line":162,"column":5}},"type":"if","locations":[{"start":{"line":160,"column":4},"end":{"line":162,"column":5}},{"start":{},"end":{}}],"line":160},"17":{"loc":{"start":{"line":183,"column":16},"end":{"line":185,"column":17}},"type":"if","locations":[{"start":{"line":183,"column":16},"end":{"line":185,"column":17}},{"start":{},"end":{}}],"line":183},"18":{"loc":{"start":{"line":186,"column":16},"end":{"line":188,"column":17}},"type":"if","locations":[{"start":{"line":186,"column":16},"end":{"line":188,"column":17}},{"start":{},"end":{}}],"line":186},"19":{"loc":{"start":{"line":191,"column":12},"end":{"line":198,"column":13}},"type":"if","locations":[{"start":{"line":191,"column":12},"end":{"line":198,"column":13}},{"start":{},"end":{}}],"line":191},"20":{"loc":{"start":{"line":193,"column":16},"end":{"line":196,"column":17}},"type":"if","locations":[{"start":{"line":193,"column":16},"end":{"line":196,"column":17}},{"start":{},"end":{}}],"line":193}},"s":{"0":5,"1":2,"2":2,"3":2,"4":2,"5":2,"6":0,"7":2,"8":2,"9":2,"10":2,"11":2,"12":2,"13":2,"14":0,"15":0,"16":0,"17":2,"18":2,"19":0,"20":2,"21":0,"22":2,"23":2,"24":2,"25":2,"26":1,"27":1,"28":1,"29":0,"30":0,"31":0,"32":1,"33":1,"34":1,"35":1,"36":1,"37":0,"38":0,"39":0,"40":0,"41":0,"42":0,"43":0,"44":0,"45":0,"46":0,"47":0,"48":0,"49":0,"50":0,"51":0,"52":0,"53":0,"54":0,"55":0,"56":0,"57":0,"58":0,"59":1,"60":1,"61":1,"62":0,"63":0,"64":0,"65":1,"66":1,"67":1,"68":1,"69":1,"70":1,"71":0,"72":0,"73":0,"74":1,"75":1,"76":1,"77":1,"78":1,"79":0,"80":1,"81":1,"82":1,"83":1,"84":1,"85":1,"86":1,"87":1,"88":1,"89":1,"90":1,"91":3,"92":3,"93":3,"94":3,"95":0,"96":3,"97":0,"98":3,"99":1,"100":0,"101":0,"102":1,"103":2,"104":2,"105":1,"106":1,"107":1},"f":{"0":5,"1":2,"2":2,"3":1,"4":0,"5":1,"6":1,"7":1},"b":{"0":[2,0],"1":[0,2],"2":[0,2],"3":[0,2],"4":[0,2],"5":[0,1],"6":[1,1],"7":[1,0],"8":[0,0],"9":[0,0],"10":[0,0],"11":[0,0],"12":[0,0],"13":[0,1],"14":[1,1],"15":[0,1],"16":[0,1],"17":[0,3],"18":[0,3],"19":[1,2],"20":[0,1]},"_coverageSchema":"1a1c01bbd47fc00a2c39e90264f33305004495a9","hash":"c141fda83ded426c4d59ea4cba2fe9d20dc4b163"}
,"C:\\Users\\Jannik\\Documents\\Kochrezepte\\ProjektKochrezepte\\editors\\favoritBearbeitung.js": {"path":"C:\\Users\\Jannik\\Documents\\Kochrezepte\\ProjektKochrezepte\\editors\\favoritBearbeitung.js","statementMap":{"0":{"start":{"line":4,"column":4},"end":{"line":4,"column":19}},"1":{"start":{"line":5,"column":23},"end":{"line":5,"column":46}},"2":{"start":{"line":6,"column":28},"end":{"line":6,"column":67}},"3":{"start":{"line":7,"column":4},"end":{"line":7,"column":77}},"4":{"start":{"line":8,"column":4},"end":{"line":8,"column":58}},"5":{"start":{"line":10,"column":4},"end":{"line":21,"column":5}},"6":{"start":{"line":11,"column":8},"end":{"line":11,"column":86}},"7":{"start":{"line":12,"column":21},"end":{"line":12,"column":72}},"8":{"start":{"line":13,"column":8},"end":{"line":19,"column":9}},"9":{"start":{"line":14,"column":12},"end":{"line":14,"column":35}},"10":{"start":{"line":15,"column":12},"end":{"line":15,"column":27}},"11":{"start":{"line":16,"column":12},"end":{"line":16,"column":81}},"12":{"start":{"line":17,"column":12},"end":{"line":17,"column":34}},"13":{"start":{"line":18,"column":12},"end":{"line":18,"column":26}},"14":{"start":{"line":20,"column":8},"end":{"line":20,"column":20}},"15":{"start":{"line":23,"column":4},"end":{"line":23,"column":82}},"16":{"start":{"line":24,"column":17},"end":{"line":24,"column":68}},"17":{"start":{"line":25,"column":4},"end":{"line":31,"column":5}},"18":{"start":{"line":26,"column":8},"end":{"line":26,"column":30}},"19":{"start":{"line":27,"column":8},"end":{"line":27,"column":23}},"20":{"start":{"line":28,"column":8},"end":{"line":28,"column":79}},"21":{"start":{"line":29,"column":8},"end":{"line":29,"column":30}},"22":{"start":{"line":30,"column":8},"end":{"line":30,"column":22}},"23":{"start":{"line":33,"column":4},"end":{"line":33,"column":16}}},"fnMap":{"0":{"name":"bearbeiteFavorit","decl":{"start":{"line":3,"column":22},"end":{"line":3,"column":38}},"loc":{"start":{"line":3,"column":47},"end":{"line":34,"column":1}},"line":3}},"branchMap":{"0":{"loc":{"start":{"line":6,"column":28},"end":{"line":6,"column":67}},"type":"cond-expr","locations":[{"start":{"line":6,"column":41},"end":{"line":6,"column":50}},{"start":{"line":6,"column":53},"end":{"line":6,"column":67}}],"line":6},"1":{"loc":{"start":{"line":10,"column":4},"end":{"line":21,"column":5}},"type":"if","locations":[{"start":{"line":10,"column":4},"end":{"line":21,"column":5}},{"start":{},"end":{}}],"line":10},"2":{"loc":{"start":{"line":13,"column":8},"end":{"line":19,"column":9}},"type":"if","locations":[{"start":{"line":13,"column":8},"end":{"line":19,"column":9}},{"start":{},"end":{}}],"line":13},"3":{"loc":{"start":{"line":25,"column":4},"end":{"line":31,"column":5}},"type":"if","locations":[{"start":{"line":25,"column":4},"end":{"line":31,"column":5}},{"start":{},"end":{}}],"line":25}},"s":{"0":4,"1":4,"2":4,"3":4,"4":4,"5":4,"6":2,"7":2,"8":2,"9":1,"10":1,"11":1,"12":1,"13":1,"14":1,"15":2,"16":2,"17":2,"18":1,"19":1,"20":1,"21":1,"22":1,"23":1},"f":{"0":4},"b":{"0":[2,2],"1":[2,2],"2":[1,1],"3":[1,1]},"_coverageSchema":"1a1c01bbd47fc00a2c39e90264f33305004495a9","hash":"daf7cb1e22bb306e3c1c971df9d3d5b999032401"}
,"C:\\Users\\Jannik\\Documents\\Kochrezepte\\ProjektKochrezepte\\editors\\kategorienBearbeitung.js": {"path":"C:\\Users\\Jannik\\Documents\\Kochrezepte\\ProjektKochrezepte\\editors\\kategorienBearbeitung.js","statementMap":{"0":{"start":{"line":11,"column":4},"end":{"line":41,"column":5}},"1":{"start":{"line":12,"column":8},"end":{"line":12,"column":23}},"2":{"start":{"line":13,"column":8},"end":{"line":13,"column":63}},"3":{"start":{"line":14,"column":8},"end":{"line":14,"column":84}},"4":{"start":{"line":15,"column":8},"end":{"line":21,"column":10}},"5":{"start":{"line":23,"column":31},"end":{"line":23,"column":84}},"6":{"start":{"line":25,"column":33},"end":{"line":25,"column":37}},"7":{"start":{"line":26,"column":8},"end":{"line":36,"column":9}},"8":{"start":{"line":27,"column":12},"end":{"line":27,"column":68}},"9":{"start":{"line":28,"column":15},"end":{"line":36,"column":9}},"10":{"start":{"line":29,"column":12},"end":{"line":29,"column":66}},"11":{"start":{"line":30,"column":15},"end":{"line":36,"column":9}},"12":{"start":{"line":31,"column":12},"end":{"line":31,"column":67}},"13":{"start":{"line":32,"column":15},"end":{"line":36,"column":9}},"14":{"start":{"line":33,"column":12},"end":{"line":33,"column":66}},"15":{"start":{"line":34,"column":15},"end":{"line":36,"column":9}},"16":{"start":{"line":35,"column":12},"end":{"line":35,"column":24}},"17":{"start":{"line":38,"column":8},"end":{"line":40,"column":9}},"18":{"start":{"line":39,"column":12},"end":{"line":39,"column":38}},"19":{"start":{"line":45,"column":4},"end":{"line":45,"column":19}},"20":{"start":{"line":46,"column":4},"end":{"line":46,"column":62}},"21":{"start":{"line":47,"column":4},"end":{"line":47,"column":80}},"22":{"start":{"line":49,"column":4},"end":{"line":51,"column":5}},"23":{"start":{"line":50,"column":8},"end":{"line":50,"column":31}},"24":{"start":{"line":53,"column":4},"end":{"line":75,"column":5}},"25":{"start":{"line":54,"column":30},"end":{"line":58,"column":9}},"26":{"start":{"line":59,"column":8},"end":{"line":61,"column":9}},"27":{"start":{"line":60,"column":12},"end":{"line":60,"column":24}},"28":{"start":{"line":64,"column":42},"end":{"line":66,"column":9}},"29":{"start":{"line":65,"column":27},"end":{"line":65,"column":82}},"30":{"start":{"line":67,"column":8},"end":{"line":70,"column":9}},"31":{"start":{"line":68,"column":12},"end":{"line":68,"column":79}},"32":{"start":{"line":69,"column":12},"end":{"line":69,"column":21}},"33":{"start":{"line":72,"column":8},"end":{"line":72,"column":46}},"34":{"start":{"line":73,"column":8},"end":{"line":73,"column":65}},"35":{"start":{"line":74,"column":8},"end":{"line":74,"column":22}},"36":{"start":{"line":79,"column":4},"end":{"line":79,"column":19}},"37":{"start":{"line":80,"column":4},"end":{"line":80,"column":61}},"38":{"start":{"line":82,"column":4},"end":{"line":86,"column":5}},"39":{"start":{"line":83,"column":8},"end":{"line":83,"column":65}},"40":{"start":{"line":84,"column":8},"end":{"line":84,"column":62}},"41":{"start":{"line":85,"column":8},"end":{"line":85,"column":20}},"42":{"start":{"line":88,"column":4},"end":{"line":93,"column":5}},"43":{"start":{"line":89,"column":8},"end":{"line":89,"column":75}},"44":{"start":{"line":90,"column":8},"end":{"line":90,"column":67}},"45":{"start":{"line":91,"column":8},"end":{"line":91,"column":62}},"46":{"start":{"line":92,"column":8},"end":{"line":92,"column":20}},"47":{"start":{"line":95,"column":4},"end":{"line":95,"column":40}},"48":{"start":{"line":96,"column":4},"end":{"line":98,"column":7}},"49":{"start":{"line":97,"column":8},"end":{"line":97,"column":51}},"50":{"start":{"line":99,"column":4},"end":{"line":99,"column":63}},"51":{"start":{"line":101,"column":27},"end":{"line":105,"column":5}},"52":{"start":{"line":107,"column":4},"end":{"line":111,"column":5}},"53":{"start":{"line":108,"column":8},"end":{"line":108,"column":56}},"54":{"start":{"line":109,"column":8},"end":{"line":109,"column":62}},"55":{"start":{"line":110,"column":8},"end":{"line":110,"column":20}},"56":{"start":{"line":113,"column":31},"end":{"line":113,"column":68}},"57":{"start":{"line":114,"column":4},"end":{"line":114,"column":52}},"58":{"start":{"line":115,"column":4},"end":{"line":115,"column":63}},"59":{"start":{"line":116,"column":4},"end":{"line":116,"column":18}},"60":{"start":{"line":120,"column":4},"end":{"line":120,"column":19}},"61":{"start":{"line":121,"column":4},"end":{"line":121,"column":62}},"62":{"start":{"line":123,"column":4},"end":{"line":127,"column":5}},"63":{"start":{"line":124,"column":8},"end":{"line":124,"column":66}},"64":{"start":{"line":125,"column":8},"end":{"line":125,"column":62}},"65":{"start":{"line":126,"column":8},"end":{"line":126,"column":20}},"66":{"start":{"line":129,"column":4},"end":{"line":129,"column":40}},"67":{"start":{"line":130,"column":4},"end":{"line":132,"column":7}},"68":{"start":{"line":131,"column":8},"end":{"line":131,"column":51}},"69":{"start":{"line":133,"column":4},"end":{"line":133,"column":63}},"70":{"start":{"line":135,"column":27},"end":{"line":139,"column":5}},"71":{"start":{"line":141,"column":4},"end":{"line":145,"column":5}},"72":{"start":{"line":142,"column":8},"end":{"line":142,"column":57}},"73":{"start":{"line":143,"column":8},"end":{"line":143,"column":62}},"74":{"start":{"line":144,"column":8},"end":{"line":144,"column":20}},"75":{"start":{"line":147,"column":26},"end":{"line":147,"column":63}},"76":{"start":{"line":148,"column":4},"end":{"line":148,"column":54}},"77":{"start":{"line":150,"column":4},"end":{"line":171,"column":5}},"78":{"start":{"line":151,"column":30},"end":{"line":155,"column":9}},"79":{"start":{"line":156,"column":8},"end":{"line":158,"column":9}},"80":{"start":{"line":157,"column":12},"end":{"line":157,"column":24}},"81":{"start":{"line":160,"column":42},"end":{"line":162,"column":10}},"82":{"start":{"line":161,"column":12},"end":{"line":161,"column":109}},"83":{"start":{"line":163,"column":8},"end":{"line":166,"column":9}},"84":{"start":{"line":164,"column":12},"end":{"line":164,"column":79}},"85":{"start":{"line":165,"column":12},"end":{"line":165,"column":21}},"86":{"start":{"line":168,"column":8},"end":{"line":168,"column":62}},"87":{"start":{"line":169,"column":8},"end":{"line":169,"column":85}},"88":{"start":{"line":170,"column":8},"end":{"line":170,"column":22}},"89":{"start":{"line":175,"column":4},"end":{"line":208,"column":5}},"90":{"start":{"line":176,"column":8},"end":{"line":176,"column":23}},"91":{"start":{"line":177,"column":8},"end":{"line":177,"column":70}},"92":{"start":{"line":178,"column":8},"end":{"line":178,"column":84}},"93":{"start":{"line":180,"column":8},"end":{"line":180,"column":113}},"94":{"start":{"line":181,"column":32},"end":{"line":181,"column":90}},"95":{"start":{"line":183,"column":8},"end":{"line":185,"column":9}},"96":{"start":{"line":184,"column":12},"end":{"line":184,"column":24}},"97":{"start":{"line":187,"column":8},"end":{"line":191,"column":9}},"98":{"start":{"line":188,"column":12},"end":{"line":188,"column":71}},"99":{"start":{"line":189,"column":12},"end":{"line":189,"column":66}},"100":{"start":{"line":190,"column":12},"end":{"line":190,"column":21}},"101":{"start":{"line":193,"column":31},"end":{"line":196,"column":52}},"102":{"start":{"line":195,"column":32},"end":{"line":195,"column":48}},"103":{"start":{"line":196,"column":35},"end":{"line":196,"column":51}},"104":{"start":{"line":199,"column":8},"end":{"line":203,"column":9}},"105":{"start":{"line":200,"column":12},"end":{"line":200,"column":79}},"106":{"start":{"line":201,"column":12},"end":{"line":201,"column":66}},"107":{"start":{"line":202,"column":12},"end":{"line":202,"column":21}},"108":{"start":{"line":205,"column":8},"end":{"line":205,"column":43}},"109":{"start":{"line":206,"column":8},"end":{"line":206,"column":89}},"110":{"start":{"line":207,"column":8},"end":{"line":207,"column":22}}},"fnMap":{"0":{"name":"bearbeiteKategorien","decl":{"start":{"line":10,"column":22},"end":{"line":10,"column":41}},"loc":{"start":{"line":10,"column":50},"end":{"line":42,"column":1}},"line":10},"1":{"name":"kategorieHinzufuegen","decl":{"start":{"line":44,"column":15},"end":{"line":44,"column":35}},"loc":{"start":{"line":44,"column":44},"end":{"line":76,"column":1}},"line":44},"2":{"name":"(anonymous_2)","decl":{"start":{"line":65,"column":12},"end":{"line":65,"column":13}},"loc":{"start":{"line":65,"column":27},"end":{"line":65,"column":82}},"line":65},"3":{"name":"kategorieEntfernen","decl":{"start":{"line":78,"column":15},"end":{"line":78,"column":33}},"loc":{"start":{"line":78,"column":42},"end":{"line":117,"column":1}},"line":78},"4":{"name":"(anonymous_4)","decl":{"start":{"line":96,"column":30},"end":{"line":96,"column":31}},"loc":{"start":{"line":96,"column":52},"end":{"line":98,"column":5}},"line":96},"5":{"name":"kategorieUmbenennen","decl":{"start":{"line":119,"column":15},"end":{"line":119,"column":34}},"loc":{"start":{"line":119,"column":43},"end":{"line":172,"column":1}},"line":119},"6":{"name":"(anonymous_6)","decl":{"start":{"line":130,"column":30},"end":{"line":130,"column":31}},"loc":{"start":{"line":130,"column":52},"end":{"line":132,"column":5}},"line":130},"7":{"name":"(anonymous_7)","decl":{"start":{"line":160,"column":65},"end":{"line":160,"column":66}},"loc":{"start":{"line":160,"column":87},"end":{"line":162,"column":9}},"line":160},"8":{"name":"kategorienErsetzen","decl":{"start":{"line":174,"column":15},"end":{"line":174,"column":33}},"loc":{"start":{"line":174,"column":42},"end":{"line":209,"column":1}},"line":174},"9":{"name":"(anonymous_9)","decl":{"start":{"line":195,"column":17},"end":{"line":195,"column":18}},"loc":{"start":{"line":195,"column":32},"end":{"line":195,"column":48}},"line":195},"10":{"name":"(anonymous_10)","decl":{"start":{"line":196,"column":20},"end":{"line":196,"column":21}},"loc":{"start":{"line":196,"column":35},"end":{"line":196,"column":51}},"line":196}},"branchMap":{"0":{"loc":{"start":{"line":14,"column":45},"end":{"line":14,"column":68}},"type":"binary-expr","locations":[{"start":{"line":14,"column":45},"end":{"line":14,"column":62}},{"start":{"line":14,"column":66},"end":{"line":14,"column":68}}],"line":14},"1":{"loc":{"start":{"line":26,"column":8},"end":{"line":36,"column":9}},"type":"if","locations":[{"start":{"line":26,"column":8},"end":{"line":36,"column":9}},{"start":{"line":28,"column":15},"end":{"line":36,"column":9}}],"line":26},"2":{"loc":{"start":{"line":28,"column":15},"end":{"line":36,"column":9}},"type":"if","locations":[{"start":{"line":28,"column":15},"end":{"line":36,"column":9}},{"start":{"line":30,"column":15},"end":{"line":36,"column":9}}],"line":28},"3":{"loc":{"start":{"line":30,"column":15},"end":{"line":36,"column":9}},"type":"if","locations":[{"start":{"line":30,"column":15},"end":{"line":36,"column":9}},{"start":{"line":32,"column":15},"end":{"line":36,"column":9}}],"line":30},"4":{"loc":{"start":{"line":32,"column":15},"end":{"line":36,"column":9}},"type":"if","locations":[{"start":{"line":32,"column":15},"end":{"line":36,"column":9}},{"start":{"line":34,"column":15},"end":{"line":36,"column":9}}],"line":32},"5":{"loc":{"start":{"line":34,"column":15},"end":{"line":36,"column":9}},"type":"if","locations":[{"start":{"line":34,"column":15},"end":{"line":36,"column":9}},{"start":{},"end":{}}],"line":34},"6":{"loc":{"start":{"line":38,"column":8},"end":{"line":40,"column":9}},"type":"if","locations":[{"start":{"line":38,"column":8},"end":{"line":40,"column":9}},{"start":{},"end":{}}],"line":38},"7":{"loc":{"start":{"line":47,"column":41},"end":{"line":47,"column":64}},"type":"binary-expr","locations":[{"start":{"line":47,"column":41},"end":{"line":47,"column":58}},{"start":{"line":47,"column":62},"end":{"line":47,"column":64}}],"line":47},"8":{"loc":{"start":{"line":49,"column":4},"end":{"line":51,"column":5}},"type":"if","locations":[{"start":{"line":49,"column":4},"end":{"line":51,"column":5}},{"start":{},"end":{}}],"line":49},"9":{"loc":{"start":{"line":59,"column":8},"end":{"line":61,"column":9}},"type":"if","locations":[{"start":{"line":59,"column":8},"end":{"line":61,"column":9}},{"start":{},"end":{}}],"line":59},"10":{"loc":{"start":{"line":67,"column":8},"end":{"line":70,"column":9}},"type":"if","locations":[{"start":{"line":67,"column":8},"end":{"line":70,"column":9}},{"start":{},"end":{}}],"line":67},"11":{"loc":{"start":{"line":82,"column":4},"end":{"line":86,"column":5}},"type":"if","locations":[{"start":{"line":82,"column":4},"end":{"line":86,"column":5}},{"start":{},"end":{}}],"line":82},"12":{"loc":{"start":{"line":82,"column":8},"end":{"line":82,"column":60}},"type":"binary-expr","locations":[{"start":{"line":82,"column":8},"end":{"line":82,"column":26}},{"start":{"line":82,"column":30},"end":{"line":82,"column":60}}],"line":82},"13":{"loc":{"start":{"line":88,"column":4},"end":{"line":93,"column":5}},"type":"if","locations":[{"start":{"line":88,"column":4},"end":{"line":93,"column":5}},{"start":{},"end":{}}],"line":88},"14":{"loc":{"start":{"line":107,"column":4},"end":{"line":111,"column":5}},"type":"if","locations":[{"start":{"line":107,"column":4},"end":{"line":111,"column":5}},{"start":{},"end":{}}],"line":107},"15":{"loc":{"start":{"line":123,"column":4},"end":{"line":127,"column":5}},"type":"if","locations":[{"start":{"line":123,"column":4},"end":{"line":127,"column":5}},{"start":{},"end":{}}],"line":123},"16":{"loc":{"start":{"line":123,"column":8},"end":{"line":123,"column":60}},"type":"binary-expr","locations":[{"start":{"line":123,"column":8},"end":{"line":123,"column":26}},{"start":{"line":123,"column":30},"end":{"line":123,"column":60}}],"line":123},"17":{"loc":{"start":{"line":141,"column":4},"end":{"line":145,"column":5}},"type":"if","locations":[{"start":{"line":141,"column":4},"end":{"line":145,"column":5}},{"start":{},"end":{}}],"line":141},"18":{"loc":{"start":{"line":156,"column":8},"end":{"line":158,"column":9}},"type":"if","locations":[{"start":{"line":156,"column":8},"end":{"line":158,"column":9}},{"start":{},"end":{}}],"line":156},"19":{"loc":{"start":{"line":161,"column":19},"end":{"line":161,"column":108}},"type":"binary-expr","locations":[{"start":{"line":161,"column":19},"end":{"line":161,"column":49}},{"start":{"line":161,"column":53},"end":{"line":161,"column":108}}],"line":161},"20":{"loc":{"start":{"line":163,"column":8},"end":{"line":166,"column":9}},"type":"if","locations":[{"start":{"line":163,"column":8},"end":{"line":166,"column":9}},{"start":{},"end":{}}],"line":163},"21":{"loc":{"start":{"line":178,"column":45},"end":{"line":178,"column":68}},"type":"binary-expr","locations":[{"start":{"line":178,"column":45},"end":{"line":178,"column":62}},{"start":{"line":178,"column":66},"end":{"line":178,"column":68}}],"line":178},"22":{"loc":{"start":{"line":183,"column":8},"end":{"line":185,"column":9}},"type":"if","locations":[{"start":{"line":183,"column":8},"end":{"line":185,"column":9}},{"start":{},"end":{}}],"line":183},"23":{"loc":{"start":{"line":187,"column":8},"end":{"line":191,"column":9}},"type":"if","locations":[{"start":{"line":187,"column":8},"end":{"line":191,"column":9}},{"start":{},"end":{}}],"line":187},"24":{"loc":{"start":{"line":199,"column":8},"end":{"line":203,"column":9}},"type":"if","locations":[{"start":{"line":199,"column":8},"end":{"line":203,"column":9}},{"start":{},"end":{}}],"line":199}},"s":{"0":6,"1":7,"2":7,"3":7,"4":7,"5":7,"6":7,"7":7,"8":2,"9":5,"10":1,"11":4,"12":1,"13":3,"14":1,"15":2,"16":2,"17":5,"18":4,"19":2,"20":2,"21":2,"22":2,"23":0,"24":2,"25":3,"26":3,"27":0,"28":3,"29":3,"30":3,"31":1,"32":1,"33":2,"34":2,"35":2,"36":1,"37":1,"38":1,"39":0,"40":0,"41":0,"42":1,"43":1,"44":1,"45":1,"46":1,"47":0,"48":0,"49":0,"50":0,"51":0,"52":0,"53":0,"54":0,"55":0,"56":0,"57":0,"58":0,"59":0,"60":1,"61":1,"62":1,"63":0,"64":0,"65":0,"66":1,"67":1,"68":2,"69":1,"70":1,"71":1,"72":0,"73":0,"74":0,"75":1,"76":1,"77":1,"78":1,"79":1,"80":0,"81":1,"82":2,"83":1,"84":0,"85":0,"86":1,"87":1,"88":1,"89":1,"90":1,"91":1,"92":1,"93":1,"94":1,"95":1,"96":0,"97":1,"98":0,"99":0,"100":0,"101":1,"102":2,"103":2,"104":1,"105":0,"106":0,"107":0,"108":1,"109":1,"110":1},"f":{"0":6,"1":2,"2":3,"3":1,"4":0,"5":1,"6":2,"7":2,"8":1,"9":2,"10":2},"b":{"0":[7,0],"1":[2,5],"2":[1,4],"3":[1,3],"4":[1,2],"5":[2,0],"6":[4,1],"7":[2,0],"8":[0,2],"9":[0,3],"10":[1,2],"11":[0,1],"12":[1,1],"13":[1,0],"14":[0,0],"15":[0,1],"16":[1,1],"17":[0,1],"18":[0,1],"19":[2,1],"20":[0,1],"21":[1,0],"22":[0,1],"23":[0,1],"24":[0,1]},"_coverageSchema":"1a1c01bbd47fc00a2c39e90264f33305004495a9","hash":"e0448aa7d9232ee016d89cb6c87580e716f14311"}
,"C:\\Users\\Jannik\\Documents\\Kochrezepte\\ProjektKochrezepte\\editors\\rezeptFelderBearbeitung.js": {"path":"C:\\Users\\Jannik\\Documents\\Kochrezepte\\ProjektKochrezepte\\editors\\rezeptFelderBearbeitung.js","statementMap":{"0":{"start":{"line":8,"column":4},"end":{"line":58,"column":5}},"1":{"start":{"line":9,"column":8},"end":{"line":9,"column":23}},"2":{"start":{"line":10,"column":8},"end":{"line":19,"column":10}},"3":{"start":{"line":21,"column":31},"end":{"line":21,"column":85}},"4":{"start":{"line":23,"column":33},"end":{"line":23,"column":37}},"5":{"start":{"line":24,"column":8},"end":{"line":38,"column":9}},"6":{"start":{"line":25,"column":12},"end":{"line":25,"column":76}},"7":{"start":{"line":26,"column":15},"end":{"line":38,"column":9}},"8":{"start":{"line":27,"column":12},"end":{"line":27,"column":75}},"9":{"start":{"line":28,"column":15},"end":{"line":38,"column":9}},"10":{"start":{"line":29,"column":12},"end":{"line":29,"column":68}},"11":{"start":{"line":30,"column":15},"end":{"line":38,"column":9}},"12":{"start":{"line":31,"column":12},"end":{"line":31,"column":67}},"13":{"start":{"line":32,"column":15},"end":{"line":38,"column":9}},"14":{"start":{"line":33,"column":12},"end":{"line":33,"column":64}},"15":{"start":{"line":34,"column":15},"end":{"line":38,"column":9}},"16":{"start":{"line":35,"column":12},"end":{"line":35,"column":72}},"17":{"start":{"line":36,"column":15},"end":{"line":38,"column":9}},"18":{"start":{"line":37,"column":12},"end":{"line":37,"column":19}},"19":{"start":{"line":40,"column":8},"end":{"line":57,"column":9}},"20":{"start":{"line":41,"column":12},"end":{"line":41,"column":40}},"21":{"start":{"line":44,"column":32},"end":{"line":44,"column":88}},"22":{"start":{"line":44,"column":63},"end":{"line":44,"column":87}},"23":{"start":{"line":45,"column":12},"end":{"line":47,"column":13}},"24":{"start":{"line":46,"column":16},"end":{"line":46,"column":46}},"25":{"start":{"line":49,"column":12},"end":{"line":54,"column":13}},"26":{"start":{"line":50,"column":16},"end":{"line":50,"column":42}},"27":{"start":{"line":51,"column":16},"end":{"line":51,"column":55}},"28":{"start":{"line":53,"column":16},"end":{"line":53,"column":69}},"29":{"start":{"line":56,"column":12},"end":{"line":56,"column":64}},"30":{"start":{"line":62,"column":4},"end":{"line":62,"column":19}},"31":{"start":{"line":63,"column":4},"end":{"line":63,"column":59}},"32":{"start":{"line":64,"column":4},"end":{"line":64,"column":50}},"33":{"start":{"line":66,"column":4},"end":{"line":88,"column":5}},"34":{"start":{"line":67,"column":26},"end":{"line":71,"column":9}},"35":{"start":{"line":72,"column":8},"end":{"line":74,"column":9}},"36":{"start":{"line":73,"column":12},"end":{"line":73,"column":24}},"37":{"start":{"line":76,"column":37},"end":{"line":80,"column":10}},"38":{"start":{"line":77,"column":39},"end":{"line":77,"column":105}},"39":{"start":{"line":79,"column":12},"end":{"line":79,"column":107}},"40":{"start":{"line":81,"column":8},"end":{"line":84,"column":9}},"41":{"start":{"line":82,"column":12},"end":{"line":82,"column":86}},"42":{"start":{"line":83,"column":12},"end":{"line":83,"column":21}},"43":{"start":{"line":86,"column":8},"end":{"line":86,"column":32}},"44":{"start":{"line":87,"column":8},"end":{"line":87,"column":22}},"45":{"start":{"line":92,"column":4},"end":{"line":92,"column":19}},"46":{"start":{"line":93,"column":4},"end":{"line":93,"column":67}},"47":{"start":{"line":94,"column":4},"end":{"line":94,"column":78}},"48":{"start":{"line":96,"column":32},"end":{"line":96,"column":62}},"49":{"start":{"line":97,"column":4},"end":{"line":97,"column":41}},"50":{"start":{"line":98,"column":4},"end":{"line":100,"column":7}},"51":{"start":{"line":99,"column":8},"end":{"line":99,"column":46}},"52":{"start":{"line":101,"column":4},"end":{"line":101,"column":65}},"53":{"start":{"line":103,"column":31},"end":{"line":107,"column":5}},"54":{"start":{"line":108,"column":4},"end":{"line":112,"column":5}},"55":{"start":{"line":109,"column":8},"end":{"line":109,"column":45}},"56":{"start":{"line":110,"column":8},"end":{"line":110,"column":62}},"57":{"start":{"line":111,"column":8},"end":{"line":111,"column":20}},"58":{"start":{"line":114,"column":4},"end":{"line":114,"column":76}},"59":{"start":{"line":115,"column":4},"end":{"line":115,"column":18}},"60":{"start":{"line":119,"column":4},"end":{"line":119,"column":19}},"61":{"start":{"line":120,"column":4},"end":{"line":120,"column":60}},"62":{"start":{"line":121,"column":4},"end":{"line":121,"column":64}},"63":{"start":{"line":123,"column":29},"end":{"line":127,"column":5}},"64":{"start":{"line":128,"column":4},"end":{"line":130,"column":5}},"65":{"start":{"line":129,"column":8},"end":{"line":129,"column":20}},"66":{"start":{"line":132,"column":4},"end":{"line":132,"column":42}},"67":{"start":{"line":133,"column":4},"end":{"line":133,"column":18}}},"fnMap":{"0":{"name":"rezeptEditierMenue","decl":{"start":{"line":7,"column":22},"end":{"line":7,"column":40}},"loc":{"start":{"line":7,"column":58},"end":{"line":59,"column":1}},"line":7},"1":{"name":"(anonymous_1)","decl":{"start":{"line":44,"column":50},"end":{"line":44,"column":51}},"loc":{"start":{"line":44,"column":63},"end":{"line":44,"column":87}},"line":44},"2":{"name":"bearbeiteRezeptName","decl":{"start":{"line":61,"column":15},"end":{"line":61,"column":34}},"loc":{"start":{"line":61,"column":52},"end":{"line":89,"column":1}},"line":61},"3":{"name":"(anonymous_3)","decl":{"start":{"line":76,"column":50},"end":{"line":76,"column":51}},"loc":{"start":{"line":76,"column":73},"end":{"line":80,"column":9}},"line":76},"4":{"name":"bearbeiteSchwierigkeitsgrad","decl":{"start":{"line":91,"column":15},"end":{"line":91,"column":42}},"loc":{"start":{"line":91,"column":51},"end":{"line":116,"column":1}},"line":91},"5":{"name":"(anonymous_5)","decl":{"start":{"line":98,"column":32},"end":{"line":98,"column":33}},"loc":{"start":{"line":98,"column":49},"end":{"line":100,"column":5}},"line":98},"6":{"name":"bearbeiteZeitaufwand","decl":{"start":{"line":118,"column":15},"end":{"line":118,"column":35}},"loc":{"start":{"line":118,"column":44},"end":{"line":134,"column":1}},"line":118}},"branchMap":{"0":{"loc":{"start":{"line":24,"column":8},"end":{"line":38,"column":9}},"type":"if","locations":[{"start":{"line":24,"column":8},"end":{"line":38,"column":9}},{"start":{"line":26,"column":15},"end":{"line":38,"column":9}}],"line":24},"1":{"loc":{"start":{"line":26,"column":15},"end":{"line":38,"column":9}},"type":"if","locations":[{"start":{"line":26,"column":15},"end":{"line":38,"column":9}},{"start":{"line":28,"column":15},"end":{"line":38,"column":9}}],"line":26},"2":{"loc":{"start":{"line":28,"column":15},"end":{"line":38,"column":9}},"type":"if","locations":[{"start":{"line":28,"column":15},"end":{"line":38,"column":9}},{"start":{"line":30,"column":15},"end":{"line":38,"column":9}}],"line":28},"3":{"loc":{"start":{"line":30,"column":15},"end":{"line":38,"column":9}},"type":"if","locations":[{"start":{"line":30,"column":15},"end":{"line":38,"column":9}},{"start":{"line":32,"column":15},"end":{"line":38,"column":9}}],"line":30},"4":{"loc":{"start":{"line":32,"column":15},"end":{"line":38,"column":9}},"type":"if","locations":[{"start":{"line":32,"column":15},"end":{"line":38,"column":9}},{"start":{"line":34,"column":15},"end":{"line":38,"column":9}}],"line":32},"5":{"loc":{"start":{"line":34,"column":15},"end":{"line":38,"column":9}},"type":"if","locations":[{"start":{"line":34,"column":15},"end":{"line":38,"column":9}},{"start":{"line":36,"column":15},"end":{"line":38,"column":9}}],"line":34},"6":{"loc":{"start":{"line":36,"column":15},"end":{"line":38,"column":9}},"type":"if","locations":[{"start":{"line":36,"column":15},"end":{"line":38,"column":9}},{"start":{},"end":{}}],"line":36},"7":{"loc":{"start":{"line":40,"column":8},"end":{"line":57,"column":9}},"type":"if","locations":[{"start":{"line":40,"column":8},"end":{"line":57,"column":9}},{"start":{},"end":{}}],"line":40},"8":{"loc":{"start":{"line":45,"column":12},"end":{"line":47,"column":13}},"type":"if","locations":[{"start":{"line":45,"column":12},"end":{"line":47,"column":13}},{"start":{},"end":{}}],"line":45},"9":{"loc":{"start":{"line":72,"column":8},"end":{"line":74,"column":9}},"type":"if","locations":[{"start":{"line":72,"column":8},"end":{"line":74,"column":9}},{"start":{},"end":{}}],"line":72},"10":{"loc":{"start":{"line":77,"column":39},"end":{"line":77,"column":105}},"type":"binary-expr","locations":[{"start":{"line":77,"column":39},"end":{"line":77,"column":67}},{"start":{"line":77,"column":71},"end":{"line":77,"column":105}}],"line":77},"11":{"loc":{"start":{"line":79,"column":19},"end":{"line":79,"column":106}},"type":"binary-expr","locations":[{"start":{"line":79,"column":19},"end":{"line":79,"column":38}},{"start":{"line":79,"column":42},"end":{"line":79,"column":106}}],"line":79},"12":{"loc":{"start":{"line":81,"column":8},"end":{"line":84,"column":9}},"type":"if","locations":[{"start":{"line":81,"column":8},"end":{"line":84,"column":9}},{"start":{},"end":{}}],"line":81},"13":{"loc":{"start":{"line":108,"column":4},"end":{"line":112,"column":5}},"type":"if","locations":[{"start":{"line":108,"column":4},"end":{"line":112,"column":5}},{"start":{},"end":{}}],"line":108},"14":{"loc":{"start":{"line":128,"column":4},"end":{"line":130,"column":5}},"type":"if","locations":[{"start":{"line":128,"column":4},"end":{"line":130,"column":5}},{"start":{},"end":{}}],"line":128}},"s":{"0":6,"1":12,"2":12,"3":12,"4":12,"5":12,"6":3,"7":9,"8":2,"9":7,"10":0,"11":7,"12":1,"13":6,"14":0,"15":6,"16":0,"17":6,"18":6,"19":6,"20":5,"21":5,"22":5,"23":5,"24":5,"25":5,"26":5,"27":5,"28":0,"29":5,"30":3,"31":3,"32":3,"33":3,"34":4,"35":4,"36":0,"37":4,"38":8,"39":8,"40":4,"41":1,"42":1,"43":3,"44":3,"45":2,"46":2,"47":2,"48":2,"49":2,"50":2,"51":6,"52":2,"53":2,"54":2,"55":1,"56":1,"57":1,"58":1,"59":1,"60":0,"61":0,"62":0,"63":0,"64":0,"65":0,"66":0,"67":0},"f":{"0":6,"1":5,"2":3,"3":8,"4":2,"5":6,"6":0},"b":{"0":[3,9],"1":[2,7],"2":[0,7],"3":[1,6],"4":[0,6],"5":[0,6],"6":[6,0],"7":[5,1],"8":[5,0],"9":[0,4],"10":[8,4],"11":[8,4],"12":[1,3],"13":[1,1],"14":[0,0]},"_coverageSchema":"1a1c01bbd47fc00a2c39e90264f33305004495a9","hash":"43a0a7208bfda21e426d5d8ef5db2c08e9096db6"}
,"C:\\Users\\Jannik\\Documents\\Kochrezepte\\ProjektKochrezepte\\editors\\zutatenBearbeitung.js": {"path":"C:\\Users\\Jannik\\Documents\\Kochrezepte\\ProjektKochrezepte\\editors\\zutatenBearbeitung.js","statementMap":{"0":{"start":{"line":13,"column":4},"end":{"line":18,"column":7}},"1":{"start":{"line":22,"column":4},"end":{"line":22,"column":19}},"2":{"start":{"line":23,"column":4},"end":{"line":23,"column":68}},"3":{"start":{"line":25,"column":20},"end":{"line":25,"column":40}},"4":{"start":{"line":26,"column":4},"end":{"line":32,"column":5}},"5":{"start":{"line":27,"column":8},"end":{"line":27,"column":47}},"6":{"start":{"line":29,"column":8},"end":{"line":31,"column":11}},"7":{"start":{"line":30,"column":12},"end":{"line":30,"column":72}},"8":{"start":{"line":34,"column":4},"end":{"line":69,"column":5}},"9":{"start":{"line":35,"column":26},"end":{"line":39,"column":9}},"10":{"start":{"line":40,"column":8},"end":{"line":42,"column":9}},"11":{"start":{"line":41,"column":12},"end":{"line":41,"column":24}},"12":{"start":{"line":45,"column":38},"end":{"line":47,"column":9}},"13":{"start":{"line":46,"column":23},"end":{"line":46,"column":75}},"14":{"start":{"line":48,"column":8},"end":{"line":51,"column":9}},"15":{"start":{"line":49,"column":12},"end":{"line":49,"column":73}},"16":{"start":{"line":50,"column":12},"end":{"line":50,"column":21}},"17":{"start":{"line":53,"column":27},"end":{"line":57,"column":9}},"18":{"start":{"line":58,"column":8},"end":{"line":60,"column":9}},"19":{"start":{"line":59,"column":12},"end":{"line":59,"column":24}},"20":{"start":{"line":62,"column":8},"end":{"line":64,"column":9}},"21":{"start":{"line":63,"column":12},"end":{"line":63,"column":32}},"22":{"start":{"line":66,"column":8},"end":{"line":66,"column":68}},"23":{"start":{"line":67,"column":8},"end":{"line":67,"column":59}},"24":{"start":{"line":68,"column":8},"end":{"line":68,"column":22}},"25":{"start":{"line":73,"column":4},"end":{"line":73,"column":19}},"26":{"start":{"line":74,"column":4},"end":{"line":74,"column":55}},"27":{"start":{"line":76,"column":4},"end":{"line":80,"column":5}},"28":{"start":{"line":77,"column":8},"end":{"line":77,"column":60}},"29":{"start":{"line":78,"column":8},"end":{"line":78,"column":62}},"30":{"start":{"line":79,"column":8},"end":{"line":79,"column":20}},"31":{"start":{"line":82,"column":4},"end":{"line":87,"column":5}},"32":{"start":{"line":83,"column":8},"end":{"line":83,"column":71}},"33":{"start":{"line":84,"column":8},"end":{"line":84,"column":94}},"34":{"start":{"line":85,"column":8},"end":{"line":85,"column":62}},"35":{"start":{"line":86,"column":8},"end":{"line":86,"column":20}},"36":{"start":{"line":89,"column":4},"end":{"line":89,"column":37}},"37":{"start":{"line":90,"column":4},"end":{"line":92,"column":7}},"38":{"start":{"line":91,"column":8},"end":{"line":91,"column":69}},"39":{"start":{"line":93,"column":4},"end":{"line":93,"column":60}},"40":{"start":{"line":95,"column":27},"end":{"line":95,"column":117}},"41":{"start":{"line":96,"column":4},"end":{"line":100,"column":5}},"42":{"start":{"line":97,"column":8},"end":{"line":97,"column":50}},"43":{"start":{"line":98,"column":8},"end":{"line":98,"column":62}},"44":{"start":{"line":99,"column":8},"end":{"line":99,"column":20}},"45":{"start":{"line":102,"column":27},"end":{"line":102,"column":61}},"46":{"start":{"line":103,"column":23},"end":{"line":103,"column":25}},"47":{"start":{"line":104,"column":4},"end":{"line":109,"column":5}},"48":{"start":{"line":105,"column":8},"end":{"line":105,"column":131}},"49":{"start":{"line":106,"column":8},"end":{"line":108,"column":9}},"50":{"start":{"line":107,"column":12},"end":{"line":107,"column":54}},"51":{"start":{"line":111,"column":4},"end":{"line":115,"column":5}},"52":{"start":{"line":112,"column":8},"end":{"line":112,"column":49}},"53":{"start":{"line":113,"column":8},"end":{"line":113,"column":62}},"54":{"start":{"line":114,"column":8},"end":{"line":114,"column":20}},"55":{"start":{"line":117,"column":4},"end":{"line":117,"column":49}},"56":{"start":{"line":118,"column":4},"end":{"line":118,"column":62}},"57":{"start":{"line":119,"column":4},"end":{"line":119,"column":18}},"58":{"start":{"line":123,"column":4},"end":{"line":123,"column":19}},"59":{"start":{"line":124,"column":4},"end":{"line":124,"column":57}},"60":{"start":{"line":126,"column":4},"end":{"line":130,"column":5}},"61":{"start":{"line":127,"column":8},"end":{"line":127,"column":62}},"62":{"start":{"line":128,"column":8},"end":{"line":128,"column":62}},"63":{"start":{"line":129,"column":8},"end":{"line":129,"column":20}},"64":{"start":{"line":132,"column":4},"end":{"line":132,"column":37}},"65":{"start":{"line":133,"column":4},"end":{"line":135,"column":7}},"66":{"start":{"line":134,"column":8},"end":{"line":134,"column":69}},"67":{"start":{"line":136,"column":4},"end":{"line":136,"column":60}},"68":{"start":{"line":138,"column":27},"end":{"line":138,"column":119}},"69":{"start":{"line":139,"column":4},"end":{"line":143,"column":5}},"70":{"start":{"line":140,"column":8},"end":{"line":140,"column":52}},"71":{"start":{"line":141,"column":8},"end":{"line":141,"column":62}},"72":{"start":{"line":142,"column":8},"end":{"line":142,"column":20}},"73":{"start":{"line":145,"column":18},"end":{"line":145,"column":36}},"74":{"start":{"line":146,"column":22},"end":{"line":146,"column":43}},"75":{"start":{"line":148,"column":4},"end":{"line":178,"column":5}},"76":{"start":{"line":149,"column":26},"end":{"line":153,"column":9}},"77":{"start":{"line":154,"column":8},"end":{"line":156,"column":9}},"78":{"start":{"line":155,"column":12},"end":{"line":155,"column":24}},"79":{"start":{"line":158,"column":38},"end":{"line":160,"column":10}},"80":{"start":{"line":159,"column":12},"end":{"line":159,"column":102}},"81":{"start":{"line":161,"column":8},"end":{"line":164,"column":9}},"82":{"start":{"line":162,"column":12},"end":{"line":162,"column":73}},"83":{"start":{"line":163,"column":12},"end":{"line":163,"column":21}},"84":{"start":{"line":166,"column":26},"end":{"line":170,"column":9}},"85":{"start":{"line":171,"column":8},"end":{"line":173,"column":9}},"86":{"start":{"line":172,"column":12},"end":{"line":172,"column":24}},"87":{"start":{"line":175,"column":8},"end":{"line":175,"column":70}},"88":{"start":{"line":176,"column":8},"end":{"line":176,"column":79}},"89":{"start":{"line":177,"column":8},"end":{"line":177,"column":22}},"90":{"start":{"line":182,"column":4},"end":{"line":221,"column":5}},"91":{"start":{"line":183,"column":8},"end":{"line":183,"column":23}},"92":{"start":{"line":184,"column":8},"end":{"line":184,"column":72}},"93":{"start":{"line":185,"column":8},"end":{"line":185,"column":34}},"94":{"start":{"line":187,"column":8},"end":{"line":187,"column":123}},"95":{"start":{"line":188,"column":29},"end":{"line":188,"column":84}},"96":{"start":{"line":190,"column":8},"end":{"line":192,"column":9}},"97":{"start":{"line":191,"column":12},"end":{"line":191,"column":24}},"98":{"start":{"line":194,"column":8},"end":{"line":198,"column":9}},"99":{"start":{"line":195,"column":12},"end":{"line":195,"column":67}},"100":{"start":{"line":196,"column":12},"end":{"line":196,"column":66}},"101":{"start":{"line":197,"column":12},"end":{"line":197,"column":21}},"102":{"start":{"line":200,"column":28},"end":{"line":210,"column":71}},"103":{"start":{"line":204,"column":30},"end":{"line":204,"column":63}},"104":{"start":{"line":205,"column":16},"end":{"line":208,"column":18}},"105":{"start":{"line":210,"column":31},"end":{"line":210,"column":70}},"106":{"start":{"line":212,"column":8},"end":{"line":216,"column":9}},"107":{"start":{"line":213,"column":12},"end":{"line":213,"column":62}},"108":{"start":{"line":214,"column":12},"end":{"line":214,"column":66}},"109":{"start":{"line":215,"column":12},"end":{"line":215,"column":21}},"110":{"start":{"line":218,"column":8},"end":{"line":218,"column":37}},"111":{"start":{"line":219,"column":8},"end":{"line":219,"column":132}},"112":{"start":{"line":219,"column":84},"end":{"line":219,"column":116}},"113":{"start":{"line":220,"column":8},"end":{"line":220,"column":22}}},"fnMap":{"0":{"name":"bearbeiteZutaten","decl":{"start":{"line":12,"column":22},"end":{"line":12,"column":38}},"loc":{"start":{"line":12,"column":47},"end":{"line":19,"column":1}},"line":12},"1":{"name":"zutatHinzufuegen","decl":{"start":{"line":21,"column":15},"end":{"line":21,"column":31}},"loc":{"start":{"line":21,"column":40},"end":{"line":70,"column":1}},"line":21},"2":{"name":"(anonymous_2)","decl":{"start":{"line":29,"column":24},"end":{"line":29,"column":25}},"loc":{"start":{"line":29,"column":42},"end":{"line":31,"column":9}},"line":29},"3":{"name":"(anonymous_3)","decl":{"start":{"line":46,"column":12},"end":{"line":46,"column":13}},"loc":{"start":{"line":46,"column":23},"end":{"line":46,"column":75}},"line":46},"4":{"name":"zutatEntfernen","decl":{"start":{"line":72,"column":15},"end":{"line":72,"column":29}},"loc":{"start":{"line":72,"column":38},"end":{"line":120,"column":1}},"line":72},"5":{"name":"(anonymous_5)","decl":{"start":{"line":90,"column":27},"end":{"line":90,"column":28}},"loc":{"start":{"line":90,"column":45},"end":{"line":92,"column":5}},"line":90},"6":{"name":"zutatVeraendern","decl":{"start":{"line":122,"column":15},"end":{"line":122,"column":30}},"loc":{"start":{"line":122,"column":39},"end":{"line":179,"column":1}},"line":122},"7":{"name":"(anonymous_7)","decl":{"start":{"line":133,"column":27},"end":{"line":133,"column":28}},"loc":{"start":{"line":133,"column":45},"end":{"line":135,"column":5}},"line":133},"8":{"name":"(anonymous_8)","decl":{"start":{"line":158,"column":58},"end":{"line":158,"column":59}},"loc":{"start":{"line":158,"column":87},"end":{"line":160,"column":9}},"line":158},"9":{"name":"zutatenErsetzen","decl":{"start":{"line":181,"column":15},"end":{"line":181,"column":30}},"loc":{"start":{"line":181,"column":39},"end":{"line":222,"column":1}},"line":181},"10":{"name":"(anonymous_10)","decl":{"start":{"line":202,"column":17},"end":{"line":202,"column":18}},"loc":{"start":{"line":202,"column":32},"end":{"line":209,"column":13}},"line":202},"11":{"name":"(anonymous_11)","decl":{"start":{"line":210,"column":20},"end":{"line":210,"column":21}},"loc":{"start":{"line":210,"column":31},"end":{"line":210,"column":70}},"line":210},"12":{"name":"(anonymous_12)","decl":{"start":{"line":219,"column":73},"end":{"line":219,"column":74}},"loc":{"start":{"line":219,"column":84},"end":{"line":219,"column":116}},"line":219}},"branchMap":{"0":{"loc":{"start":{"line":25,"column":20},"end":{"line":25,"column":40}},"type":"binary-expr","locations":[{"start":{"line":25,"column":20},"end":{"line":25,"column":34}},{"start":{"line":25,"column":38},"end":{"line":25,"column":40}}],"line":25},"1":{"loc":{"start":{"line":26,"column":4},"end":{"line":32,"column":5}},"type":"if","locations":[{"start":{"line":26,"column":4},"end":{"line":32,"column":5}},{"start":{"line":28,"column":11},"end":{"line":32,"column":5}}],"line":26},"2":{"loc":{"start":{"line":40,"column":8},"end":{"line":42,"column":9}},"type":"if","locations":[{"start":{"line":40,"column":8},"end":{"line":42,"column":9}},{"start":{},"end":{}}],"line":40},"3":{"loc":{"start":{"line":48,"column":8},"end":{"line":51,"column":9}},"type":"if","locations":[{"start":{"line":48,"column":8},"end":{"line":51,"column":9}},{"start":{},"end":{}}],"line":48},"4":{"loc":{"start":{"line":58,"column":8},"end":{"line":60,"column":9}},"type":"if","locations":[{"start":{"line":58,"column":8},"end":{"line":60,"column":9}},{"start":{},"end":{}}],"line":58},"5":{"loc":{"start":{"line":62,"column":8},"end":{"line":64,"column":9}},"type":"if","locations":[{"start":{"line":62,"column":8},"end":{"line":64,"column":9}},{"start":{},"end":{}}],"line":62},"6":{"loc":{"start":{"line":76,"column":4},"end":{"line":80,"column":5}},"type":"if","locations":[{"start":{"line":76,"column":4},"end":{"line":80,"column":5}},{"start":{},"end":{}}],"line":76},"7":{"loc":{"start":{"line":76,"column":8},"end":{"line":76,"column":69}},"type":"binary-expr","locations":[{"start":{"line":76,"column":8},"end":{"line":76,"column":38}},{"start":{"line":76,"column":42},"end":{"line":76,"column":69}}],"line":76},"8":{"loc":{"start":{"line":82,"column":4},"end":{"line":87,"column":5}},"type":"if","locations":[{"start":{"line":82,"column":4},"end":{"line":87,"column":5}},{"start":{},"end":{}}],"line":82},"9":{"loc":{"start":{"line":96,"column":4},"end":{"line":100,"column":5}},"type":"if","locations":[{"start":{"line":96,"column":4},"end":{"line":100,"column":5}},{"start":{},"end":{}}],"line":96},"10":{"loc":{"start":{"line":104,"column":11},"end":{"line":104,"column":55}},"type":"binary-expr","locations":[{"start":{"line":104,"column":11},"end":{"line":104,"column":31}},{"start":{"line":104,"column":35},"end":{"line":104,"column":55}}],"line":104},"11":{"loc":{"start":{"line":106,"column":8},"end":{"line":108,"column":9}},"type":"if","locations":[{"start":{"line":106,"column":8},"end":{"line":108,"column":9}},{"start":{},"end":{}}],"line":106},"12":{"loc":{"start":{"line":106,"column":12},"end":{"line":106,"column":56}},"type":"binary-expr","locations":[{"start":{"line":106,"column":12},"end":{"line":106,"column":32}},{"start":{"line":106,"column":36},"end":{"line":106,"column":56}}],"line":106},"13":{"loc":{"start":{"line":111,"column":4},"end":{"line":115,"column":5}},"type":"if","locations":[{"start":{"line":111,"column":4},"end":{"line":115,"column":5}},{"start":{},"end":{}}],"line":111},"14":{"loc":{"start":{"line":126,"column":4},"end":{"line":130,"column":5}},"type":"if","locations":[{"start":{"line":126,"column":4},"end":{"line":130,"column":5}},{"start":{},"end":{}}],"line":126},"15":{"loc":{"start":{"line":126,"column":8},"end":{"line":126,"column":69}},"type":"binary-expr","locations":[{"start":{"line":126,"column":8},"end":{"line":126,"column":38}},{"start":{"line":126,"column":42},"end":{"line":126,"column":69}}],"line":126},"16":{"loc":{"start":{"line":139,"column":4},"end":{"line":143,"column":5}},"type":"if","locations":[{"start":{"line":139,"column":4},"end":{"line":143,"column":5}},{"start":{},"end":{}}],"line":139},"17":{"loc":{"start":{"line":154,"column":8},"end":{"line":156,"column":9}},"type":"if","locations":[{"start":{"line":154,"column":8},"end":{"line":156,"column":9}},{"start":{},"end":{}}],"line":154},"18":{"loc":{"start":{"line":159,"column":19},"end":{"line":159,"column":101}},"type":"binary-expr","locations":[{"start":{"line":159,"column":19},"end":{"line":159,"column":45}},{"start":{"line":159,"column":49},"end":{"line":159,"column":101}}],"line":159},"19":{"loc":{"start":{"line":161,"column":8},"end":{"line":164,"column":9}},"type":"if","locations":[{"start":{"line":161,"column":8},"end":{"line":164,"column":9}},{"start":{},"end":{}}],"line":161},"20":{"loc":{"start":{"line":171,"column":8},"end":{"line":173,"column":9}},"type":"if","locations":[{"start":{"line":171,"column":8},"end":{"line":173,"column":9}},{"start":{},"end":{}}],"line":171},"21":{"loc":{"start":{"line":190,"column":8},"end":{"line":192,"column":9}},"type":"if","locations":[{"start":{"line":190,"column":8},"end":{"line":192,"column":9}},{"start":{},"end":{}}],"line":190},"22":{"loc":{"start":{"line":194,"column":8},"end":{"line":198,"column":9}},"type":"if","locations":[{"start":{"line":194,"column":8},"end":{"line":198,"column":9}},{"start":{},"end":{}}],"line":194},"23":{"loc":{"start":{"line":207,"column":27},"end":{"line":207,"column":41}},"type":"binary-expr","locations":[{"start":{"line":207,"column":27},"end":{"line":207,"column":35}},{"start":{"line":207,"column":39},"end":{"line":207,"column":41}}],"line":207},"24":{"loc":{"start":{"line":210,"column":31},"end":{"line":210,"column":70}},"type":"binary-expr","locations":[{"start":{"line":210,"column":31},"end":{"line":210,"column":48}},{"start":{"line":210,"column":52},"end":{"line":210,"column":70}}],"line":210},"25":{"loc":{"start":{"line":212,"column":8},"end":{"line":216,"column":9}},"type":"if","locations":[{"start":{"line":212,"column":8},"end":{"line":216,"column":9}},{"start":{},"end":{}}],"line":212}},"s":{"0":5,"1":2,"2":2,"3":2,"4":2,"5":0,"6":2,"7":2,"8":2,"9":3,"10":3,"11":0,"12":3,"13":3,"14":3,"15":1,"16":1,"17":2,"18":2,"19":0,"20":2,"21":0,"22":2,"23":2,"24":2,"25":1,"26":1,"27":1,"28":0,"29":0,"30":0,"31":1,"32":1,"33":1,"34":1,"35":1,"36":0,"37":0,"38":0,"39":0,"40":0,"41":0,"42":0,"43":0,"44":0,"45":0,"46":0,"47":0,"48":0,"49":0,"50":0,"51":0,"52":0,"53":0,"54":0,"55":0,"56":0,"57":0,"58":1,"59":1,"60":1,"61":0,"62":0,"63":0,"64":1,"65":1,"66":2,"67":1,"68":1,"69":1,"70":0,"71":0,"72":0,"73":1,"74":1,"75":1,"76":1,"77":1,"78":0,"79":1,"80":2,"81":1,"82":0,"83":0,"84":1,"85":1,"86":0,"87":1,"88":1,"89":1,"90":1,"91":1,"92":1,"93":1,"94":1,"95":1,"96":1,"97":0,"98":1,"99":0,"100":0,"101":0,"102":1,"103":2,"104":2,"105":2,"106":1,"107":0,"108":0,"109":0,"110":1,"111":1,"112":2,"113":1},"f":{"0":5,"1":2,"2":2,"3":3,"4":1,"5":0,"6":1,"7":2,"8":2,"9":1,"10":2,"11":2,"12":2},"b":{"0":[2,0],"1":[0,2],"2":[0,3],"3":[1,2],"4":[0,2],"5":[0,2],"6":[0,1],"7":[1,1],"8":[1,0],"9":[0,0],"10":[0,0],"11":[0,0],"12":[0,0],"13":[0,0],"14":[0,1],"15":[1,1],"16":[0,1],"17":[0,1],"18":[2,1],"19":[0,1],"20":[0,1],"21":[0,1],"22":[0,1],"23":[2,0],"24":[2,2],"25":[0,1]},"_coverageSchema":"1a1c01bbd47fc00a2c39e90264f33305004495a9","hash":"7c936c88ab946a3e1f10d43c28a3882ac57e5f30"}
,"C:\\Users\\Jannik\\Documents\\Kochrezepte\\ProjektKochrezepte\\menus\\auswahlMenues.js": {"path":"C:\\Users\\Jannik\\Documents\\Kochrezepte\\ProjektKochrezepte\\menus\\auswahlMenues.js","statementMap":{"0":{"start":{"line":6,"column":4},"end":{"line":6,"column":19}},"1":{"start":{"line":7,"column":4},"end":{"line":7,"column":54}},"2":{"start":{"line":9,"column":20},"end":{"line":9,"column":33}},"3":{"start":{"line":10,"column":4},"end":{"line":14,"column":5}},"4":{"start":{"line":11,"column":8},"end":{"line":11,"column":46}},"5":{"start":{"line":12,"column":8},"end":{"line":12,"column":76}},"6":{"start":{"line":13,"column":8},"end":{"line":13,"column":15}},"7":{"start":{"line":16,"column":24},"end":{"line":20,"column":5}},"8":{"start":{"line":22,"column":4},"end":{"line":24,"column":5}},"9":{"start":{"line":23,"column":8},"end":{"line":23,"column":15}},"10":{"start":{"line":27,"column":29},"end":{"line":27,"column":54}},"11":{"start":{"line":28,"column":29},"end":{"line":30,"column":6}},"12":{"start":{"line":29,"column":8},"end":{"line":29,"column":103}},"13":{"start":{"line":32,"column":4},"end":{"line":36,"column":5}},"14":{"start":{"line":33,"column":8},"end":{"line":33,"column":63}},"15":{"start":{"line":34,"column":8},"end":{"line":34,"column":72}},"16":{"start":{"line":35,"column":8},"end":{"line":35,"column":15}},"17":{"start":{"line":38,"column":4},"end":{"line":38,"column":79}},"18":{"start":{"line":42,"column":4},"end":{"line":78,"column":5}},"19":{"start":{"line":43,"column":8},"end":{"line":43,"column":23}},"20":{"start":{"line":44,"column":8},"end":{"line":44,"column":60}},"21":{"start":{"line":46,"column":24},"end":{"line":46,"column":37}},"22":{"start":{"line":47,"column":8},"end":{"line":51,"column":9}},"23":{"start":{"line":48,"column":12},"end":{"line":48,"column":50}},"24":{"start":{"line":49,"column":12},"end":{"line":49,"column":80}},"25":{"start":{"line":50,"column":12},"end":{"line":50,"column":19}},"26":{"start":{"line":53,"column":27},"end":{"line":53,"column":50}},"27":{"start":{"line":54,"column":30},"end":{"line":54,"column":71}},"28":{"start":{"line":56,"column":8},"end":{"line":58,"column":11}},"29":{"start":{"line":57,"column":12},"end":{"line":57,"column":53}},"30":{"start":{"line":60,"column":31},"end":{"line":60,"column":104}},"31":{"start":{"line":61,"column":8},"end":{"line":63,"column":9}},"32":{"start":{"line":62,"column":12},"end":{"line":62,"column":19}},"33":{"start":{"line":66,"column":8},"end":{"line":69,"column":9}},"34":{"start":{"line":67,"column":12},"end":{"line":67,"column":60}},"35":{"start":{"line":68,"column":12},"end":{"line":68,"column":21}},"36":{"start":{"line":71,"column":35},"end":{"line":71,"column":65}},"37":{"start":{"line":72,"column":34},"end":{"line":76,"column":10}},"38":{"start":{"line":73,"column":12},"end":{"line":75,"column":15}},"39":{"start":{"line":74,"column":16},"end":{"line":74,"column":84}},"40":{"start":{"line":77,"column":8},"end":{"line":77,"column":86}},"41":{"start":{"line":82,"column":24},"end":{"line":82,"column":37}},"42":{"start":{"line":84,"column":4},"end":{"line":148,"column":5}},"43":{"start":{"line":85,"column":8},"end":{"line":85,"column":23}},"44":{"start":{"line":86,"column":8},"end":{"line":86,"column":54}},"45":{"start":{"line":88,"column":8},"end":{"line":92,"column":9}},"46":{"start":{"line":89,"column":12},"end":{"line":89,"column":70}},"47":{"start":{"line":90,"column":12},"end":{"line":90,"column":87}},"48":{"start":{"line":91,"column":12},"end":{"line":91,"column":19}},"49":{"start":{"line":94,"column":8},"end":{"line":96,"column":11}},"50":{"start":{"line":95,"column":12},"end":{"line":95,"column":57}},"51":{"start":{"line":97,"column":8},"end":{"line":97,"column":54}},"52":{"start":{"line":99,"column":31},"end":{"line":99,"column":98}},"53":{"start":{"line":100,"column":8},"end":{"line":102,"column":9}},"54":{"start":{"line":101,"column":12},"end":{"line":101,"column":19}},"55":{"start":{"line":105,"column":23},"end":{"line":105,"column":50}},"56":{"start":{"line":106,"column":8},"end":{"line":106,"column":35}},"57":{"start":{"line":109,"column":27},"end":{"line":109,"column":50}},"58":{"start":{"line":110,"column":30},"end":{"line":110,"column":69}},"59":{"start":{"line":111,"column":8},"end":{"line":111,"column":60}},"60":{"start":{"line":113,"column":8},"end":{"line":147,"column":9}},"61":{"start":{"line":114,"column":12},"end":{"line":114,"column":79}},"62":{"start":{"line":115,"column":32},"end":{"line":115,"column":83}},"63":{"start":{"line":116,"column":12},"end":{"line":129,"column":13}},"64":{"start":{"line":117,"column":36},"end":{"line":117,"column":84}},"65":{"start":{"line":117,"column":65},"end":{"line":117,"column":83}},"66":{"start":{"line":118,"column":16},"end":{"line":128,"column":17}},"67":{"start":{"line":119,"column":20},"end":{"line":119,"column":61}},"68":{"start":{"line":120,"column":20},"end":{"line":120,"column":64}},"69":{"start":{"line":121,"column":20},"end":{"line":126,"column":21}},"70":{"start":{"line":122,"column":24},"end":{"line":122,"column":54}},"71":{"start":{"line":123,"column":24},"end":{"line":123,"column":93}},"72":{"start":{"line":125,"column":24},"end":{"line":125,"column":62}},"73":{"start":{"line":127,"column":20},"end":{"line":127,"column":72}},"74":{"start":{"line":131,"column":12},"end":{"line":131,"column":79}},"75":{"start":{"line":132,"column":32},"end":{"line":132,"column":83}},"76":{"start":{"line":133,"column":12},"end":{"line":146,"column":13}},"77":{"start":{"line":134,"column":36},"end":{"line":134,"column":84}},"78":{"start":{"line":134,"column":65},"end":{"line":134,"column":83}},"79":{"start":{"line":135,"column":16},"end":{"line":145,"column":17}},"80":{"start":{"line":136,"column":20},"end":{"line":136,"column":60}},"81":{"start":{"line":137,"column":20},"end":{"line":137,"column":63}},"82":{"start":{"line":138,"column":20},"end":{"line":143,"column":21}},"83":{"start":{"line":139,"column":24},"end":{"line":139,"column":54}},"84":{"start":{"line":140,"column":24},"end":{"line":140,"column":95}},"85":{"start":{"line":142,"column":24},"end":{"line":142,"column":62}},"86":{"start":{"line":144,"column":20},"end":{"line":144,"column":72}}},"fnMap":{"0":{"name":"rezeptSucheMenue","decl":{"start":{"line":5,"column":22},"end":{"line":5,"column":38}},"loc":{"start":{"line":5,"column":41},"end":{"line":39,"column":1}},"line":5},"1":{"name":"(anonymous_1)","decl":{"start":{"line":28,"column":44},"end":{"line":28,"column":45}},"loc":{"start":{"line":28,"column":56},"end":{"line":30,"column":5}},"line":28},"2":{"name":"rezeptAuswahlMenue","decl":{"start":{"line":41,"column":22},"end":{"line":41,"column":40}},"loc":{"start":{"line":41,"column":43},"end":{"line":79,"column":1}},"line":41},"3":{"name":"(anonymous_3)","decl":{"start":{"line":56,"column":30},"end":{"line":56,"column":31}},"loc":{"start":{"line":56,"column":50},"end":{"line":58,"column":9}},"line":56},"4":{"name":"(anonymous_4)","decl":{"start":{"line":72,"column":49},"end":{"line":72,"column":50}},"loc":{"start":{"line":72,"column":61},"end":{"line":76,"column":9}},"line":72},"5":{"name":"(anonymous_5)","decl":{"start":{"line":73,"column":78},"end":{"line":73,"column":79}},"loc":{"start":{"line":73,"column":93},"end":{"line":75,"column":13}},"line":73},"6":{"name":"rezeptListeMenue","decl":{"start":{"line":81,"column":15},"end":{"line":81,"column":31}},"loc":{"start":{"line":81,"column":48},"end":{"line":149,"column":1}},"line":81},"7":{"name":"(anonymous_7)","decl":{"start":{"line":94,"column":24},"end":{"line":94,"column":25}},"loc":{"start":{"line":94,"column":43},"end":{"line":96,"column":9}},"line":94},"8":{"name":"(anonymous_8)","decl":{"start":{"line":117,"column":58},"end":{"line":117,"column":59}},"loc":{"start":{"line":117,"column":65},"end":{"line":117,"column":83}},"line":117},"9":{"name":"(anonymous_9)","decl":{"start":{"line":134,"column":58},"end":{"line":134,"column":59}},"loc":{"start":{"line":134,"column":65},"end":{"line":134,"column":83}},"line":134}},"branchMap":{"0":{"loc":{"start":{"line":10,"column":4},"end":{"line":14,"column":5}},"type":"if","locations":[{"start":{"line":10,"column":4},"end":{"line":14,"column":5}},{"start":{},"end":{}}],"line":10},"1":{"loc":{"start":{"line":22,"column":4},"end":{"line":24,"column":5}},"type":"if","locations":[{"start":{"line":22,"column":4},"end":{"line":24,"column":5}},{"start":{},"end":{}}],"line":22},"2":{"loc":{"start":{"line":29,"column":15},"end":{"line":29,"column":102}},"type":"binary-expr","locations":[{"start":{"line":29,"column":15},"end":{"line":29,"column":46}},{"start":{"line":29,"column":50},"end":{"line":29,"column":102}}],"line":29},"3":{"loc":{"start":{"line":32,"column":4},"end":{"line":36,"column":5}},"type":"if","locations":[{"start":{"line":32,"column":4},"end":{"line":36,"column":5}},{"start":{},"end":{}}],"line":32},"4":{"loc":{"start":{"line":47,"column":8},"end":{"line":51,"column":9}},"type":"if","locations":[{"start":{"line":47,"column":8},"end":{"line":51,"column":9}},{"start":{},"end":{}}],"line":47},"5":{"loc":{"start":{"line":61,"column":8},"end":{"line":63,"column":9}},"type":"if","locations":[{"start":{"line":61,"column":8},"end":{"line":63,"column":9}},{"start":{},"end":{}}],"line":61},"6":{"loc":{"start":{"line":66,"column":8},"end":{"line":69,"column":9}},"type":"if","locations":[{"start":{"line":66,"column":8},"end":{"line":69,"column":9}},{"start":{},"end":{}}],"line":66},"7":{"loc":{"start":{"line":73,"column":19},"end":{"line":75,"column":14}},"type":"binary-expr","locations":[{"start":{"line":73,"column":19},"end":{"line":73,"column":51}},{"start":{"line":73,"column":55},"end":{"line":75,"column":14}}],"line":73},"8":{"loc":{"start":{"line":88,"column":8},"end":{"line":92,"column":9}},"type":"if","locations":[{"start":{"line":88,"column":8},"end":{"line":92,"column":9}},{"start":{},"end":{}}],"line":88},"9":{"loc":{"start":{"line":88,"column":12},"end":{"line":88,"column":44}},"type":"binary-expr","locations":[{"start":{"line":88,"column":12},"end":{"line":88,"column":20}},{"start":{"line":88,"column":24},"end":{"line":88,"column":44}}],"line":88},"10":{"loc":{"start":{"line":100,"column":8},"end":{"line":102,"column":9}},"type":"if","locations":[{"start":{"line":100,"column":8},"end":{"line":102,"column":9}},{"start":{},"end":{}}],"line":100},"11":{"loc":{"start":{"line":110,"column":30},"end":{"line":110,"column":69}},"type":"cond-expr","locations":[{"start":{"line":110,"column":43},"end":{"line":110,"column":52}},{"start":{"line":110,"column":55},"end":{"line":110,"column":69}}],"line":110},"12":{"loc":{"start":{"line":113,"column":8},"end":{"line":147,"column":9}},"type":"if","locations":[{"start":{"line":113,"column":8},"end":{"line":147,"column":9}},{"start":{"line":130,"column":15},"end":{"line":147,"column":9}}],"line":113},"13":{"loc":{"start":{"line":116,"column":12},"end":{"line":129,"column":13}},"type":"if","locations":[{"start":{"line":116,"column":12},"end":{"line":129,"column":13}},{"start":{},"end":{}}],"line":116},"14":{"loc":{"start":{"line":118,"column":16},"end":{"line":128,"column":17}},"type":"if","locations":[{"start":{"line":118,"column":16},"end":{"line":128,"column":17}},{"start":{},"end":{}}],"line":118},"15":{"loc":{"start":{"line":133,"column":12},"end":{"line":146,"column":13}},"type":"if","locations":[{"start":{"line":133,"column":12},"end":{"line":146,"column":13}},{"start":{},"end":{}}],"line":133},"16":{"loc":{"start":{"line":135,"column":16},"end":{"line":145,"column":17}},"type":"if","locations":[{"start":{"line":135,"column":16},"end":{"line":145,"column":17}},{"start":{},"end":{}}],"line":135}},"s":{"0":3,"1":3,"2":3,"3":3,"4":0,"5":0,"6":0,"7":3,"8":3,"9":1,"10":2,"11":2,"12":3,"13":2,"14":1,"15":1,"16":1,"17":1,"18":5,"19":9,"20":9,"21":9,"22":9,"23":1,"24":1,"25":1,"26":8,"27":8,"28":8,"29":26,"30":8,"31":8,"32":4,"33":4,"34":3,"35":3,"36":1,"37":1,"38":3,"39":3,"40":1,"41":5,"42":5,"43":10,"44":10,"45":10,"46":0,"47":0,"48":0,"49":10,"50":12,"51":10,"52":10,"53":10,"54":5,"55":5,"56":5,"57":5,"58":5,"59":5,"60":5,"61":1,"62":1,"63":1,"64":1,"65":1,"66":1,"67":1,"68":1,"69":1,"70":1,"71":1,"72":0,"73":1,"74":4,"75":4,"76":4,"77":1,"78":1,"79":1,"80":1,"81":1,"82":1,"83":1,"84":1,"85":0,"86":1},"f":{"0":3,"1":3,"2":5,"3":26,"4":3,"5":3,"6":5,"7":12,"8":1,"9":1},"b":{"0":[0,3],"1":[1,2],"2":[3,3],"3":[1,1],"4":[1,8],"5":[4,4],"6":[3,1],"7":[3,3],"8":[0,10],"9":[10,10],"10":[5,5],"11":[1,4],"12":[1,4],"13":[1,0],"14":[1,0],"15":[1,3],"16":[1,0]},"_coverageSchema":"1a1c01bbd47fc00a2c39e90264f33305004495a9","hash":"9827de3312b3f2848ddc437350148e3511dc13de"}
,"C:\\Users\\Jannik\\Documents\\Kochrezepte\\ProjektKochrezepte\\menus\\hauptMenues.js": {"path":"C:\\Users\\Jannik\\Documents\\Kochrezepte\\ProjektKochrezepte\\menus\\hauptMenues.js","statementMap":{"0":{"start":{"line":10,"column":4},"end":{"line":39,"column":5}},"1":{"start":{"line":11,"column":8},"end":{"line":11,"column":23}},"2":{"start":{"line":12,"column":8},"end":{"line":20,"column":10}},"3":{"start":{"line":22,"column":31},"end":{"line":22,"column":82}},"4":{"start":{"line":25,"column":8},"end":{"line":38,"column":9}},"5":{"start":{"line":26,"column":12},"end":{"line":26,"column":37}},"6":{"start":{"line":27,"column":15},"end":{"line":38,"column":9}},"7":{"start":{"line":28,"column":12},"end":{"line":28,"column":39}},"8":{"start":{"line":29,"column":15},"end":{"line":38,"column":9}},"9":{"start":{"line":30,"column":12},"end":{"line":30,"column":43}},"10":{"start":{"line":31,"column":15},"end":{"line":38,"column":9}},"11":{"start":{"line":32,"column":12},"end":{"line":32,"column":35}},"12":{"start":{"line":33,"column":15},"end":{"line":38,"column":9}},"13":{"start":{"line":34,"column":12},"end":{"line":34,"column":36}},"14":{"start":{"line":35,"column":15},"end":{"line":38,"column":9}},"15":{"start":{"line":36,"column":12},"end":{"line":36,"column":71}},"16":{"start":{"line":37,"column":12},"end":{"line":37,"column":19}},"17":{"start":{"line":43,"column":4},"end":{"line":65,"column":5}},"18":{"start":{"line":44,"column":8},"end":{"line":44,"column":23}},"19":{"start":{"line":45,"column":8},"end":{"line":51,"column":10}},"20":{"start":{"line":53,"column":31},"end":{"line":53,"column":82}},"21":{"start":{"line":56,"column":8},"end":{"line":64,"column":9}},"22":{"start":{"line":57,"column":12},"end":{"line":57,"column":43}},"23":{"start":{"line":58,"column":15},"end":{"line":64,"column":9}},"24":{"start":{"line":59,"column":12},"end":{"line":59,"column":40}},"25":{"start":{"line":60,"column":15},"end":{"line":64,"column":9}},"26":{"start":{"line":61,"column":12},"end":{"line":61,"column":49}},"27":{"start":{"line":62,"column":15},"end":{"line":64,"column":9}},"28":{"start":{"line":63,"column":12},"end":{"line":63,"column":19}},"29":{"start":{"line":69,"column":46},"end":{"line":69,"column":87}},"30":{"start":{"line":70,"column":35},"end":{"line":70,"column":67}},"31":{"start":{"line":72,"column":4},"end":{"line":115,"column":5}},"32":{"start":{"line":73,"column":8},"end":{"line":73,"column":23}},"33":{"start":{"line":74,"column":8},"end":{"line":74,"column":55}},"34":{"start":{"line":76,"column":24},"end":{"line":76,"column":37}},"35":{"start":{"line":77,"column":26},"end":{"line":77,"column":77}},"36":{"start":{"line":77,"column":53},"end":{"line":77,"column":76}},"37":{"start":{"line":79,"column":8},"end":{"line":83,"column":9}},"38":{"start":{"line":80,"column":12},"end":{"line":80,"column":116}},"39":{"start":{"line":81,"column":12},"end":{"line":81,"column":80}},"40":{"start":{"line":82,"column":12},"end":{"line":82,"column":19}},"41":{"start":{"line":85,"column":8},"end":{"line":87,"column":11}},"42":{"start":{"line":86,"column":12},"end":{"line":86,"column":57}},"43":{"start":{"line":88,"column":8},"end":{"line":88,"column":56}},"44":{"start":{"line":90,"column":31},"end":{"line":90,"column":100}},"45":{"start":{"line":91,"column":8},"end":{"line
[...]
9,"column":71}},"14":{"start":{"line":31,"column":16},"end":{"line":33,"column":17}},"15":{"start":{"line":32,"column":20},"end":{"line":32,"column":74}},"16":{"start":{"line":39,"column":4},"end":{"line":39,"column":87}},"17":{"start":{"line":39,"column":61},"end":{"line":39,"column":85}},"18":{"start":{"line":43,"column":4},"end":{"line":43,"column":19}},"19":{"start":{"line":45,"column":26},"end":{"line":45,"column":58}},"20":{"start":{"line":46,"column":4},"end":{"line":46,"column":56}},"21":{"start":{"line":47,"column":4},"end":{"line":47,"column":45}},"22":{"start":{"line":48,"column":4},"end":{"line":48,"column":75}},"23":{"start":{"line":49,"column":4},"end":{"line":49,"column":61}},"24":{"start":{"line":50,"column":4},"end":{"line":50,"column":78}},"25":{"start":{"line":52,"column":4},"end":{"line":52,"column":30}},"26":{"start":{"line":53,"column":4},"end":{"line":55,"column":7}},"27":{"start":{"line":54,"column":8},"end":{"line":54,"column":56}},"28":{"start":{"line":57,"column":4},"end":{"line":57,"column":38}},"29":{"start":{"line":58,"column":4},"end":{"line":60,"column":7}},"30":{"start":{"line":59,"column":8},"end":{"line":59,"column":48}}},"fnMap":{"0":{"name":"zeigeZutatenListe","decl":{"start":{"line":3,"column":16},"end":{"line":3,"column":33}},"loc":{"start":{"line":3,"column":42},"end":{"line":8,"column":1}},"line":3},"1":{"name":"(anonymous_1)","decl":{"start":{"line":5,"column":35},"end":{"line":5,"column":36}},"loc":{"start":{"line":5,"column":53},"end":{"line":7,"column":5}},"line":5},"2":{"name":"zeigeArbeitsschritteListe","decl":{"start":{"line":10,"column":16},"end":{"line":10,"column":41}},"loc":{"start":{"line":10,"column":50},"end":{"line":15,"column":1}},"line":10},"3":{"name":"(anonymous_3)","decl":{"start":{"line":12,"column":43},"end":{"line":12,"column":44}},"loc":{"start":{"line":12,"column":63},"end":{"line":14,"column":5}},"line":12},"4":{"name":"holeKategorien","decl":{"start":{"line":17,"column":16},"end":{"line":17,"column":30}},"loc":{"start":{"line":17,"column":40},"end":{"line":40,"column":1}},"line":17},"5":{"name":"(anonymous_5)","decl":{"start":{"line":20,"column":20},"end":{"line":20,"column":21}},"loc":{"start":{"line":20,"column":32},"end":{"line":36,"column":5}},"line":20},"6":{"name":"(anonymous_6)","decl":{"start":{"line":25,"column":34},"end":{"line":25,"column":35}},"loc":{"start":{"line":25,"column":49},"end":{"line":35,"column":9}},"line":25},"7":{"name":"(anonymous_7)","decl":{"start":{"line":39,"column":51},"end":{"line":39,"column":52}},"loc":{"start":{"line":39,"column":61},"end":{"line":39,"column":85}},"line":39},"8":{"name":"zeigeRezeptDetails","decl":{"start":{"line":42,"column":16},"end":{"line":42,"column":34}},"loc":{"start":{"line":42,"column":43},"end":{"line":61,"column":1}},"line":42},"9":{"name":"(anonymous_9)","decl":{"start":{"line":53,"column":35},"end":{"line":53,"column":36}},"loc":{"start":{"line":53,"column":46},"end":{"line":55,"column":5}},"line":53},"10":{"name":"(anonymous_10)","decl":{"start":{"line":58,"column":43},"end":{"line":58,"column":44}},"loc":{"start":{"line":58,"column":63},"end":{"line":60,"column":5}},"line":58}},"branchMap":{"0":{"loc":{"start":{"line":5,"column":5},"end":{"line":5,"column":25}},"type":"binary-expr","locations":[{"start":{"line":5,"column":5},"end":{"line":5,"column":19}},{"start":{"line":5,"column":23},"end":{"line":5,"column":25}}],"line":5},"1":{"loc":{"start":{"line":12,"column":5},"end":{"line":12,"column":33}},"type":"binary-expr","locations":[{"start":{"line":12,"column":5},"end":{"line":12,"column":27}},{"start":{"line":12,"column":31},"end":{"line":12,"column":33}}],"line":12},"2":{"loc":{"start":{"line":21,"column":8},"end":{"line":23,"column":9}},"type":"if","locations":[{"start":{"line":21,"column":8},"end":{"line":23,"column":9}},{"start":{},"end":{}}],"line":21},"3":{"loc":{"start":{"line":27,"column":12},"end":{"line":34,"column":13}},"type":"if","locations":[{"start":{"line":27,"column":12},"end":{"line":34,"column":13}},{"start":{},"end":{}}],"line":27},"4":{"loc":{"start":{"line":27,"column":16},"end":{"line":27,"column":72}},"type":"binary-expr","locations":[{"start":{"line":27,"column":16},"end":{"line":27,"column":45}},{"start":{"line":27,"column":49},"end":{"line":27,"column":72}}],"line":27},"5":{"loc":{"start":{"line":31,"column":16},"end":{"line":33,"column":17}},"type":"if","locations":[{"start":{"line":31,"column":16},"end":{"line":33,"column":17}},{"start":{},"end":{}}],"line":31},"6":{"loc":{"start":{"line":45,"column":26},"end":{"line":45,"column":58}},"type":"cond-expr","locations":[{"start":{"line":45,"column":43},"end":{"line":45,"column":52}},{"start":{"line":45,"column":55},"end":{"line":45,"column":58}}],"line":45},"7":{"loc":{"start":{"line":48,"column":39},"end":{"line":48,"column":71}},"type":"binary-expr","locations":[{"start":{"line":48,"column":39},"end":{"line":48,"column":64}},{"start":{"line":48,"column":68},"end":{"line":48,"column":71}}],"line":48},"8":{"loc":{"start":{"line":49,"column":32},"end":{"line":49,"column":57}},"type":"binary-expr","locations":[{"start":{"line":49,"column":32},"end":{"line":49,"column":50}},{"start":{"line":49,"column":54},"end":{"line":49,"column":57}}],"line":49},"9":{"loc":{"start":{"line":50,"column":31},"end":{"line":50,"column":74}},"type":"binary-expr","locations":[{"start":{"line":50,"column":31},"end":{"line":50,"column":67}},{"start":{"line":50,"column":71},"end":{"line":50,"column":74}}],"line":50},"10":{"loc":{"start":{"line":50,"column":32},"end":{"line":50,"column":55}},"type":"binary-expr","locations":[{"start":{"line":50,"column":32},"end":{"line":50,"column":49}},{"start":{"line":50,"column":53},"end":{"line":50,"column":55}}],"line":50},"11":{"loc":{"start":{"line":53,"column":5},"end":{"line":53,"column":25}},"type":"binary-expr","locations":[{"start":{"line":53,"column":5},"end":{"line":53,"column":19}},{"start":{"line":53,"column":23},"end":{"line":53,"column":25}}],"line":53},"12":{"loc":{"start":{"line":58,"column":5},"end":{"line":58,"column":33}},"type":"binary-expr","locations":[{"start":{"line":58,"column":5},"end":{"line":58,"column":27}},{"start":{"line":58,"column":31},"end":{"line":58,"column":33}}],"line":58}},"s":{"0":3,"1":3,"2":2,"3":3,"4":3,"5":3,"6":4,"7":4,"8":7,"9":1,"10":6,"11":15,"12":10,"13":10,"14":10,"15":7,"16":4,"17":8,"18":3,"19":3,"20":3,"21":3,"22":3,"23":3,"24":3,"25":3,"26":3,"27":2,"28":3,"29":3,"30":2},"f":{"0":3,"1":2,"2":3,"3":3,"4":4,"5":7,"6":15,"7":8,"8":3,"9":2,"10":2},"b":{"0":[3,1],"1":[3,1],"2":[1,6],"3":[10,5],"4":[15,12],"5":[7,3],"6":[1,2],"7":[3,2],"8":[3,2],"9":[3,2],"10":[3,2],"11":[3,0],"12":[3,0]},"_coverageSchema":"1a1c01bbd47fc00a2c39e90264f33305004495a9","hash":"70d6dd0b931cc9d5cb0452dd4acd7be6af3e7d29"}
,"C:\\Users\\Jannik\\Documents\\Kochrezepte\\ProjektKochrezepte\\ui\\eingabe.js": {"path":"C:\\Users\\Jannik\\Documents\\Kochrezepte\\ProjektKochrezepte\\ui\\eingabe.js","statementMap":{"0":{"start":{"line":4,"column":9},"end":{"line":4,"column":13}},"1":{"start":{"line":5,"column":26},"end":{"line":5,"column":45}},"2":{"start":{"line":9,"column":4},"end":{"line":11,"column":5}},"3":{"start":{"line":10,"column":8},"end":{"line":10,"column":57}},"4":{"start":{"line":13,"column":4},"end":{"line":13,"column":14}},"5":{"start":{"line":18,"column":21},"end":{"line":18,"column":35}},"6":{"start":{"line":21,"column":4},"end":{"line":23,"column":5}},"7":{"start":{"line":22,"column":8},"end":{"line":22,"column":43}},"8":{"start":{"line":25,"column":4},"end":{"line":63,"column":7}},"9":{"start":{"line":27,"column":23},"end":{"line":27,"column":28}},"10":{"start":{"line":29,"column":24},"end":{"line":33,"column":9}},"11":{"start":{"line":31,"column":12},"end":{"line":31,"column":43}},"12":{"start":{"line":32,"column":12},"end":{"line":32,"column":36}},"13":{"start":{"line":35,"column":23},"end":{"line":44,"column":9}},"14":{"start":{"line":35,"column":36},"end":{"line":44,"column":9}},"15":{"start":{"line":37,"column":12},"end":{"line":39,"column":13}},"16":{"start":{"line":38,"column":16},"end":{"line":38,"column":23}},"17":{"start":{"line":41,"column":12},"end":{"line":41,"column":28}},"18":{"start":{"line":42,"column":12},"end":{"line":42,"column":22}},"19":{"start":{"line":43,"column":12},"end":{"line":43,"column":26}},"20":{"start":{"line":47,"column":24},"end":{"line":47,"column":74}},"21":{"start":{"line":47,"column":37},"end":{"line":47,"column":73}},"22":{"start":{"line":50,"column":22},"end":{"line":55,"column":10}},"23":{"start":{"line":51,"column":12},"end":{"line":53,"column":13}},"24":{"start":{"line":52,"column":16},"end":{"line":52,"column":33}},"25":{"start":{"line":54,"column":12},"end":{"line":54,"column":49}},"26":{"start":{"line":58,"column":8},"end":{"line":58,"column":40}},"27":{"start":{"line":59,"column":8},"end":{"line":59,"column":33}},"28":{"start":{"line":62,"column":8},"end":{"line":62,"column":82}},"29":{"start":{"line":67,"column":4},"end":{"line":67,"column":34}},"30":{"start":{"line":71,"column":4},"end":{"line":71,"column":31}},"31":{"start":{"line":76,"column":4},"end":{"line":80,"column":5}},"32":{"start":{"line":77,"column":8},"end":{"line":77,"column":31}},"33":{"start":{"line":78,"column":8},"end":{"line":78,"column":30}},"34":{"start":{"line":79,"column":8},"end":{"line":79,"column":20}},"35":{"start":{"line":82,"column":4},"end":{"line":82,"column":17}},"36":{"start":{"line":86,"column":4},"end":{"line":99,"column":5}},"37":{"start":{"line":87,"column":24},"end":{"line":87,"column":59}},"38":{"start":{"line":89,"column":8},"end":{"line":91,"column":9}},"39":{"start":{"line":90,"column":12},"end":{"line":90,"column":24}},"40":{"start":{"line":93,"column":8},"end":{"line":96,"column":9}},"41":{"start":{"line":94,"column":12},"end":{"line":94,"column":38}},"42":{"start":{"line":95,"column":12},"end":{"line":95,"column":21}},"43":{"start":{"line":98,"column":8},"end":{"line":98,"column":23}},"44":{"start":{"line":103,"column":4},"end":{"line":117,"column":5}},"45":{"start":{"line":104,"column":24},"end":{"line":104,"column":50}},"46":{"start":{"line":105,"column":8},"end":{"line":108,"column":9}},"47":{"start":{"line":106,"column":12},"end":{"line":106,"column":73}},"48":{"start":{"line":107,"column":12},"end":{"line":107,"column":21}},"49":{"start":{"line":110,"column":21},"end":{"line":110,"column":42}},"50":{"start":{"line":111,"column":8},"end":{"line":114,"column":9}},"51":{"start":{"line":112,"column":12},"end":{"line":112,"column":85}},"52":{"start":{"line":113,"column":12},"end":{"line":113,"column":21}},"53":{"start":{"line":116,"column":8},"end":{"line":116,"column":20}},"54":{"start":{"line":121,"column":4},"end":{"line":123,"column":5}},"55":{"start":{"line":122,"column":8},"end":{"line":122,"column":19}},"56":{"start":{"line":127,"column":4},"end":{"line":127,"column":73}}},"fnMap":{"0":{"name":"holeReadline","decl":{"start":{"line":7,"column":9},"end":{"line":7,"column":21}},"loc":{"start":{"line":7,"column":24},"end":{"line":14,"column":1}},"line":7},"1":{"name":"question","decl":{"start":{"line":16,"column":22},"end":{"line":16,"column":30}},"loc":{"start":{"line":16,"column":43},"end":{"line":64,"column":1}},"line":16},"2":{"name":"(anonymous_2)","decl":{"start":{"line":25,"column":23},"end":{"line":25,"column":24}},"loc":{"start":{"line":25,"column":44},"end":{"line":63,"column":5}},"line":25},"3":{"name":"(anonymous_3)","decl":{"start":{"line":29,"column":24},"end":{"line":29,"column":25}},"loc":{"start":{"line":29,"column":30},"end":{"line":33,"column":9}},"line":29},"4":{"name":"(anonymous_4)","decl":{"start":{"line":35,"column":23},"end":{"line":35,"column":24}},"loc":{"start":{"line":35,"column":36},"end":{"line":44,"column":9}},"line":35},"5":{"name":"(anonymous_5)","decl":{"start":{"line":35,"column":36},"end":{"line":35,"column":37}},"loc":{"start":{"line":35,"column":46},"end":{"line":44,"column":9}},"line":35},"6":{"name":"(anonymous_6)","decl":{"start":{"line":47,"column":31},"end":{"line":47,"column":32}},"loc":{"start":{"line":47,"column":37},"end":{"line":47,"column":73}},"line":47},"7":{"name":"(anonymous_7)","decl":{"start":{"line":50,"column":29},"end":{"line":50,"column":30}},"loc":{"start":{"line":50,"column":35},"end":{"line":55,"column":9}},"line":50},"8":{"name":"leereKonsole","decl":{"start":{"line":66,"column":16},"end":{"line":66,"column":28}},"loc":{"start":{"line":66,"column":31},"end":{"line":68,"column":1}},"line":66},"9":{"name":"warteAufEnter","decl":{"start":{"line":70,"column":22},"end":{"line":70,"column":35}},"loc":{"start":{"line":70,"column":83},"end":{"line":72,"column":1}},"line":70},"10":{"name":"wurdeAbgebrochen","decl":{"start":{"line":74,"column":22},"end":{"line":74,"column":38}},"loc":{"start":{"line":74,"column":59},"end":{"line":83,"column":1}},"line":74},"11":{"name":"fragePflichtfeld","decl":{"start":{"line":85,"column":22},"end":{"line":85,"column":38}},"loc":{"start":{"line":85,"column":83},"end":{"line":100,"column":1}},"line":85},"12":{"name":"frageGanzzahl","decl":{"start":{"line":102,"column":22},"end":{"line":102,"column":35}},"loc":{"start":{"line":102,"column":58},"end":{"line":118,"column":1}},"line":102},"13":{"name":"schliesseEingabe","decl":{"start":{"line":120,"column":16},"end":{"line":120,"column":32}},"loc":{"start":{"line":120,"column":35},"end":{"line":124,"column":1}},"line":120},"14":{"name":"istInputGeschlossenFehler","decl":{"start":{"line":126,"column":16},"end":{"line":126,"column":41}},"loc":{"start":{"line":126,"column":49},"end":{"line":128,"column":1}},"line":126}},"branchMap":{"0":{"loc":{"start":{"line":9,"column":4},"end":{"line":11,"column":5}},"type":"if","locations":[{"start":{"line":9,"column":4},"end":{"line":11,"column":5}},{"start":{},"end":{}}],"line":9},"1":{"loc":{"start":{"line":9,"column":8},"end":{"line":9,"column":32}},"type":"binary-expr","locations":[{"start":{"line":9,"column":8},"end":{"line":9,"column":19}},{"start":{"line":9,"column":23},"end":{"line":9,"column":32}}],"line":9},"2":{"loc":{"start":{"line":21,"column":4},"end":{"line":23,"column":5}},"type":"if","locations":[{"start":{"line":21,"column":4},"end":{"line":23,"column":5}},{"start":{},"end":{}}],"line":21},"3":{"loc":{"start":{"line":37,"column":12},"end":{"line":39,"column":13}},"type":"if","locations":[{"start":{"line":37,"column":12},"end":{"line":39,"column":13}},{"start":{},"end":{}}],"line":37},"4":{"loc":{"start":{"line":51,"column":12},"end":{"line":53,"column":13}},"type":"if","locations":[{"start":{"line":51,"column":12},"end":{"line":53,"column":13}},{"start":{},"end":{}}],"line":51},"5":{"loc":{"start":{"line":70,"column":36},"end":{"line":70,"column":81}},"type":"default-arg","locations":[{"start":{"line":70,"column":49},"end":{"line":70,"column":81}}],"line":70},"6":{"loc":{"start":{"line":76,"column":4},"end":{"line":80,"column":5}},"type":"if","locations":[{"start":{"line":76,"column":4},"end":{"line":80,"column":5}},{"start":{},"end":{}}],"line":76},"7":{"loc":{"start":{"line":76,"column":8},"end":{"line":76,"column":83}},"type":"binary-expr","locations":[{"start":{"line":76,"column":8},"end":{"line":76,"column":35}},{"start":{"line":76,"column":39},"end":{"line":76,"column":83}}],"line":76},"8":{"loc":{"start":{"line":89,"column":8},"end":{"line":91,"column":9}},"type":"if","locations":[{"start":{"line":89,"column":8},"end":{"line":91,"column":9}},{"start":{},"end":{}}],"line":89},"9":{"loc":{"start":{"line":93,"column":8},"end":{"line":96,"column":9}},"type":"if","locations":[{"start":{"line":93,"column":8},"end":{"line":96,"column":9}},{"start":{},"end":{}}],"line":93},"10":{"loc":{"start":{"line":105,"column":8},"end":{"line":108,"column":9}},"type":"if","locations":[{"start":{"line":105,"column":8},"end":{"line":108,"column":9}},{"start":{},"end":{}}],"line":105},"11":{"loc":{"start":{"line":111,"column":8},"end":{"line":114,"column":9}},"type":"if","locations":[{"start":{"line":111,"column":8},"end":{"line":114,"column":9}},{"start":{},"end":{}}],"line":111},"12":{"loc":{"start":{"line":111,"column":12},"end":{"line":111,"column":36}},"type":"binary-expr","locations":[{"start":{"line":111,"column":12},"end":{"line":111,"column":22}},{"start":{"line":111,"column":26},"end":{"line":111,"column":36}}],"line":111},"13":{"loc":{"start":{"line":121,"column":4},"end":{"line":123,"column":5}},"type":"if","locations":[{"start":{"line":121,"column":4},"end":{"line":123,"column":5}},{"start":{},"end":{}}],"line":121},"14":{"loc":{"start":{"line":121,"column":8},"end":{"line":121,"column":33}},"type":"binary-expr","locations":[{"start":{"line":121,"column":8},"end":{"line":121,"column":19}},{"start":{"line":121,"column":23},"end":{"line":121,"column":33}}],"line":121},"15":{"loc":{"start":{"line":127,"column":11},"end":{"line":127,"column":72}},"type":"binary-expr","locations":[{"start":{"line":127,"column":11},"end":{"line":127,"column":33}},{"start":{"line":127,"column":37},"end":{"line":127,"column":72}}],"line":127}},"s":{"0":2,"1":2,"2":28,"3":2,"4":28,"5":28,"6":28,"7":1,"8":27,"9":27,"10":27,"11":27,"12":27,"13":27,"14":108,"15":27,"16":0,"17":27,"18":27,"19":27,"20":27,"21":0,"22":27,"23":0,"24":0,"25":0,"26":27,"27":27,"28":27,"29":4,"30":6,"31":12,"32":4,"33":4,"34":4,"35":8,"36":4,"37":6,"38":6,"39":1,"40":5,"41":2,"42":2,"43":3,"44":6,"45":10,"46":10,"47":2,"48":2,"49":8,"50":8,"51":2,"52":2,"53":6,"54":2,"55":1,"56":6},"f":{"0":28,"1":28,"2":27,"3":27,"4":108,"5":27,"6":0,"7":0,"8":4,"9":6,"10":12,"11":4,"12":6,"13":2,"14":6},"b":{"0":[2,26],"1":[28,27],"2":[1,27],"3":[0,27],"4":[0,0],"5":[5],"6":[4,8],"7":[12,11],"8":[1,5],"9":[2,3],"10":[2,8],"11":[2,6],"12":[8,7],"13":[1,1],"14":[2,2],"15":[6,2]},"_coverageSchema":"1a1c01bbd47fc00a2c39e90264f33305004495a9","hash":"319b35f66c8782462ee70d8c187e418c39f6c6d0"}
,"C:\\Users\\Jannik\\Documents\\Kochrezepte\\ProjektKochrezepte\\ui\\listenMenue.js": {"path":"C:\\Users\\Jannik\\Documents\\Kochrezepte\\ProjektKochrezepte\\ui\\listenMenue.js","statementMap":{"0":{"start":{"line":4,"column":4},"end":{"line":25,"column":5}},"1":{"start":{"line":5,"column":8},"end":{"line":5,"column":23}},"2":{"start":{"line":6,"column":8},"end":{"line":6,"column":54}},"3":{"start":{"line":7,"column":8},"end":{"line":7,"column":31}},"4":{"start":{"line":8,"column":8},"end":{"line":8,"column":22}},"5":{"start":{"line":10,"column":8},"end":{"line":12,"column":11}},"6":{"start":{"line":11,"column":12},"end":{"line":11,"column":58}},"7":{"start":{"line":13,"column":8},"end":{"line":13,"column":55}},"8":{"start":{"line":15,"column":31},"end":{"line":15,"column":102}},"9":{"start":{"line":16,"column":8},"end":{"line":18,"column":9}},"10":{"start":{"line":17,"column":12},"end":{"line":17,"column":24}},"11":{"start":{"line":21,"column":35},"end":{"line":21,"column":84}},"12":{"start":{"line":22,"column":8},"end":{"line":24,"column":9}},"13":{"start":{"line":23,"column":12},"end":{"line":23,"column":38}}},"fnMap":{"0":{"name":"bearbeiteListenMenue","decl":{"start":{"line":3,"column":22},"end":{"line":3,"column":42}},"loc":{"start":{"line":3,"column":84},"end":{"line":26,"column":1}},"line":3},"1":{"name":"(anonymous_1)","decl":{"start":{"line":10,"column":25},"end":{"line":10,"column":26}},"loc":{"start":{"line":10,"column":44},"end":{"line":12,"column":9}},"line":10}},"branchMap":{"0":{"loc":{"start":{"line":16,"column":8},"end":{"line":18,"column":9}},"type":"if","locations":[{"start":{"line":16,"column":8},"end":{"line":18,"column":9}},{"start":{},"end":{}}],"line":16},"1":{"loc":{"start":{"line":22,"column":8},"end":{"line":24,"column":9}},"type":"if","locations":[{"start":{"line":22,"column":8},"end":{"line":24,"column":9}},{"start":{},"end":{}}],"line":22}},"s":{"0":3,"1":4,"2":4,"3":4,"4":4,"5":4,"6":7,"7":4,"8":4,"9":4,"10":1,"11":3,"12":3,"13":2},"f":{"0":3,"1":7},"b":{"0":[1,3],"1":[2,1]},"_coverageSchema":"1a1c01bbd47fc00a2c39e90264f33305004495a9","hash":"98a46bfbb6cfda7965ae4bd3718b5f49c4ea9b16"}
}
