TN:
SF:data\kiBeratung.js
FN:3,normalisiereSchwierigkeitsgrad
FN:14,normalisiereStringArray
FN:20,(anonymous_2)
FN:21,(anonymous_3)
FN:24,normalisiereZutaten
FN:30,(anonymous_5)
FN:36,(anonymous_6)
FN:39,extrahiereAntwortText
FN:49,(anonymous_8)
FN:54,(anonymous_9)
FN:64,normalisiereRezept
FN:79,bauePrompts
FN:108,holeKiRezeptvorschlaegeAusZutaten
FN:133,(anonymous_13)
FNF:14
FNH:0
FNDA:0,normalisiereSchwierigkeitsgrad
FNDA:0,normalisiereStringArray
FNDA:0,(anonymous_2)
FNDA:0,(anonymous_3)
FNDA:0,normalisiereZutaten
FNDA:0,(anonymous_5)
FNDA:0,(anonymous_6)
FNDA:0,extrahiereAntwortText
FNDA:0,(anonymous_8)
FNDA:0,(anonymous_9)
FNDA:0,normalisiereRezept
FNDA:0,bauePrompts
FNDA:0,holeKiRezeptvorschlaegeAusZutaten
FNDA:0,(anonymous_13)
DA:4,0
DA:5,0
DA:6,0
DA:8,0
DA:9,0
DA:11,0
DA:15,0
DA:16,0
DA:19,0
DA:20,0
DA:21,0
DA:25,0
DA:26,0
DA:29,0
DA:31,0
DA:36,0
DA:40,0
DA:41,0
DA:44,0
DA:45,0
DA:48,0
DA:49,0
DA:50,0
DA:51,0
DA:54,0
DA:55,0
DA:56,0
DA:61,0
DA:65,0
DA:67,0
DA:80,0
DA:86,0
DA:105,0
DA:109,0
DA:110,0
DA:111,0
DA:114,0
DA:115,0
DA:116,0
DA:118,0
DA:119,0
DA:123,0
DA:124,0
DA:126,0
DA:129,0
DA:130,0
DA:133,0
LF:47
LH:0
BRDA:4,0,0,0
BRDA:4,0,1,0
BRDA:5,1,0,0
BRDA:5,1,1,0
BRDA:8,2,0,0
BRDA:8,2,1,0
BRDA:15,3,0,0
BRDA:15,3,1,0
BRDA:20,4,0,0
BRDA:20,4,1,0
BRDA:25,5,0,0
BRDA:25,5,1,0
BRDA:32,6,0,0
BRDA:32,6,1,0
BRDA:33,7,0,0
BRDA:33,7,1,0
BRDA:40,8,0,0
BRDA:40,8,1,0
BRDA:40,9,0,0
BRDA:40,9,1,0
BRDA:44,10,0,0
BRDA:44,10,1,0
BRDA:50,11,0,0
BRDA:50,11,1,0
BRDA:55,12,0,0
BRDA:55,12,1,0
BRDA:55,13,0,0
BRDA:55,13,1,0
BRDA:65,14,0,0
BRDA:65,14,1,0
BRDA:69,15,0,0
BRDA:69,15,1,0
BRDA:71,16,0,0
BRDA:71,16,1,0
BRDA:108,17,0,0
BRDA:110,18,0,0
BRDA:110,18,1,0
BRDA:118,19,0,0
BRDA:118,19,1,0
BRDA:129,20,0,0
BRDA:129,20,1,0
BRF:41
BRH:0
end_of_record
TN:
SF:data\openaiClient.js
FN:3,sendeOpenAIAnfrage
FNF:1
FNH:0
FNDA:0,sendeOpenAIAnfrage
DA:4,0
DA:5,0
DA:6,0
DA:9,0
DA:24,0
DA:25,0
DA:26,0
DA:29,0
LF:8
LH:0
BRDA:5,0,0,0
BRDA:5,0,1,0
BRDA:24,1,0,0
BRDA:24,1,1,0
BRF:4
BRH:0
end_of_record
TN:
SF:data\rezeptSpeicher.js
FN:7,ladeRezepte
FN:19,speichereRezepte
FNF:2
FNH:2
FNDA:4,ladeRezepte
FNDA:2,speichereRezepte
DA:5,1
DA:8,4
DA:9,4
DA:10,3
DA:12,2
DA:14,2
DA:15,2
DA:20,2
LF:8
LH:8
BRDA:12,0,0,1
BRDA:12,0,1,1
BRF:2
BRH:2
end_of_record
TN:
SF:editors\arbeitsschritteBearbeitung.js
FN:12,bearbeiteArbeitsschritte
FN:21,arbeitsschrittHinzufuegen
FN:30,(anonymous_2)
FN:70,arbeitsschrittEntfernen
FN:88,(anonymous_4)
FN:124,arbeitsschrittVeraendern
FN:135,(anonymous_6)
FN:169,arbeitsschritteErsetzen
FNF:8
FNH:7
FNDA:5,bearbeiteArbeitsschritte
FNDA:2,arbeitsschrittHinzufuegen
FNDA:2,(anonymous_2)
FNDA:1,arbeitsschrittEntfernen
FNDA:0,(anonymous_4)
FNDA:1,arbeitsschrittVeraendern
FNDA:1,(anonymous_6)
FNDA:1,arbeitsschritteErsetzen
DA:13,5
DA:22,2
DA:23,2
DA:24,2
DA:26,2
DA:27,2
DA:28,0
DA:30,2
DA:31,2
DA:35,2
DA:36,2
DA:37,2
DA:39,2
DA:44,2
DA:45,0
DA:46,0
DA:47,0
DA:50,2
DA:55,2
DA:56,0
DA:59,2
DA:60,0
DA:63,2
DA:65,2
DA:66,2
DA:67,2
DA:71,1
DA:72,1
DA:74,1
DA:75,0
DA:76,0
DA:77,0
DA:80,1
DA:81,1
DA:82,1
DA:83,1
DA:84,1
DA:87,0
DA:88,0
DA:89,0
DA:91,0
DA:93,0
DA:98,0
DA:99,0
DA:100,0
DA:101,0
DA:104,0
DA:105,0
DA:106,0
DA:107,0
DA:108,0
DA:109,0
DA:113,0
DA:114,0
DA:115,0
DA:116,0
DA:119,0
DA:120,0
DA:121,0
DA:125,1
DA:126,1
DA:128,1
DA:129,0
DA:130,0
DA:131,0
DA:134,1
DA:135,1
DA:136,1
DA:138,1
DA:140,1
DA:145,1
DA:146,0
DA:147,0
DA:148,0
DA:151,1
DA:152,1
DA:153,1
DA:155,1
DA:160,1
DA:161,0
DA:164,1
DA:165,1
DA:166,1
DA:170,1
DA:171,1
DA:172,1
DA:173,1
DA:175,1
DA:176,1
DA:177,1
DA:179,1
DA:180,3
DA:181,3
DA:182,3
DA:183,3
DA:184,0
DA:186,3
DA:187,0
DA:191,3
DA:193,1
DA:194,0
DA:195,0
DA:197,1
DA:200,2
DA:201,2
DA:204,1
DA:205,1
DA:206,1
LF:108
LH:66
BRDA:26,0,0,2
BRDA:26,0,1,0
BRDA:27,1,0,0
BRDA:27,1,1,2
BRDA:44,2,0,0
BRDA:44,2,1,2
BRDA:55,3,0,0
BRDA:55,3,1,2
BRDA:59,4,0,0
BRDA:59,4,1,2
BRDA:74,5,0,0
BRDA:74,5,1,1
BRDA:74,6,0,1
BRDA:74,6,1,1
BRDA:80,7,0,1
BRDA:80,7,1,0
BRDA:98,8,0,0
BRDA:98,8,1,0
BRDA:106,9,0,0
BRDA:106,9,1,0
BRDA:108,10,0,0
BRDA:108,10,1,0
BRDA:108,11,0,0
BRDA:108,11,1,0
BRDA:113,12,0,0
BRDA:113,12,1,0
BRDA:128,13,0,0
BRDA:128,13,1,1
BRDA:128,14,0,1
BRDA:128,14,1,1
BRDA:145,15,0,0
BRDA:145,15,1,1
BRDA:160,16,0,0
BRDA:160,16,1,1
BRDA:183,17,0,0
BRDA:183,17,1,3
BRDA:186,18,0,0
BRDA:186,18,1,3
BRDA:191,19,0,1
BRDA:191,19,1,2
BRDA:193,20,0,0
BRDA:193,20,1,1
BRF:42
BRH:19
end_of_record
TN:
SF:editors\favoritBearbeitung.js
FN:3,bearbeiteFavorit
FNF:1
FNH:1
FNDA:4,bearbeiteFavorit
DA:4,4
DA:5,4
DA:6,4
DA:7,4
DA:8,4
DA:10,4
DA:11,2
DA:12,2
DA:13,2
DA:14,1
DA:15,1
DA:16,1
DA:17,1
DA:18,1
DA:20,1
DA:23,2
DA:24,2
DA:25,2
DA:26,1
DA:27,1
DA:28,1
DA:29,1
DA:30,1
DA:33,1
LF:24
LH:24
BRDA:6,0,0,2
BRDA:6,0,1,2
BRDA:10,1,0,2
BRDA:10,1,1,2
BRDA:13,2,0,1
BRDA:13,2,1,1
BRDA:25,3,0,1
BRDA:25,3,1,1
BRF:8
BRH:8
end_of_record
TN:
SF:editors\kategorienBearbeitung.js
FN:10,bearbeiteKategorien
FN:44,kategorieHinzufuegen
FN:65,(anonymous_2)
FN:78,kategorieEntfernen
FN:96,(anonymous_4)
FN:119,kategorieUmbenennen
FN:130,(anonymous_6)
FN:160,(anonymous_7)
FN:174,kategorienErsetzen
FN:195,(anonymous_9)
FN:196,(anonymous_10)
FNF:11
FNH:10
FNDA:6,bearbeiteKategorien
FNDA:2,kategorieHinzufuegen
FNDA:3,(anonymous_2)
FNDA:1,kategorieEntfernen
FNDA:0,(anonymous_4)
FNDA:1,kategorieUmbenennen
FNDA:2,(anonymous_6)
FNDA:2,(anonymous_7)
FNDA:1,kategorienErsetzen
FNDA:2,(anonymous_9)
FNDA:2,(anonymous_10)
DA:11,6
DA:12,7
DA:13,7
DA:14,7
DA:15,7
DA:23,7
DA:25,7
DA:26,7
DA:27,2
DA:28,5
DA:29,1
DA:30,4
DA:31,1
DA:32,3
DA:33,1
DA:34,2
DA:35,2
DA:38,5
DA:39,4
DA:45,2
DA:46,2
DA:47,2
DA:49,2
DA:50,0
DA:53,2
DA:54,3
DA:59,3
DA:60,0
DA:64,3
DA:65,3
DA:67,3
DA:68,1
DA:69,1
DA:72,2
DA:73,2
DA:74,2
DA:79,1
DA:80,1
DA:82,1
DA:83,0
DA:84,0
DA:85,0
DA:88,1
DA:89,1
DA:90,1
DA:91,1
DA:92,1
DA:95,0
DA:96,0
DA:97,0
DA:99,0
DA:101,0
DA:107,0
DA:108,0
DA:109,0
DA:110,0
DA:113,0
DA:114,0
DA:115,0
DA:116,0
DA:120,1
DA:121,1
DA:123,1
DA:124,0
DA:125,0
DA:126,0
DA:129,1
DA:130,1
DA:131,2
DA:133,1
DA:135,1
DA:141,1
DA:142,0
DA:143,0
DA:144,0
DA:147,1
DA:148,1
DA:150,1
DA:151,1
DA:156,1
DA:157,0
DA:160,1
DA:161,2
DA:163,1
DA:164,0
DA:165,0
DA:168,1
DA:169,1
DA:170,1
DA:175,1
DA:176,1
DA:177,1
DA:178,1
DA:180,1
DA:181,1
DA:183,1
DA:184,0
DA:187,1
DA:188,0
DA:189,0
DA:190,0
DA:193,1
DA:195,2
DA:196,2
DA:199,1
DA:200,0
DA:201,0
DA:202,0
DA:205,1
DA:206,1
DA:207,1
LF:111
LH:77
BRDA:14,0,0,7
BRDA:14,0,1,0
BRDA:26,1,0,2
BRDA:26,1,1,5
BRDA:28,2,0,1
BRDA:28,2,1,4
BRDA:30,3,0,1
BRDA:30,3,1,3
BRDA:32,4,0,1
BRDA:32,4,1,2
BRDA:34,5,0,2
BRDA:34,5,1,0
BRDA:38,6,0,4
BRDA:38,6,1,1
BRDA:47,7,0,2
BRDA:47,7,1,0
BRDA:49,8,0,0
BRDA:49,8,1,2
BRDA:59,9,0,0
BRDA:59,9,1,3
BRDA:67,10,0,1
BRDA:67,10,1,2
BRDA:82,11,0,0
BRDA:82,11,1,1
BRDA:82,12,0,1
BRDA:82,12,1,1
BRDA:88,13,0,1
BRDA:88,13,1,0
BRDA:107,14,0,0
BRDA:107,14,1,0
BRDA:123,15,0,0
BRDA:123,15,1,1
BRDA:123,16,0,1
BRDA:123,16,1,1
BRDA:141,17,0,0
BRDA:141,17,1,1
BRDA:156,18,0,0
BRDA:156,18,1,1
BRDA:161,19,0,2
BRDA:161,19,1,1
BRDA:163,20,0,0
BRDA:163,20,1,1
BRDA:178,21,0,1
BRDA:178,21,1,0
BRDA:183,22,0,0
BRDA:183,22,1,1
BRDA:187,23,0,0
BRDA:187,23,1,1
BRDA:199,24,0,0
BRDA:199,24,1,1
BRF:50
BRH:33
end_of_record
TN:
SF:editors\rezeptFelderBearbeitung.js
FN:7,rezeptEditierMenue
FN:44,(anonymous_1)
FN:61,bearbeiteRezeptName
FN:76,(anonymous_3)
FN:91,bearbeiteSchwierigkeitsgrad
FN:98,(anonymous_5)
FN:118,bearbeiteZeitaufwand
FNF:7
FNH:6
FNDA:6,rezeptEditierMenue
FNDA:5,(anonymous_1)
FNDA:3,bearbeiteRezeptName
FNDA:8,(anonymous_3)
FNDA:2,bearbeiteSchwierigkeitsgrad
FNDA:6,(anonymous_5)
FNDA:0,bearbeiteZeitaufwand
DA:8,6
DA:9,12
DA:10,12
DA:21,12
DA:23,12
DA:24,12
DA:25,3
DA:26,9
DA:27,2
DA:28,7
DA:29,0
DA:30,7
DA:31,1
DA:32,6
DA:33,0
DA:34,6
DA:35,0
DA:36,6
DA:37,6
DA:40,6
DA:41,5
DA:44,5
DA:45,5
DA:46,5
DA:49,5
DA:50,5
DA:51,5
DA:53,0
DA:56,5
DA:62,3
DA:63,3
DA:64,3
DA:66,3
DA:67,4
DA:72,4
DA:73,0
DA:76,4
DA:77,8
DA:79,8
DA:81,4
DA:82,1
DA:83,1
DA:86,3
DA:87,3
DA:92,2
DA:93,2
DA:94,2
DA:96,2
DA:97,2
DA:98,2
DA:99,6
DA:101,2
DA:103,2
DA:108,2
DA:109,1
DA:110,1
DA:111,1
DA:114,1
DA:115,1
DA:119,0
DA:120,0
DA:121,0
DA:123,0
DA:128,0
DA:129,0
DA:132,0
DA:133,0
LF:67
LH:54
BRDA:24,0,0,3
BRDA:24,0,1,9
BRDA:26,1,0,2
BRDA:26,1,1,7
BRDA:28,2,0,0
BRDA:28,2,1,7
BRDA:30,3,0,1
BRDA:30,3,1,6
BRDA:32,4,0,0
BRDA:32,4,1,6
BRDA:34,5,0,0
BRDA:34,5,1,6
BRDA:36,6,0,6
BRDA:36,6,1,0
BRDA:40,7,0,5
BRDA:40,7,1,1
BRDA:45,8,0,5
BRDA:45,8,1,0
BRDA:72,9,0,0
BRDA:72,9,1,4
BRDA:77,10,0,8
BRDA:77,10,1,4
BRDA:79,11,0,8
BRDA:79,11,1,4
BRDA:81,12,0,1
BRDA:81,12,1,3
BRDA:108,13,0,1
BRDA:108,13,1,1
BRDA:128,14,0,0
BRDA:128,14,1,0
BRF:30
BRH:22
end_of_record
TN:
SF:editors\zutatenBearbeitung.js
FN:12,bearbeiteZutaten
FN:21,zutatHinzufuegen
FN:29,(anonymous_2)
FN:46,(anonymous_3)
FN:72,zutatEntfernen
FN:90,(anonymous_5)
FN:122,zutatVeraendern
FN:133,(anonymous_7)
FN:158,(anonymous_8)
FN:181,zutatenErsetzen
FN:202,(anonymous_10)
FN:210,(anonymous_11)
FN:219,(anonymous_12)
FNF:13
FNH:12
FNDA:5,bearbeiteZutaten
FNDA:2,zutatHinzufuegen
FNDA:2,(anonymous_2)
FNDA:3,(anonymous_3)
FNDA:1,zutatEntfernen
FNDA:0,(anonymous_5)
FNDA:1,zutatVeraendern
FNDA:2,(anonymous_7)
FNDA:2,(anonymous_8)
FNDA:1,zutatenErsetzen
FNDA:2,(anonymous_10)
FNDA:2,(anonymous_11)
FNDA:2,(anonymous_12)
DA:13,5
DA:22,2
DA:23,2
DA:25,2
DA:26,2
DA:27,0
DA:29,2
DA:30,2
DA:34,2
DA:35,3
DA:40,3
DA:41,0
DA:45,3
DA:46,3
DA:48,3
DA:49,1
DA:50,1
DA:53,2
DA:58,2
DA:59,0
DA:62,2
DA:63,0
DA:66,2
DA:67,2
DA:68,2
DA:73,1
DA:74,1
DA:76,1
DA:77,0
DA:78,0
DA:79,0
DA:82,1
DA:83,1
DA:84,1
DA:85,1
DA:86,1
DA:89,0
DA:90,0
DA:91,0
DA:93,0
DA:95,0
DA:96,0
DA:97,0
DA:98,0
DA:99,0
DA:102,0
DA:103,0
DA:104,0
DA:105,0
DA:106,0
DA:107,0
DA:111,0
DA:112,0
DA:113,0
DA:114,0
DA:117,0
DA:118,0
DA:119,0
DA:123,1
DA:124,1
DA:126,1
DA:127,0
DA:128,0
DA:129,0
DA:132,1
DA:133,1
DA:134,2
DA:136,1
DA:138,1
DA:139,1
DA:140,0
DA:141,0
DA:142,0
DA:145,1
DA:146,1
DA:148,1
DA:149,1
DA:154,1
DA:155,0
DA:158,1
DA:159,2
DA:161,1
DA:162,0
DA:163,0
DA:166,1
DA:171,1
DA:172,0
DA:175,1
DA:176,1
DA:177,1
DA:182,1
DA:183,1
DA:184,1
DA:185,1
DA:187,1
DA:188,1
DA:190,1
DA:191,0
DA:194,1
DA:195,0
DA:196,0
DA:197,0
DA:200,1
DA:204,2
DA:205,2
DA:210,2
DA:212,1
DA:213,0
DA:214,0
DA:215,0
DA:218,1
DA:219,2
DA:220,1
LF:113
LH:67
BRDA:25,0,0,2
BRDA:25,0,1,0
BRDA:26,1,0,0
BRDA:26,1,1,2
BRDA:40,2,0,0
BRDA:40,2,1,3
BRDA:48,3,0,1
BRDA:48,3,1,2
BRDA:58,4,0,0
BRDA:58,4,1,2
BRDA:62,5,0,0
BRDA:62,5,1,2
BRDA:76,6,0,0
BRDA:76,6,1,1
BRDA:76,7,0,1
BRDA:76,7,1,1
BRDA:82,8,0,1
BRDA:82,8,1,0
BRDA:96,9,0,0
BRDA:96,9,1,0
BRDA:104,10,0,0
BRDA:104,10,1,0
BRDA:106,11,0,0
BRDA:106,11,1,0
BRDA:106,12,0,0
BRDA:106,12,1,0
BRDA:111,13,0,0
BRDA:111,13,1,0
BRDA:126,14,0,0
BRDA:126,14,1,1
BRDA:126,15,0,1
BRDA:126,15,1,1
BRDA:139,16,0,0
BRDA:139,16,1,1
BRDA:154,17,0,0
BRDA:154,17,1,1
BRDA:159,18,0,2
BRDA:159,18,1,1
BRDA:161,19,0,0
BRDA:161,19,1,1
BRDA:171,20,0,0
BRDA:171,20,1,1
BRDA:190,21,0,0
BRDA:190,21,1,1
BRDA:194,22,0,0
BRDA:194,22,1,1
BRDA:207,23,0,2
BRDA:207,23,1,0
BRDA:210,24,0,2
BRDA:210,24,1,2
BRDA:212,25,0,0
BRDA:212,25,1,1
BRF:52
BRH:26
end_of_record
TN:
SF:menus\auswahlMenues.js
FN:5,rezeptSucheMenue
FN:28,(anonymous_1)
FN:41,rezeptAuswahlMenue
FN:56,(anonymous_3)
FN:72,(anonymous_4)
FN:73,(anonymous_5)
FN:81,rezeptListeMenue
FN:94,(anonymous_7)
FN:117,(anonymous_8)
FN:134,(anonymous_9)
FNF:10
FNH:10
FNDA:3,rezeptSucheMenue
FNDA:3,(anonymous_1)
FNDA:5,rezeptAuswahlMenue
FNDA:26,(anonymous_3)
FNDA:3,(anonymous_4)
FNDA:3,(anonymous_5)
FNDA:5,rezeptListeMenue
FNDA:12,(anonymous_7)
FNDA:1,(anonymous_8)
FNDA:1,(anonymous_9)
DA:6,3
DA:7,3
DA:9,3
DA:10,3
DA:11,0
DA:12,0
DA:13,0
DA:16,3
DA:22,3
DA:23,1
DA:27,2
DA:28,2
DA:29,3
DA:32,2
DA:33,1
DA:34,1
DA:35,1
DA:38,1
DA:42,5
DA:43,9
DA:44,9
DA:46,9
DA:47,9
DA:48,1
DA:49,1
DA:50,1
DA:53,8
DA:54,8
DA:56,8
DA:57,26
DA:60,8
DA:61,8
DA:62,4
DA:66,4
DA:67,3
DA:68,3
DA:71,1
DA:72,1
DA:73,3
DA:74,3
DA:77,1
DA:82,5
DA:84,5
DA:85,10
DA:86,10
DA:88,10
DA:89,0
DA:90,0
DA:91,0
DA:94,10
DA:95,12
DA:97,10
DA:99,10
DA:100,10
DA:101,5
DA:105,5
DA:106,5
DA:109,5
DA:110,5
DA:111,5
DA:113,5
DA:114,1
DA:115,1
DA:116,1
DA:117,1
DA:118,1
DA:119,1
DA:120,1
DA:121,1
DA:122,1
DA:123,1
DA:125,0
DA:127,1
DA:131,4
DA:132,4
DA:133,4
DA:134,1
DA:135,1
DA:136,1
DA:137,1
DA:138,1
DA:139,1
DA:140,1
DA:142,0
DA:144,1
LF:85
LH:77
BRDA:10,0,0,0
BRDA:10,0,1,3
BRDA:22,1,0,1
BRDA:22,1,1,2
BRDA:29,2,0,3
BRDA:29,2,1,3
BRDA:32,3,0,1
BRDA:32,3,1,1
BRDA:47,4,0,1
BRDA:47,4,1,8
BRDA:61,5,0,4
BRDA:61,5,1,4
BRDA:66,6,0,3
BRDA:66,6,1,1
BRDA:73,7,0,3
BRDA:73,7,1,3
BRDA:88,8,0,0
BRDA:88,8,1,10
BRDA:88,9,0,10
BRDA:88,9,1,10
BRDA:100,10,0,5
BRDA:100,10,1,5
BRDA:110,11,0,1
BRDA:110,11,1,4
BRDA:113,12,0,1
BRDA:113,12,1,4
BRDA:116,13,0,1
BRDA:116,13,1,0
BRDA:118,14,0,1
BRDA:118,14,1,0
BRDA:133,15,0,1
BRDA:133,15,1,3
BRDA:135,16,0,1
BRDA:135,16,1,0
BRF:34
BRH:29
end_of_record
TN:
SF:menus\hauptMenues.js
FN:9,hauptMenue
FN:42,rezepteBearbeitenMenue
FN:68,favoritenMenue
FN:77,(anonymous_3)
FN:85,(anonymous_4)
FN:103,(anonymous_5)
FN:118,kiBeratungMenue
FN:136,kiVorschlaegeNachZutatenMenue
FN:148,(anonymous_8)
FN:149,(anonymous_9)
FN:179,(anonymous_10)
FN:197,(anonymous_11)
FNF:12
FNH:12
FNDA:9,hauptMenue
FNDA:1,rezepteBearbeitenMenue
FNDA:2,favoritenMenue
FNDA:2,(anonymous_3)
FNDA:1,(anonymous_4)
FNDA:1,(anonymous_5)
FNDA:3,kiBeratungMenue
FNDA:2,kiVorschlaegeNachZutatenMenue
FNDA:4,(anonymous_8)
FNDA:4,(anonymous_9)
FNDA:2,(anonymous_10)
FNDA:1,(anonymous_11)
DA:10,9
DA:11,17
DA:12,17
DA:22,17
DA:25,17
DA:26,1
DA:27,16
DA:28,1
DA:29,15
DA:30,1
DA:31,14
DA:32,2
DA:33,12
DA:34,3
DA:35,9
DA:36,9
DA:37,9
DA:43,1
DA:44,2
DA:45,2
DA:53,2
DA:56,2
DA:57,1
DA:58,1
DA:59,0
DA:60,1
DA:61,0
DA:62,1
DA:63,1
DA:69,2
DA:70,2
DA:72,2
DA:73,3
DA:74,3
DA:76,3
DA:77,3
DA:79,3
DA:80,2
DA:81,2
DA:82,2
DA:85,1
DA:86,1
DA:88,1
DA:90,1
DA:91,1
DA:92,0
DA:95,1
DA:96,1
DA:99,1
DA:100,1
DA:102,1
DA:103,1
DA:104,1
DA:105,1
DA:106,1
DA:107,1
DA:108,1
DA:110,0
DA:112,1
DA:119,3
DA:120,5
DA:121,5
DA:127,5
DA:128,5
DA:129,2
DA:130,3
DA:131,3
DA:137,2
DA:138,2
DA:139,2
DA:141,2
DA:142,2
DA:143,0
DA:146,2
DA:148,4
DA:149,4
DA:151,2
DA:152,0
DA:153,0
DA:154,0
DA:157,2
DA:158,2
DA:159,2
DA:161,0
DA:162,0
DA:163,0
DA:164,0
DA:166,0
DA:167,0
DA:168,0
DA:171,2
DA:172,0
DA:173,0
DA:174,0
DA:177,2
DA:178,2
DA:179,2
DA:180,2
DA:182,2
DA:184,2
DA:185,2
DA:186,0
DA:189,2
DA:190,2
DA:192,2
DA:193,2
DA:195,2
DA:196,2
DA:197,2
DA:198,1
DA:201,2
DA:202,1
DA:203,1
DA:204,1
DA:207,1
DA:212,1
DA:213,1
DA:214,1
DA:215,1
DA:217,0
DA:219,1
DA:220,1
DA:223,0
LF:123
LH:102
BRDA:25,0,0,1
BRDA:25,0,1,16
BRDA:27,1,0,1
BRDA:27,1,1,15
BRDA:29,2,0,1
BRDA:29,2,1,14
BRDA:31,3,0,2
BRDA:31,3,1,12
BRDA:33,4,0,3
BRDA:33,4,1,9
BRDA:35,5,0,9
BRDA:35,5,1,0
BRDA:56,6,0,1
BRDA:56,6,1,1
BRDA:58,7,0,0
BRDA:58,7,1,1
BRDA:60,8,0,0
BRDA:60,8,1,1
BRDA:62,9,0,1
BRDA:62,9,1,0
BRDA:79,10,0,2
BRDA:79,10,1,1
BRDA:91,11,0,0
BRDA:91,11,1,1
BRDA:102,12,0,1
BRDA:102,12,1,0
BRDA:104,13,0,1
BRDA:104,13,1,0
BRDA:128,14,0,2
BRDA:128,14,1,3
BRDA:130,15,0,3
BRDA:130,15,1,0
BRDA:142,16,0,0
BRDA:142,16,1,2
BRDA:151,17,0,0
BRDA:151,17,1,2
BRDA:161,18,0,0
BRDA:161,18,1,0
BRDA:161,19,0,0
BRDA:161,19,1,0
BRDA:171,20,0,0
BRDA:171,20,1,2
BRDA:171,21,0,2
BRDA:171,21,1,2
BRDA:185,22,0,0
BRDA:185,22,1,2
BRDA:195,23,0,2
BRDA:195,23,1,0
BRDA:198,24,0,1
BRDA:198,24,1,1
BRDA:201,25,0,1
BRDA:201,25,1,1
BRF:52
BRH:35
end_of_record
TN:
SF:menus\rezeptVerwaltung.js
FN:12,rezeptLoeschenMenue
FN:23,(anonymous_1)
FN:60,rezeptHinzufuegenMenue
FN:81,(anonymous_3)
FN:92,(anonymous_4)
FN:122,(anonymous_5)
FN:123,(anonymous_6)
FN:213,rezeptVeraendernEinzelnMenue
FN:225,(anonymous_8)
FNF:9
FNH:8
FNDA:3,rezeptLoeschenMenue
FNDA:4,(anonymous_1)
FNDA:2,rezeptHinzufuegenMenue
FNDA:0,(anonymous_3)
FNDA:3,(anonymous_4)
FNDA:2,(anonymous_5)
FNDA:2,(anonymous_6)
FNDA:2,rezeptVeraendernEinzelnMenue
FNDA:2,(anonymous_8)
DA:13,3
DA:14,3
DA:16,3
DA:17,3
DA:18,1
DA:19,1
DA:20,1
DA:23,2
DA:24,4
DA:26,2
DA:28,2
DA:29,2
DA:30,0
DA:33,2
DA:34,2
DA:36,2
DA:37,3
DA:38,3
DA:39,1
DA:43,2
DA:44,1
DA:45,1
DA:46,1
DA:49,1
DA:50,1
DA:51,1
DA:52,1
DA:54,0
DA:57,1
DA:61,2
DA:62,2
DA:67,2
DA:69,2
DA:70,2
DA:71,2
DA:76,2
DA:77,1
DA:81,1
DA:82,1
DA:83,0
DA:84,0
DA:87,1
DA:90,1
DA:91,1
DA:92,1
DA:93,3
DA:95,1
DA:97,1
DA:98,1
DA:99,0
DA:100,0
DA:101,0
DA:103,1
DA:105,1
DA:110,1
DA:111,0
DA:114,1
DA:115,1
DA:116,1
DA:117,0
DA:120,1
DA:122,2
DA:123,2
DA:125,1
DA:126,1
DA:127,1
DA:129,1
DA:130,2
DA:131,2
DA:132,2
DA:133,2
DA:134,0
DA:136,2
DA:137,0
DA:141,2
DA:143,1
DA:144,0
DA:145,0
DA:147,1
DA:150,1
DA:155,1
DA:156,0
DA:159,1
DA:160,1
DA:163,1
DA:164,1
DA:165,1
DA:167,1
DA:168,2
DA:169,2
DA:170,2
DA:171,2
DA:172,0
DA:174,2
DA:175,0
DA:179,2
DA:181,1
DA:182,0
DA:183,0
DA:185,1
DA:188,1
DA:189,1
DA:192,1
DA:202,1
DA:203,1
DA:204,1
DA:205,1
DA:207,0
DA:210,1
DA:214,2
DA:215,3
DA:216,3
DA:218,3
DA:219,3
DA:220,1
DA:221,1
DA:222,1
DA:225,2
DA:226,2
DA:228,2
DA:230,2
DA:231,2
DA:232,1
DA:235,1
DA:236,1
LF:125
LH:106
BRDA:17,0,0,1
BRDA:17,0,1,2
BRDA:29,1,0,0
BRDA:29,1,1,2
BRDA:36,2,0,5
BRDA:36,2,1,4
BRDA:38,3,0,1
BRDA:38,3,1,2
BRDA:38,4,0,3
BRDA:38,4,1,2
BRDA:43,5,0,1
BRDA:43,5,1,1
BRDA:76,6,0,1
BRDA:76,6,1,1
BRDA:82,7,0,0
BRDA:82,7,1,1
BRDA:98,8,0,0
BRDA:98,8,1,1
BRDA:110,9,0,0
BRDA:110,9,1,1
BRDA:116,10,0,0
BRDA:116,10,1,1
BRDA:133,11,0,0
BRDA:133,11,1,2
BRDA:136,12,0,0
BRDA:136,12,1,2
BRDA:141,13,0,1
BRDA:141,13,1,1
BRDA:143,14,0,0
BRDA:143,14,1,1
BRDA:155,15,0,0
BRDA:155,15,1,1
BRDA:171,16,0,0
BRDA:171,16,1,2
BRDA:174,17,0,0
BRDA:174,17,1,2
BRDA:179,18,0,1
BRDA:179,18,1,1
BRDA:181,19,0,0
BRDA:181,19,1,1
BRDA:219,20,0,1
BRDA:219,20,1,2
BRDA:231,21,0,1
BRDA:231,21,1,1
BRF:44
BRH:32
end_of_record
TN:
SF:ui\anzeige.js
FN:3,zeigeZutatenListe
FN:5,(anonymous_1)
FN:10,zeigeArbeitsschritteListe
FN:12,(anonymous_3)
FN:17,holeKategorien
FN:20,(anonymous_5)
FN:25,(anonymous_6)
FN:39,(anonymous_7)
FN:42,zeigeRezeptDetails
FN:53,(anonymous_9)
FN:58,(anonymous_10)
FNF:11
FNH:11
FNDA:3,zeigeZutatenListe
FNDA:2,(anonymous_1)
FNDA:3,zeigeArbeitsschritteListe
FNDA:3,(anonymous_3)
FNDA:4,holeKategorien
FNDA:7,(anonymous_5)
FNDA:15,(anonymous_6)
FNDA:8,(anonymous_7)
FNDA:3,zeigeRezeptDetails
FNDA:2,(anonymous_9)
FNDA:2,(anonymous_10)
DA:4,3
DA:5,3
DA:6,2
DA:11,3
DA:12,3
DA:13,3
DA:18,4
DA:20,4
DA:21,7
DA:22,1
DA:25,6
DA:27,15
DA:28,10
DA:29,10
DA:31,10
DA:32,7
DA:39,8
DA:43,3
DA:45,3
DA:46,3
DA:47,3
DA:48,3
DA:49,3
DA:50,3
DA:52,3
DA:53,3
DA:54,2
DA:57,3
DA:58,3
DA:59,2
LF:30
LH:30
BRDA:5,0,0,3
BRDA:5,0,1,1
BRDA:12,1,0,3
BRDA:12,1,1,1
BRDA:21,2,0,1
BRDA:21,2,1,6
BRDA:27,3,0,10
BRDA:27,3,1,5
BRDA:27,4,0,15
BRDA:27,4,1,12
BRDA:31,5,0,7
BRDA:31,5,1,3
BRDA:45,6,0,1
BRDA:45,6,1,2
BRDA:48,7,0,3
BRDA:48,7,1,2
BRDA:49,8,0,3
BRDA:49,8,1,2
BRDA:50,9,0,3
BRDA:50,9,1,2
BRDA:50,10,0,3
BRDA:50,10,1,2
BRDA:53,11,0,3
BRDA:53,11,1,0
BRDA:58,12,0,3
BRDA:58,12,1,0
BRF:26
BRH:24
end_of_record
TN:
SF:ui\eingabe.js
FN:7,holeReadline
FN:16,question
FN:25,(anonymous_2)
FN:29,(anonymous_3)
FN:35,(anonymous_4)
FN:35,(anonymous_5)
FN:47,(anonymous_6)
FN:50,(anonymous_7)
FN:66,leereKonsole
FN:70,warteAufEnter
FN:74,wurdeAbgebrochen
FN:85,fragePflichtfeld
FN:102,frageGanzzahl
FN:120,schliesseEingabe
FN:126,istInputGeschlossenFehler
FNF:15
FNH:13
FNDA:28,holeReadline
FNDA:28,question
FNDA:27,(anonymous_2)
FNDA:27,(anonymous_3)
FNDA:108,(anonymous_4)
FNDA:27,(anonymous_5)
FNDA:0,(anonymous_6)
FNDA:0,(anonymous_7)
FNDA:4,leereKonsole
FNDA:6,warteAufEnter
FNDA:12,wurdeAbgebrochen
FNDA:4,fragePflichtfeld
FNDA:6,frageGanzzahl
FNDA:2,schliesseEingabe
FNDA:6,istInputGeschlossenFehler
DA:4,2
DA:5,2
DA:9,28
DA:10,2
DA:13,28
DA:18,28
DA:21,28
DA:22,1
DA:25,27
DA:27,27
DA:29,27
DA:31,27
DA:32,27
DA:35,108
DA:37,27
DA:38,0
DA:41,27
DA:42,27
DA:43,27
DA:47,27
DA:50,27
DA:51,0
DA:52,0
DA:54,0
DA:58,27
DA:59,27
DA:62,27
DA:67,4
DA:71,6
DA:76,12
DA:77,4
DA:78,4
DA:79,4
DA:82,8
DA:86,4
DA:87,6
DA:89,6
DA:90,1
DA:93,5
DA:94,2
DA:95,2
DA:98,3
DA:103,6
DA:104,10
DA:105,10
DA:106,2
DA:107,2
DA:110,8
DA:111,8
DA:112,2
DA:113,2
DA:116,6
DA:121,2
DA:122,1
DA:127,6
LF:55
LH:51
BRDA:9,0,0,2
BRDA:9,0,1,26
BRDA:9,1,0,28
BRDA:9,1,1,27
BRDA:21,2,0,1
BRDA:21,2,1,27
BRDA:37,3,0,0
BRDA:37,3,1,27
BRDA:51,4,0,0
BRDA:51,4,1,0
BRDA:70,5,0,5
BRDA:76,6,0,4
BRDA:76,6,1,8
BRDA:76,7,0,12
BRDA:76,7,1,11
BRDA:89,8,0,1
BRDA:89,8,1,5
BRDA:93,9,0,2
BRDA:93,9,1,3
BRDA:105,10,0,2
BRDA:105,10,1,8
BRDA:111,11,0,2
BRDA:111,11,1,6
BRDA:111,12,0,8
BRDA:111,12,1,7
BRDA:121,13,0,1
BRDA:121,13,1,1
BRDA:121,14,0,2
BRDA:121,14,1,2
BRDA:127,15,0,6
BRDA:127,15,1,2
BRF:31
BRH:28
end_of_record
TN:
SF:ui\listenMenue.js
FN:3,bearbeiteListenMenue
FN:10,(anonymous_1)
FNF:2
FNH:2
FNDA:3,bearbeiteListenMenue
FNDA:7,(anonymous_1)
DA:4,3
DA:5,4
DA:6,4
DA:7,4
DA:8,4
DA:10,4
DA:11,7
DA:13,4
DA:15,4
DA:16,4
DA:17,1
DA:21,3
DA:22,3
DA:23,2
LF:14
LH:14
BRDA:16,0,0,1
BRDA:16,0,1,3
BRDA:22,1,0,2
BRDA:22,1,1,1
BRF:4
BRH:4
end_of_record
