TN:
SF:data\rezeptSpeicher.js
FN:7,ladeRezepte
FN:19,speichereRezepte
FNF:2
FNH:2
FNDA:4,ladeRezepte
FNDA:1,speichereRezepte
DA:5,1
DA:8,4
DA:9,4
DA:10,3
DA:12,2
DA:14,2
DA:15,2
DA:20,1
LF:8
LH:8
BRDA:12,0,0,1
BRDA:12,0,1,1
BRF:2
BRH:2
end_of_record
TN:
SF:editors\arbeitsschritteBearbeitung.js
FN:12,bearbeiteArbeitsschritte
FN:21,arbeitsschrittHinzufuegen
FN:30,(anonymous_2)
FN:70,arbeitsschrittEntfernen
FN:88,(anonymous_4)
FN:124,arbeitsschrittVeraendern
FN:135,(anonymous_6)
FN:169,arbeitsschritteErsetzen
FNF:8
FNH:6
FNDA:3,bearbeiteArbeitsschritte
FNDA:1,arbeitsschrittHinzufuegen
FNDA:1,(anonymous_2)
FNDA:0,arbeitsschrittEntfernen
FNDA:0,(anonymous_4)
FNDA:1,arbeitsschrittVeraendern
FNDA:1,(anonymous_6)
FNDA:1,arbeitsschritteErsetzen
DA:13,3
DA:22,1
DA:23,1
DA:24,1
DA:26,1
DA:27,1
DA:28,0
DA:30,1
DA:31,1
DA:35,1
DA:36,1
DA:37,1
DA:39,1
DA:44,1
DA:45,0
DA:46,0
DA:47,0
DA:50,1
DA:55,1
DA:56,0
DA:59,1
DA:60,0
DA:63,1
DA:65,1
DA:66,1
DA:67,1
DA:71,0
DA:72,0
DA:74,0
DA:75,0
DA:76,0
DA:77,0
DA:80,0
DA:81,0
DA:82,0
DA:83,0
DA:84,0
DA:87,0
DA:88,0
DA:89,0
DA:91,0
DA:93,0
DA:98,0
DA:99,0
DA:100,0
DA:101,0
DA:104,0
DA:105,0
DA:106,0
DA:107,0
DA:108,0
DA:109,0
DA:113,0
DA:114,0
DA:115,0
DA:116,0
DA:119,0
DA:120,0
DA:121,0
DA:125,1
DA:126,1
DA:128,1
DA:129,0
DA:130,0
DA:131,0
DA:134,1
DA:135,1
DA:136,1
DA:138,1
DA:140,1
DA:145,1
DA:146,0
DA:147,0
DA:148,0
DA:151,1
DA:152,1
DA:153,1
DA:155,1
DA:160,1
DA:161,0
DA:164,1
DA:165,1
DA:166,1
DA:170,1
DA:171,1
DA:172,1
DA:173,1
DA:175,1
DA:176,1
DA:177,1
DA:179,1
DA:180,3
DA:181,3
DA:182,3
DA:183,3
DA:184,0
DA:186,3
DA:187,0
DA:191,3
DA:193,1
DA:194,0
DA:195,0
DA:197,1
DA:200,2
DA:201,2
DA:204,1
DA:205,1
DA:206,1
LF:108
LH:58
BRDA:26,0,0,1
BRDA:26,0,1,0
BRDA:27,1,0,0
BRDA:27,1,1,1
BRDA:44,2,0,0
BRDA:44,2,1,1
BRDA:55,3,0,0
BRDA:55,3,1,1
BRDA:59,4,0,0
BRDA:59,4,1,1
BRDA:74,5,0,0
BRDA:74,5,1,0
BRDA:74,6,0,0
BRDA:74,6,1,0
BRDA:80,7,0,0
BRDA:80,7,1,0
BRDA:98,8,0,0
BRDA:98,8,1,0
BRDA:106,9,0,0
BRDA:106,9,1,0
BRDA:108,10,0,0
BRDA:108,10,1,0
BRDA:108,11,0,0
BRDA:108,11,1,0
BRDA:113,12,0,0
BRDA:113,12,1,0
BRDA:128,13,0,0
BRDA:128,13,1,1
BRDA:128,14,0,1
BRDA:128,14,1,1
BRDA:145,15,0,0
BRDA:145,15,1,1
BRDA:160,16,0,0
BRDA:160,16,1,1
BRDA:183,17,0,0
BRDA:183,17,1,3
BRDA:186,18,0,0
BRDA:186,18,1,3
BRDA:191,19,0,1
BRDA:191,19,1,2
BRDA:193,20,0,0
BRDA:193,20,1,1
BRF:42
BRH:15
end_of_record
TN:
SF:editors\kategorienBearbeitung.js
FN:10,bearbeiteKategorien
FN:44,kategorieHinzufuegen
FN:65,(anonymous_2)
FN:78,kategorieEntfernen
FN:96,(anonymous_4)
FN:119,kategorieUmbenennen
FN:130,(anonymous_6)
FN:160,(anonymous_7)
FN:174,kategorienErsetzen
FN:195,(anonymous_9)
FN:196,(anonymous_10)
FNF:11
FNH:9
FNDA:4,bearbeiteKategorien
FNDA:1,kategorieHinzufuegen
FNDA:1,(anonymous_2)
FNDA:0,kategorieEntfernen
FNDA:0,(anonymous_4)
FNDA:1,kategorieUmbenennen
FNDA:2,(anonymous_6)
FNDA:2,(anonymous_7)
FNDA:1,kategorienErsetzen
FNDA:2,(anonymous_9)
FNDA:2,(anonymous_10)
DA:11,4
DA:12,4
DA:13,4
DA:14,4
DA:15,4
DA:23,4
DA:25,4
DA:26,4
DA:27,1
DA:28,3
DA:29,0
DA:30,3
DA:31,1
DA:32,2
DA:33,1
DA:34,1
DA:35,1
DA:38,3
DA:39,3
DA:45,1
DA:46,1
DA:47,1
DA:49,1
DA:50,0
DA:53,1
DA:54,1
DA:59,1
DA:60,0
DA:64,1
DA:65,1
DA:67,1
DA:68,0
DA:69,0
DA:72,1
DA:73,1
DA:74,1
DA:79,0
DA:80,0
DA:82,0
DA:83,0
DA:84,0
DA:85,0
DA:88,0
DA:89,0
DA:90,0
DA:91,0
DA:92,0
DA:95,0
DA:96,0
DA:97,0
DA:99,0
DA:101,0
DA:107,0
DA:108,0
DA:109,0
DA:110,0
DA:113,0
DA:114,0
DA:115,0
DA:116,0
DA:120,1
DA:121,1
DA:123,1
DA:124,0
DA:125,0
DA:126,0
DA:129,1
DA:130,1
DA:131,2
DA:133,1
DA:135,1
DA:141,1
DA:142,0
DA:143,0
DA:144,0
DA:147,1
DA:148,1
DA:150,1
DA:151,1
DA:156,1
DA:157,0
DA:160,1
DA:161,2
DA:163,1
DA:164,0
DA:165,0
DA:168,1
DA:169,1
DA:170,1
DA:175,1
DA:176,1
DA:177,1
DA:178,1
DA:180,1
DA:181,1
DA:183,1
DA:184,0
DA:187,1
DA:188,0
DA:189,0
DA:190,0
DA:193,1
DA:195,2
DA:196,2
DA:199,1
DA:200,0
DA:201,0
DA:202,0
DA:205,1
DA:206,1
DA:207,1
LF:111
LH:66
BRDA:14,0,0,4
BRDA:14,0,1,0
BRDA:26,1,0,1
BRDA:26,1,1,3
BRDA:28,2,0,0
BRDA:28,2,1,3
BRDA:30,3,0,1
BRDA:30,3,1,2
BRDA:32,4,0,1
BRDA:32,4,1,1
BRDA:34,5,0,1
BRDA:34,5,1,0
BRDA:38,6,0,3
BRDA:38,6,1,0
BRDA:47,7,0,1
BRDA:47,7,1,0
BRDA:49,8,0,0
BRDA:49,8,1,1
BRDA:59,9,0,0
BRDA:59,9,1,1
BRDA:67,10,0,0
BRDA:67,10,1,1
BRDA:82,11,0,0
BRDA:82,11,1,0
BRDA:82,12,0,0
BRDA:82,12,1,0
BRDA:88,13,0,0
BRDA:88,13,1,0
BRDA:107,14,0,0
BRDA:107,14,1,0
BRDA:123,15,0,0
BRDA:123,15,1,1
BRDA:123,16,0,1
BRDA:123,16,1,1
BRDA:141,17,0,0
BRDA:141,17,1,1
BRDA:156,18,0,0
BRDA:156,18,1,1
BRDA:161,19,0,2
BRDA:161,19,1,1
BRDA:163,20,0,0
BRDA:163,20,1,1
BRDA:178,21,0,1
BRDA:178,21,1,0
BRDA:183,22,0,0
BRDA:183,22,1,1
BRDA:187,23,0,0
BRDA:187,23,1,1
BRDA:199,24,0,0
BRDA:199,24,1,1
BRF:50
BRH:26
end_of_record
TN:
SF:editors\rezeptFelderBearbeitung.js
FN:7,rezeptEditierMenue
FN:44,(anonymous_1)
FN:61,bearbeiteRezeptName
FN:76,(anonymous_3)
FN:91,bearbeiteSchwierigkeitsgrad
FN:98,(anonymous_5)
FN:118,bearbeiteZeitaufwand
FNF:7
FNH:6
FNDA:3,rezeptEditierMenue
FNDA:3,(anonymous_1)
FNDA:1,bearbeiteRezeptName
FNDA:2,(anonymous_3)
FNDA:1,bearbeiteSchwierigkeitsgrad
FNDA:3,(anonymous_5)
FNDA:0,bearbeiteZeitaufwand
DA:8,3
DA:9,6
DA:10,6
DA:21,6
DA:23,6
DA:24,6
DA:25,1
DA:26,5
DA:27,1
DA:28,4
DA:29,0
DA:30,4
DA:31,1
DA:32,3
DA:33,0
DA:34,3
DA:35,0
DA:36,3
DA:37,3
DA:40,3
DA:41,3
DA:44,3
DA:45,3
DA:46,3
DA:49,3
DA:50,3
DA:51,3
DA:53,0
DA:56,3
DA:62,1
DA:63,1
DA:64,1
DA:66,1
DA:67,1
DA:72,1
DA:73,0
DA:76,1
DA:77,2
DA:79,2
DA:81,1
DA:82,0
DA:83,0
DA:86,1
DA:87,1
DA:92,1
DA:93,1
DA:94,1
DA:96,1
DA:97,1
DA:98,1
DA:99,3
DA:101,1
DA:103,1
DA:108,1
DA:109,0
DA:110,0
DA:111,0
DA:114,1
DA:115,1
DA:119,0
DA:120,0
DA:121,0
DA:123,0
DA:128,0
DA:129,0
DA:132,0
DA:133,0
LF:67
LH:49
BRDA:24,0,0,1
BRDA:24,0,1,5
BRDA:26,1,0,1
BRDA:26,1,1,4
BRDA:28,2,0,0
BRDA:28,2,1,4
BRDA:30,3,0,1
BRDA:30,3,1,3
BRDA:32,4,0,0
BRDA:32,4,1,3
BRDA:34,5,0,0
BRDA:34,5,1,3
BRDA:36,6,0,3
BRDA:36,6,1,0
BRDA:40,7,0,3
BRDA:40,7,1,0
BRDA:45,8,0,3
BRDA:45,8,1,0
BRDA:72,9,0,0
BRDA:72,9,1,1
BRDA:77,10,0,2
BRDA:77,10,1,1
BRDA:79,11,0,2
BRDA:79,11,1,1
BRDA:81,12,0,0
BRDA:81,12,1,1
BRDA:108,13,0,0
BRDA:108,13,1,1
BRDA:128,14,0,0
BRDA:128,14,1,0
BRF:30
BRH:19
end_of_record
TN:
SF:editors\zutatenBearbeitung.js
FN:12,bearbeiteZutaten
FN:21,zutatHinzufuegen
FN:29,(anonymous_2)
FN:46,(anonymous_3)
FN:72,zutatEntfernen
FN:90,(anonymous_5)
FN:122,zutatVeraendern
FN:133,(anonymous_7)
FN:158,(anonymous_8)
FN:181,zutatenErsetzen
FN:202,(anonymous_10)
FN:210,(anonymous_11)
FN:219,(anonymous_12)
FNF:13
FNH:11
FNDA:3,bearbeiteZutaten
FNDA:1,zutatHinzufuegen
FNDA:1,(anonymous_2)
FNDA:1,(anonymous_3)
FNDA:0,zutatEntfernen
FNDA:0,(anonymous_5)
FNDA:1,zutatVeraendern
FNDA:2,(anonymous_7)
FNDA:2,(anonymous_8)
FNDA:1,zutatenErsetzen
FNDA:2,(anonymous_10)
FNDA:2,(anonymous_11)
FNDA:2,(anonymous_12)
DA:13,3
DA:22,1
DA:23,1
DA:25,1
DA:26,1
DA:27,0
DA:29,1
DA:30,1
DA:34,1
DA:35,1
DA:40,1
DA:41,0
DA:45,1
DA:46,1
DA:48,1
DA:49,0
DA:50,0
DA:53,1
DA:58,1
DA:59,0
DA:62,1
DA:63,0
DA:66,1
DA:67,1
DA:68,1
DA:73,0
DA:74,0
DA:76,0
DA:77,0
DA:78,0
DA:79,0
DA:82,0
DA:83,0
DA:84,0
DA:85,0
DA:86,0
DA:89,0
DA:90,0
DA:91,0
DA:93,0
DA:95,0
DA:96,0
DA:97,0
DA:98,0
DA:99,0
DA:102,0
DA:103,0
DA:104,0
DA:105,0
DA:106,0
DA:107,0
DA:111,0
DA:112,0
DA:113,0
DA:114,0
DA:117,0
DA:118,0
DA:119,0
DA:123,1
DA:124,1
DA:126,1
DA:127,0
DA:128,0
DA:129,0
DA:132,1
DA:133,1
DA:134,2
DA:136,1
DA:138,1
DA:139,1
DA:140,0
DA:141,0
DA:142,0
DA:145,1
DA:146,1
DA:148,1
DA:149,1
DA:154,1
DA:155,0
DA:158,1
DA:159,2
DA:161,1
DA:162,0
DA:163,0
DA:166,1
DA:171,1
DA:172,0
DA:175,1
DA:176,1
DA:177,1
DA:182,1
DA:183,1
DA:184,1
DA:185,1
DA:187,1
DA:188,1
DA:190,1
DA:191,0
DA:194,1
DA:195,0
DA:196,0
DA:197,0
DA:200,1
DA:204,2
DA:205,2
DA:210,2
DA:212,1
DA:213,0
DA:214,0
DA:215,0
DA:218,1
DA:219,2
DA:220,1
LF:113
LH:57
BRDA:25,0,0,1
BRDA:25,0,1,0
BRDA:26,1,0,0
BRDA:26,1,1,1
BRDA:40,2,0,0
BRDA:40,2,1,1
BRDA:48,3,0,0
BRDA:48,3,1,1
BRDA:58,4,0,0
BRDA:58,4,1,1
BRDA:62,5,0,0
BRDA:62,5,1,1
BRDA:76,6,0,0
BRDA:76,6,1,0
BRDA:76,7,0,0
BRDA:76,7,1,0
BRDA:82,8,0,0
BRDA:82,8,1,0
BRDA:96,9,0,0
BRDA:96,9,1,0
BRDA:104,10,0,0
BRDA:104,10,1,0
BRDA:106,11,0,0
BRDA:106,11,1,0
BRDA:106,12,0,0
BRDA:106,12,1,0
BRDA:111,13,0,0
BRDA:111,13,1,0
BRDA:126,14,0,0
BRDA:126,14,1,1
BRDA:126,15,0,1
BRDA:126,15,1,1
BRDA:139,16,0,0
BRDA:139,16,1,1
BRDA:154,17,0,0
BRDA:154,17,1,1
BRDA:159,18,0,2
BRDA:159,18,1,1
BRDA:161,19,0,0
BRDA:161,19,1,1
BRDA:171,20,0,0
BRDA:171,20,1,1
BRDA:190,21,0,0
BRDA:190,21,1,1
BRDA:194,22,0,0
BRDA:194,22,1,1
BRDA:207,23,0,2
BRDA:207,23,1,0
BRDA:210,24,0,2
BRDA:210,24,1,2
BRDA:212,25,0,0
BRDA:212,25,1,1
BRF:52
BRH:21
end_of_record
TN:
SF:menus\auswahlMenues.js
FN:5,rezeptSucheMenue
FN:28,(anonymous_1)
FN:41,rezeptAuswahlMenue
FN:56,(anonymous_3)
FN:72,(anonymous_4)
FN:73,(anonymous_5)
FN:81,rezeptListeMenue
FN:92,(anonymous_7)
FNF:8
FNH:6
FNDA:3,rezeptSucheMenue
FNDA:3,(anonymous_1)
FNDA:3,rezeptAuswahlMenue
FNDA:9,(anonymous_3)
FNDA:0,(anonymous_4)
FNDA:0,(anonymous_5)
FNDA:2,rezeptListeMenue
FNDA:4,(anonymous_7)
DA:6,3
DA:7,3
DA:9,3
DA:10,3
DA:11,0
DA:12,0
DA:13,0
DA:16,3
DA:22,3
DA:23,1
DA:27,2
DA:28,2
DA:29,3
DA:32,2
DA:33,1
DA:34,1
DA:35,1
DA:38,1
DA:42,3
DA:43,4
DA:44,4
DA:46,4
DA:47,4
DA:48,1
DA:49,1
DA:50,1
DA:53,3
DA:54,3
DA:56,3
DA:57,9
DA:60,3
DA:61,3
DA:62,2
DA:66,1
DA:67,1
DA:68,1
DA:71,0
DA:72,0
DA:73,0
DA:74,0
DA:77,0
DA:82,2
DA:83,4
DA:84,4
DA:86,4
DA:87,0
DA:88,0
DA:89,0
DA:92,4
DA:93,4
DA:95,4
DA:97,4
DA:98,4
DA:99,2
DA:103,2
DA:104,2
DA:105,2
LF:57
LH:46
BRDA:10,0,0,0
BRDA:10,0,1,3
BRDA:22,1,0,1
BRDA:22,1,1,2
BRDA:29,2,0,3
BRDA:29,2,1,3
BRDA:32,3,0,1
BRDA:32,3,1,1
BRDA:47,4,0,1
BRDA:47,4,1,3
BRDA:61,5,0,2
BRDA:61,5,1,1
BRDA:66,6,0,1
BRDA:66,6,1,0
BRDA:73,7,0,0
BRDA:73,7,1,0
BRDA:86,8,0,0
BRDA:86,8,1,4
BRDA:86,9,0,4
BRDA:86,9,1,4
BRDA:98,10,0,2
BRDA:98,10,1,2
BRF:22
BRH:17
end_of_record
TN:
SF:menus\hauptMenues.js
FN:9,hauptMenue
FN:39,rezepteBearbeitenMenue
FN:65,kiBeratungMenue
FNF:3
FNH:2
FNDA:4,hauptMenue
FNDA:0,rezepteBearbeitenMenue
FNDA:1,kiBeratungMenue
DA:10,4
DA:11,7
DA:12,7
DA:21,7
DA:24,7
DA:25,1
DA:26,6
DA:27,1
DA:28,5
DA:29,0
DA:30,5
DA:31,1
DA:32,4
DA:33,4
DA:34,4
DA:40,0
DA:41,0
DA:42,0
DA:50,0
DA:53,0
DA:54,0
DA:55,0
DA:56,0
DA:57,0
DA:58,0
DA:59,0
DA:60,0
DA:66,1
DA:67,1
LF:29
LH:16
BRDA:24,0,0,1
BRDA:24,0,1,6
BRDA:26,1,0,1
BRDA:26,1,1,5
BRDA:28,2,0,0
BRDA:28,2,1,5
BRDA:30,3,0,1
BRDA:30,3,1,4
BRDA:32,4,0,4
BRDA:32,4,1,0
BRDA:53,5,0,0
BRDA:53,5,1,0
BRDA:55,6,0,0
BRDA:55,6,1,0
BRDA:57,7,0,0
BRDA:57,7,1,0
BRDA:59,8,0,0
BRDA:59,8,1,0
BRF:18
BRH:8
end_of_record
TN:
SF:menus\rezeptVerwaltung.js
FN:12,rezeptLoeschenMenue
FN:23,(anonymous_1)
FN:60,rezeptHinzufuegenMenue
FN:81,(anonymous_3)
FN:92,(anonymous_4)
FN:122,(anonymous_5)
FN:123,(anonymous_6)
FN:213,rezeptVeraendernEinzelnMenue
FN:225,(anonymous_8)
FNF:9
FNH:8
FNDA:3,rezeptLoeschenMenue
FNDA:4,(anonymous_1)
FNDA:2,rezeptHinzufuegenMenue
FNDA:0,(anonymous_3)
FNDA:3,(anonymous_4)
FNDA:2,(anonymous_5)
FNDA:2,(anonymous_6)
FNDA:2,rezeptVeraendernEinzelnMenue
FNDA:2,(anonymous_8)
DA:13,3
DA:14,3
DA:16,3
DA:17,3
DA:18,1
DA:19,1
DA:20,1
DA:23,2
DA:24,4
DA:26,2
DA:28,2
DA:29,2
DA:30,0
DA:33,2
DA:34,2
DA:36,2
DA:37,3
DA:38,3
DA:39,1
DA:43,2
DA:44,1
DA:45,1
DA:46,1
DA:49,1
DA:50,1
DA:51,1
DA:52,1
DA:54,0
DA:57,1
DA:61,2
DA:62,2
DA:67,2
DA:69,2
DA:70,2
DA:71,2
DA:76,2
DA:77,1
DA:81,1
DA:82,1
DA:83,0
DA:84,0
DA:87,1
DA:90,1
DA:91,1
DA:92,1
DA:93,3
DA:95,1
DA:97,1
DA:98,1
DA:99,0
DA:100,0
DA:101,0
DA:103,1
DA:105,1
DA:110,1
DA:111,0
DA:114,1
DA:115,1
DA:116,1
DA:117,0
DA:120,1
DA:122,2
DA:123,2
DA:125,1
DA:126,1
DA:127,1
DA:129,1
DA:130,2
DA:131,2
DA:132,2
DA:133,2
DA:134,0
DA:136,2
DA:137,0
DA:141,2
DA:143,1
DA:144,0
DA:145,0
DA:147,1
DA:150,1
DA:155,1
DA:156,0
DA:159,1
DA:160,1
DA:163,1
DA:164,1
DA:165,1
DA:167,1
DA:168,2
DA:169,2
DA:170,2
DA:171,2
DA:172,0
DA:174,2
DA:175,0
DA:179,2
DA:181,1
DA:182,0
DA:183,0
DA:185,1
DA:188,1
DA:189,1
DA:192,1
DA:202,1
DA:203,1
DA:204,1
DA:205,1
DA:207,0
DA:210,1
DA:214,2
DA:215,3
DA:216,3
DA:218,3
DA:219,3
DA:220,1
DA:221,1
DA:222,1
DA:225,2
DA:226,2
DA:228,2
DA:230,2
DA:231,2
DA:232,1
DA:235,1
DA:236,1
LF:125
LH:106
BRDA:17,0,0,1
BRDA:17,0,1,2
BRDA:29,1,0,0
BRDA:29,1,1,2
BRDA:36,2,0,5
BRDA:36,2,1,4
BRDA:38,3,0,1
BRDA:38,3,1,2
BRDA:38,4,0,3
BRDA:38,4,1,2
BRDA:43,5,0,1
BRDA:43,5,1,1
BRDA:76,6,0,1
BRDA:76,6,1,1
BRDA:82,7,0,0
BRDA:82,7,1,1
BRDA:98,8,0,0
BRDA:98,8,1,1
BRDA:110,9,0,0
BRDA:110,9,1,1
BRDA:116,10,0,0
BRDA:116,10,1,1
BRDA:133,11,0,0
BRDA:133,11,1,2
BRDA:136,12,0,0
BRDA:136,12,1,2
BRDA:141,13,0,1
BRDA:141,13,1,1
BRDA:143,14,0,0
BRDA:143,14,1,1
BRDA:155,15,0,0
BRDA:155,15,1,1
BRDA:171,16,0,0
BRDA:171,16,1,2
BRDA:174,17,0,0
BRDA:174,17,1,2
BRDA:179,18,0,1
BRDA:179,18,1,1
BRDA:181,19,0,0
BRDA:181,19,1,1
BRDA:219,20,0,1
BRDA:219,20,1,2
BRDA:231,21,0,1
BRDA:231,21,1,1
BRF:44
BRH:32
end_of_record
TN:
SF:ui\anzeige.js
FN:3,zeigeZutatenListe
FN:5,(anonymous_1)
FN:10,zeigeArbeitsschritteListe
FN:12,(anonymous_3)
FN:17,holeKategorien
FN:20,(anonymous_5)
FN:25,(anonymous_6)
FN:34,(anonymous_7)
FN:37,zeigeRezeptDetails
FN:46,(anonymous_9)
FN:51,(anonymous_10)
FNF:11
FNH:11
FNDA:3,zeigeZutatenListe
FNDA:2,(anonymous_1)
FNDA:2,zeigeArbeitsschritteListe
FNDA:3,(anonymous_3)
FNDA:9,holeKategorien
FNDA:11,(anonymous_5)
FNDA:22,(anonymous_6)
FNDA:16,(anonymous_7)
FNDA:2,zeigeRezeptDetails
FNDA:2,(anonymous_9)
FNDA:2,(anonymous_10)
DA:4,3
DA:5,3
DA:6,2
DA:11,2
DA:12,2
DA:13,3
DA:18,9
DA:20,9
DA:21,11
DA:22,1
DA:25,10
DA:27,22
DA:28,18
DA:34,16
DA:38,2
DA:40,2
DA:41,2
DA:42,2
DA:43,2
DA:45,2
DA:46,2
DA:47,2
DA:50,2
DA:51,2
DA:52,2
LF:25
LH:25
BRDA:5,0,0,3
BRDA:5,0,1,1
BRDA:12,1,0,2
BRDA:12,1,1,0
BRDA:21,2,0,1
BRDA:21,2,1,10
BRDA:27,3,0,18
BRDA:27,3,1,4
BRDA:27,4,0,22
BRDA:27,4,1,20
BRDA:41,5,0,2
BRDA:41,5,1,1
BRDA:42,6,0,2
BRDA:42,6,1,1
BRDA:43,7,0,2
BRDA:43,7,1,1
BRDA:43,8,0,2
BRDA:43,8,1,1
BRDA:46,9,0,2
BRDA:46,9,1,0
BRDA:51,10,0,2
BRDA:51,10,1,0
BRF:22
BRH:19
end_of_record
TN:
SF:ui\eingabe.js
FN:7,holeReadline
FN:16,question
FN:23,(anonymous_2)
FN:26,(anonymous_3)
FN:31,(anonymous_4)
FN:31,(anonymous_5)
FN:42,(anonymous_6)
FN:43,(anonymous_7)
FN:56,leereKonsole
FN:60,warteAufEnter
FN:64,wurdeAbgebrochen
FN:75,fragePflichtfeld
FN:92,frageGanzzahl
FN:110,schliesseEingabe
FN:116,istInputGeschlossenFehler
FNF:15
FNH:13
FNDA:28,holeReadline
FNDA:28,question
FNDA:27,(anonymous_2)
FNDA:27,(anonymous_3)
FNDA:108,(anonymous_4)
FNDA:27,(anonymous_5)
FNDA:0,(anonymous_6)
FNDA:0,(anonymous_7)
FNDA:3,leereKonsole
FNDA:6,warteAufEnter
FNDA:12,wurdeAbgebrochen
FNDA:4,fragePflichtfeld
FNDA:6,frageGanzzahl
FNDA:2,schliesseEingabe
FNDA:6,istInputGeschlossenFehler
DA:4,2
DA:5,2
DA:9,28
DA:10,2
DA:13,28
DA:17,28
DA:19,28
DA:20,1
DA:23,27
DA:24,27
DA:26,27
DA:27,27
DA:28,27
DA:31,108
DA:33,27
DA:34,0
DA:37,27
DA:38,27
DA:39,27
DA:42,27
DA:43,27
DA:44,0
DA:45,0
DA:47,0
DA:50,27
DA:51,27
DA:52,27
DA:57,3
DA:61,6
DA:66,12
DA:67,4
DA:68,4
DA:69,4
DA:72,8
DA:76,4
DA:77,6
DA:79,6
DA:80,1
DA:83,5
DA:84,2
DA:85,2
DA:88,3
DA:93,6
DA:94,10
DA:95,10
DA:96,2
DA:97,2
DA:100,8
DA:101,8
DA:102,2
DA:103,2
DA:106,6
DA:111,2
DA:112,1
DA:117,6
LF:55
LH:51
BRDA:9,0,0,2
BRDA:9,0,1,26
BRDA:9,1,0,28
BRDA:9,1,1,27
BRDA:19,2,0,1
BRDA:19,2,1,27
BRDA:33,3,0,0
BRDA:33,3,1,27
BRDA:44,4,0,0
BRDA:44,4,1,0
BRDA:60,5,0,5
BRDA:66,6,0,4
BRDA:66,6,1,8
BRDA:66,7,0,12
BRDA:66,7,1,11
BRDA:79,8,0,1
BRDA:79,8,1,5
BRDA:83,9,0,2
BRDA:83,9,1,3
BRDA:95,10,0,2
BRDA:95,10,1,8
BRDA:101,11,0,2
BRDA:101,11,1,6
BRDA:101,12,0,8
BRDA:101,12,1,7
BRDA:111,13,0,1
BRDA:111,13,1,1
BRDA:111,14,0,2
BRDA:111,14,1,2
BRDA:117,15,0,6
BRDA:117,15,1,2
BRF:31
BRH:28
end_of_record
TN:
SF:ui\listenMenue.js
FN:3,bearbeiteListenMenue
FN:10,(anonymous_1)
FNF:2
FNH:2
FNDA:3,bearbeiteListenMenue
FNDA:5,(anonymous_1)
DA:4,3
DA:5,4
DA:6,4
DA:7,4
DA:8,4
DA:10,4
DA:11,5
DA:13,4
DA:15,4
DA:16,4
DA:17,2
DA:21,2
DA:22,2
DA:23,1
LF:14
LH:14
BRDA:16,0,0,2
BRDA:16,0,1,2
BRDA:22,1,0,1
BRDA:22,1,1,1
BRF:4
BRH:4
end_of_record
